#
# There is insufficient memory for the Java Runtime Environment to continue.
# Native memory allocation (mmap) failed to map 12582912 bytes for G1 virtual space
# Possible reasons:
#   The system is out of physical RAM or swap space
#   The process is running with CompressedOops enabled, and the Java Heap may be blocking the growth of the native heap
# Possible solutions:
#   Reduce memory load on the system
#   Increase physical memory or swap space
#   Check if swap backing store is full
#   Decrease Java heap size (-Xmx/-Xms)
#   Decrease number of Java threads
#   Decrease Java thread stack sizes (-Xss)
#   Set larger code cache with -XX:ReservedCodeCacheSize=
#   JVM is running with Zero Based Compressed Oops mode in which the Java heap is
#     placed in the first 32GB address space. The Java Heap base address is the
#     maximum limit for the native heap growth. Please use -XX:HeapBaseMinAddress
#     to set the Java Heap base and to place the Java Heap above 32GB virtual address.
# This output file may be truncated or incomplete.
#
#  Out of Memory Error (os_windows.cpp:3530), pid=14408, tid=17972
#
# JRE version: OpenJDK Runtime Environment (18.0.2+9) (build 18.0.2+9-61)
# Java VM: OpenJDK 64-Bit Server VM (18.0.2+9-61, mixed mode, emulated-client, sharing, tiered, compressed oops, compressed class ptrs, g1 gc, windows-amd64)
# No core dump will be written. Minidumps are not enabled by default on client versions of Windows
#

---------------  S U M M A R Y ------------

Command Line: -Dquarkus-internal.serialized-app-model.path=D:\Dev\Portfolio\quarkus_social\quarkus_social\target\quarkus\bootstrap\dev-app-model.dat -javaagent:C:\Users\rafal\.m2\repository\io\quarkus\quarkus-class-change-agent\3.6.7\quarkus-class-change-agent-3.6.7.jar -XX:TieredStopAtLevel=1 -agentlib:jdwp=transport=dt_socket,address=localhost:58543,server=y,suspend=n -Djava.util.logging.manager=org.jboss.logmanager.LogManager D:\Dev\Portfolio\quarkus_social\quarkus_social\target\quarkus_social-dev.jar

Host: Intel(R) Core(TM) i7-8550U CPU @ 1.80GHz, 8 cores, 11G,  Windows 11 , 64 bit Build 22000 (10.0.22000.2538)
Time: Thu Jan 25 00:23:01 2024 Hora oficial do Brasil elapsed time: 4.504091 seconds (0d 0h 0m 4s)

---------------  T H R E A D  ---------------

Current thread (0x000001d20e781e20):  VMThread "VM Thread" [stack: 0x00000038e7c00000,0x00000038e7d00000] [id=17972]

Stack: [0x00000038e7c00000,0x00000038e7d00000]
Native frames: (J=compiled Java code, j=interpreted, Vv=VM code, C=native code)
V  [jvm.dll+0x6993ca]
V  [jvm.dll+0x7f481d]
V  [jvm.dll+0x7f612e]
V  [jvm.dll+0x7f67e3]
V  [jvm.dll+0x25cdaf]
V  [jvm.dll+0x696319]
V  [jvm.dll+0x68ae4a]
V  [jvm.dll+0x3223eb]
V  [jvm.dll+0x329dc6]
V  [jvm.dll+0x37eade]
V  [jvm.dll+0x37ed0f]
V  [jvm.dll+0x2fa16a]
V  [jvm.dll+0x2fa217]
V  [jvm.dll+0x33e752]
V  [jvm.dll+0x33ccf4]
V  [jvm.dll+0x2fd6d7]
V  [jvm.dll+0x34e686]
V  [jvm.dll+0x7fb5cb]
V  [jvm.dll+0x7fc364]
V  [jvm.dll+0x7fc89c]
V  [jvm.dll+0x7fccf4]
V  [jvm.dll+0x7fcdb7]
V  [jvm.dll+0x7a125a]
V  [jvm.dll+0x698275]
C  [ucrtbase.dll+0x26c0c]
C  [KERNEL32.DLL+0x153e0]
C  [ntdll.dll+0x485b]

VM_Operation (0x00000038ea6f8570): CollectForMetadataAllocation, mode: safepoint, requested by thread 0x000001d2290a05a0


---------------  P R O C E S S  ---------------

Threads class SMR info:
_java_thread_list=0x000001d229ec14a0, length=97, elements={
0x000001d20e715510, 0x000001d222ce23a0, 0x000001d222ce7220, 0x000001d222d011b0,
0x000001d222d02a70, 0x000001d222d03410, 0x000001d222d03db0, 0x000001d222d06f10,
0x000001d222d10a50, 0x000001d20e7db090, 0x000001d222dabc40, 0x000001d222dac550,
0x000001d227630ab0, 0x000001d227632950, 0x000001d227634fa0, 0x000001d2276a13d0,
0x000001d2276a1890, 0x000001d2276a1f40, 0x000001d22770e190, 0x000001d2286e6050,
0x000001d2287b3010, 0x000001d2290fe020, 0x000001d228e41020, 0x000001d2294a6560,
0x000001d2290a0a70, 0x000001d2290a00d0, 0x000001d2290a0f40, 0x000001d2290a05a0,
0x000001d2290a1410, 0x000001d2290a18e0, 0x000001d2290a2750, 0x000001d2290a35c0,
0x000001d2290a1db0, 0x000001d2290a2280, 0x000001d2290a2c20, 0x000001d2290a30f0,
0x000001d2290a3a90, 0x000001d228e93850, 0x000001d228e91b70, 0x000001d228e95060,
0x000001d228e929e0, 0x000001d228e92510, 0x000001d228e93d20, 0x000001d228e92eb0,
0x000001d228e941f0, 0x000001d228e93380, 0x000001d228e96870, 0x000001d228e90d00,
0x000001d228e94b90, 0x000001d228e95530, 0x000001d228e92040, 0x000001d228e946c0,
0x000001d228e8f9c0, 0x000001d228e95a00, 0x000001d228e911d0, 0x000001d228e95ed0,
0x000001d228e916a0, 0x000001d228e963a0, 0x000001d228e90830, 0x000001d228e8f020,
0x000001d228e8f4f0, 0x000001d228e8fe90, 0x000001d228e90360, 0x000001d2295c81c0,
0x000001d2295c69b0, 0x000001d2295c5b40, 0x000001d2295c4cd0, 0x000001d2295c6010,
0x000001d2295cad10, 0x000001d2295c6e80, 0x000001d2295c8b60, 0x000001d2295ca840,
0x000001d2295c51a0, 0x000001d2295c3990, 0x000001d2295c9030, 0x000001d2295c4330,
0x000001d2295c64e0, 0x000001d2295c7820, 0x000001d2295cb1e0, 0x000001d2295c5670,
0x000001d2295c7cf0, 0x000001d2295c8690, 0x000001d2295c9500, 0x000001d2295c99d0,
0x000001d2295ca370, 0x000001d2295c3e60, 0x000001d22967df20, 0x000001d229680a70,
0x000001d22967fc00, 0x000001d22967f260, 0x000001d229683a90, 0x000001d229681410,
0x000001d229683f60, 0x000001d22967e3f0, 0x000001d229684dd0, 0x000001d229684900,
0x000001d229684430
}

Java Threads: ( => current thread )
  0x000001d20e715510 JavaThread "main" [_thread_blocked, id=15804, stack(0x00000038e7600000,0x00000038e7700000)]
  0x000001d222ce23a0 JavaThread "Reference Handler" daemon [_thread_blocked, id=16000, stack(0x00000038e7d00000,0x00000038e7e00000)]
  0x000001d222ce7220 JavaThread "Finalizer" daemon [_thread_blocked, id=15600, stack(0x00000038e7e00000,0x00000038e7f00000)]
  0x000001d222d011b0 JavaThread "Signal Dispatcher" daemon [_thread_blocked, id=14288, stack(0x00000038e7f00000,0x00000038e8000000)]
  0x000001d222d02a70 JavaThread "Attach Listener" daemon [_thread_blocked, id=6564, stack(0x00000038e8000000,0x00000038e8100000)]
  0x000001d222d03410 JavaThread "Service Thread" daemon [_thread_blocked, id=16872, stack(0x00000038e8100000,0x00000038e8200000)]
  0x000001d222d03db0 JavaThread "Monitor Deflation Thread" daemon [_thread_blocked, id=6356, stack(0x00000038e8200000,0x00000038e8300000)]
  0x000001d222d06f10 JavaThread "C1 CompilerThread0" daemon [_thread_blocked, id=15816, stack(0x00000038e8300000,0x00000038e8400000)]
  0x000001d222d10a50 JavaThread "Sweeper thread" daemon [_thread_blocked, id=7516, stack(0x00000038e8400000,0x00000038e8500000)]
  0x000001d20e7db090 JavaThread "Common-Cleaner" daemon [_thread_blocked, id=6988, stack(0x00000038e8500000,0x00000038e8600000)]
  0x000001d222dabc40 JavaThread "C1 CompilerThread1" daemon [_thread_blocked, id=8816, stack(0x00000038e8600000,0x00000038e8700000)]
  0x000001d222dac550 JavaThread "C1 CompilerThread2" daemon [_thread_blocked, id=9544, stack(0x00000038e8700000,0x00000038e8800000)]
  0x000001d227630ab0 JavaThread "JDWP Transport Listener: dt_socket" daemon [_thread_in_native, id=16320, stack(0x00000038e8800000,0x00000038e8900000)]
  0x000001d227632950 JavaThread "JDWP Event Helper Thread" daemon [_thread_blocked, id=5344, stack(0x00000038e8900000,0x00000038e8a00000)]
  0x000001d227634fa0 JavaThread "Notification Thread" daemon [_thread_blocked, id=6528, stack(0x00000038e8a00000,0x00000038e8b00000)]
  0x000001d2276a13d0 JavaThread "Reference Reaper #1" daemon [_thread_blocked, id=9232, stack(0x00000038e8c00000,0x00000038e8d00000)]
  0x000001d2276a1890 JavaThread "Reference Reaper #2" daemon [_thread_blocked, id=4324, stack(0x00000038e8d00000,0x00000038e8e00000)]
  0x000001d2276a1f40 JavaThread "Reference Reaper #3" daemon [_thread_blocked, id=6332, stack(0x00000038e8e00000,0x00000038e8f00000)]
  0x000001d22770e190 JavaThread "C1 CompilerThread3" daemon [_thread_blocked, id=6560, stack(0x00000038e8f00000,0x00000038e9000000)]
  0x000001d2286e6050 JavaThread "Quarkus Devmode keep alive thread" [_thread_blocked, id=13400, stack(0x00000038e9800000,0x00000038e9900000)]
  0x000001d2287b3010 JavaThread "ForkJoinPool.commonPool-worker-1" daemon [_thread_blocked, id=2404, stack(0x00000038e9f00000,0x00000038ea000000)]
  0x000001d2290fe020 JavaThread "build-2" [_thread_blocked, id=4004, stack(0x00000038ea000000,0x00000038ea100000)]
  0x000001d228e41020 JavaThread "build-3" [_thread_blocked, id=15996, stack(0x00000038ea100000,0x00000038ea200000)]
  0x000001d2294a6560 JavaThread "build-4" [_thread_blocked, id=16896, stack(0x00000038ea200000,0x00000038ea300000)]
  0x000001d2290a0a70 JavaThread "build-5" [_thread_blocked, id=16696, stack(0x00000038ea300000,0x00000038ea400000)]
  0x000001d2290a00d0 JavaThread "build-6" [_thread_blocked, id=16912, stack(0x00000038ea400000,0x00000038ea500000)]
  0x000001d2290a0f40 JavaThread "build-7" [_thread_blocked, id=7048, stack(0x00000038ea500000,0x00000038ea600000)]
  0x000001d2290a05a0 JavaThread "build-8" [_thread_blocked, id=9316, stack(0x00000038ea600000,0x00000038ea700000)]
  0x000001d2290a1410 JavaThread "build-9" [_thread_blocked, id=8796, stack(0x00000038ea700000,0x00000038ea800000)]
  0x000001d2290a18e0 JavaThread "build-10" [_thread_blocked, id=4488, stack(0x00000038ea800000,0x00000038ea900000)]
  0x000001d2290a2750 JavaThread "build-11" [_thread_blocked, id=12196, stack(0x00000038ea900000,0x00000038eaa00000)]
  0x000001d2290a35c0 JavaThread "build-12" [_thread_blocked, id=15436, stack(0x00000038eaa00000,0x00000038eab00000)]
  0x000001d2290a1db0 JavaThread "build-13" [_thread_blocked, id=17700, stack(0x00000038eab00000,0x00000038eac00000)]
  0x000001d2290a2280 JavaThread "build-14" [_thread_blocked, id=12256, stack(0x00000038eac00000,0x00000038ead00000)]
  0x000001d2290a2c20 JavaThread "build-15" [_thread_blocked, id=8180, stack(0x00000038ead00000,0x00000038eae00000)]
  0x000001d2290a30f0 JavaThread "build-16" [_thread_blocked, id=14076, stack(0x00000038eae00000,0x00000038eaf00000)]
  0x000001d2290a3a90 JavaThread "build-17" [_thread_blocked, id=14580, stack(0x00000038eaf00000,0x00000038eb000000)]
  0x000001d228e93850 JavaThread "build-18" [_thread_blocked, id=9348, stack(0x00000038eb000000,0x00000038eb100000)]
  0x000001d228e91b70 JavaThread "build-19" [_thread_blocked, id=8164, stack(0x00000038eb100000,0x00000038eb200000)]
  0x000001d228e95060 JavaThread "build-20" [_thread_blocked, id=17604, stack(0x00000038eb200000,0x00000038eb300000)]
  0x000001d228e929e0 JavaThread "build-21" [_thread_blocked, id=17512, stack(0x00000038eb300000,0x00000038eb400000)]
  0x000001d228e92510 JavaThread "build-22" [_thread_blocked, id=12188, stack(0x00000038eb400000,0x00000038eb500000)]
  0x000001d228e93d20 JavaThread "build-23" [_thread_blocked, id=14672, stack(0x00000038eb500000,0x00000038eb600000)]
  0x000001d228e92eb0 JavaThread "build-24" [_thread_blocked, id=15648, stack(0x00000038eb600000,0x00000038eb700000)]
  0x000001d228e941f0 JavaThread "build-25" [_thread_blocked, id=17960, stack(0x00000038eb700000,0x00000038eb800000)]
  0x000001d228e93380 JavaThread "build-26" [_thread_blocked, id=11768, stack(0x00000038eb800000,0x00000038eb900000)]
  0x000001d228e96870 JavaThread "build-27" [_thread_blocked, id=8860, stack(0x00000038eb900000,0x00000038eba00000)]
  0x000001d228e90d00 JavaThread "build-28" [_thread_blocked, id=15848, stack(0x00000038eba00000,0x00000038ebb00000)]
  0x000001d228e94b90 JavaThread "build-29" [_thread_blocked, id=14880, stack(0x00000038ebb00000,0x00000038ebc00000)]
  0x000001d228e95530 JavaThread "build-30" [_thread_blocked, id=2972, stack(0x00000038ebc00000,0x00000038ebd00000)]
  0x000001d228e92040 JavaThread "build-31" [_thread_blocked, id=1916, stack(0x00000038ebd00000,0x00000038ebe00000)]
  0x000001d228e946c0 JavaThread "build-32" [_thread_blocked, id=7720, stack(0x00000038ebe00000,0x00000038ebf00000)]
  0x000001d228e8f9c0 JavaThread "build-33" [_thread_blocked, id=17392, stack(0x00000038ebf00000,0x00000038ec000000)]
  0x000001d228e95a00 JavaThread "build-34" [_thread_blocked, id=11828, stack(0x00000038ec000000,0x00000038ec100000)]
  0x000001d228e911d0 JavaThread "build-35" [_thread_blocked, id=16628, stack(0x00000038ec100000,0x00000038ec200000)]
  0x000001d228e95ed0 JavaThread "build-36" [_thread_blocked, id=6320, stack(0x00000038ec200000,0x00000038ec300000)]
  0x000001d228e916a0 JavaThread "build-37" [_thread_blocked, id=18416, stack(0x00000038ec300000,0x00000038ec400000)]
  0x000001d228e963a0 JavaThread "build-38" [_thread_blocked, id=15020, stack(0x00000038ec400000,0x00000038ec500000)]
  0x000001d228e90830 JavaThread "build-39" [_thread_blocked, id=14092, stack(0x00000038ec500000,0x00000038ec600000)]
  0x000001d228e8f020 JavaThread "build-40" [_thread_blocked, id=2924, stack(0x00000038ec600000,0x00000038ec700000)]
  0x000001d228e8f4f0 JavaThread "build-41" [_thread_blocked, id=16768, stack(0x00000038ec700000,0x00000038ec800000)]
  0x000001d228e8fe90 JavaThread "build-42" [_thread_blocked, id=8448, stack(0x00000038ec800000,0x00000038ec900000)]
  0x000001d228e90360 JavaThread "build-43" [_thread_blocked, id=14356, stack(0x00000038ec900000,0x00000038eca00000)]
  0x000001d2295c81c0 JavaThread "build-44" [_thread_blocked, id=10044, stack(0x00000038eca00000,0x00000038ecb00000)]
  0x000001d2295c69b0 JavaThread "build-45" [_thread_blocked, id=16044, stack(0x00000038ecb00000,0x00000038ecc00000)]
  0x000001d2295c5b40 JavaThread "build-46" [_thread_blocked, id=17028, stack(0x00000038ecc00000,0x00000038ecd00000)]
  0x000001d2295c4cd0 JavaThread "build-47" [_thread_blocked, id=9688, stack(0x00000038ecd00000,0x00000038ece00000)]
  0x000001d2295c6010 JavaThread "build-48" [_thread_blocked, id=8256, stack(0x00000038ece00000,0x00000038ecf00000)]
  0x000001d2295cad10 JavaThread "build-49" [_thread_blocked, id=2608, stack(0x00000038ecf00000,0x00000038ed000000)]
  0x000001d2295c6e80 JavaThread "build-50" [_thread_blocked, id=12012, stack(0x00000038ed000000,0x00000038ed100000)]
  0x000001d2295c8b60 JavaThread "build-51" [_thread_blocked, id=18196, stack(0x00000038ed100000,0x00000038ed200000)]
  0x000001d2295ca840 JavaThread "build-52" [_thread_blocked, id=17428, stack(0x00000038ed200000,0x00000038ed300000)]
  0x000001d2295c51a0 JavaThread "build-53" [_thread_blocked, id=16704, stack(0x00000038ed300000,0x00000038ed400000)]
  0x000001d2295c3990 JavaThread "build-54" [_thread_blocked, id=6072, stack(0x00000038ed400000,0x00000038ed500000)]
  0x000001d2295c9030 JavaThread "build-55" [_thread_blocked, id=14816, stack(0x00000038ed500000,0x00000038ed600000)]
  0x000001d2295c4330 JavaThread "build-56" [_thread_blocked, id=12744, stack(0x00000038ed600000,0x00000038ed700000)]
  0x000001d2295c64e0 JavaThread "build-57" [_thread_blocked, id=17796, stack(0x00000038ed700000,0x00000038ed800000)]
  0x000001d2295c7820 JavaThread "build-58" [_thread_blocked, id=7884, stack(0x00000038ed800000,0x00000038ed900000)]
  0x000001d2295cb1e0 JavaThread "build-59" [_thread_blocked, id=17552, stack(0x00000038ed900000,0x00000038eda00000)]
  0x000001d2295c5670 JavaThread "build-60" [_thread_blocked, id=17620, stack(0x00000038eda00000,0x00000038edb00000)]
  0x000001d2295c7cf0 JavaThread "build-61" [_thread_blocked, id=8904, stack(0x00000038edb00000,0x00000038edc00000)]
  0x000001d2295c8690 JavaThread "build-62" [_thread_blocked, id=13152, stack(0x00000038edc00000,0x00000038edd00000)]
  0x000001d2295c9500 JavaThread "build-63" [_thread_blocked, id=17600, stack(0x00000038edd00000,0x00000038ede00000)]
  0x000001d2295c99d0 JavaThread "build-64" [_thread_blocked, id=6408, stack(0x00000038ede00000,0x00000038edf00000)]
  0x000001d2295ca370 JavaThread "build-65" [_thread_blocked, id=1200, stack(0x00000038edf00000,0x00000038ee000000)]
  0x000001d2295c3e60 JavaThread "build-66" [_thread_blocked, id=14072, stack(0x00000038ee000000,0x00000038ee100000)]
  0x000001d22967df20 JavaThread "build-67" [_thread_blocked, id=15812, stack(0x00000038ee100000,0x00000038ee200000)]
  0x000001d229680a70 JavaThread "build-68" [_thread_blocked, id=7664, stack(0x00000038ee200000,0x00000038ee300000)]
  0x000001d22967fc00 JavaThread "org.aesh.readline.terminal.impl.WinExternalTerminal@1df9e682 input pump thread" daemon [_thread_in_native, id=1600, stack(0x00000038ee300000,0x00000038ee400000)]
  0x000001d22967f260 JavaThread "Aesh InputStream Reader" daemon [_thread_blocked, id=17940, stack(0x00000038ee400000,0x00000038ee500000)]
  0x000001d229683a90 JavaThread "Quarkus Terminal Reader" daemon [_thread_blocked, id=15460, stack(0x00000038ee500000,0x00000038ee600000)]
  0x000001d229681410 JavaThread "H2 TCP Server (tcp://192.168.0.99:58548)" [_thread_in_native, id=11068, stack(0x00000038ee700000,0x00000038ee800000)]
  0x000001d229683f60 JavaThread "build-69" [_thread_blocked, id=15412, stack(0x00000038ee900000,0x00000038eea00000)]
  0x000001d22967e3f0 JavaThread "build-70" [_thread_blocked, id=12088, stack(0x00000038eea00000,0x00000038eeb00000)]
  0x000001d229684dd0 JavaThread "build-71" [_thread_blocked, id=7044, stack(0x00000038eeb00000,0x00000038eec00000)]
  0x000001d229684900 JavaThread "build-72" [_thread_blocked, id=5312, stack(0x00000038eec00000,0x00000038eed00000)]
  0x000001d229684430 JavaThread "build-73" [_thread_blocked, id=7880, stack(0x00000038eed00000,0x00000038eee00000)]

Other Threads:
=>0x000001d20e781e20 VMThread "VM Thread" [stack: 0x00000038e7c00000,0x00000038e7d00000] [id=17972]
  0x000001d20e716280 WatcherThread "VM Periodic Task Thread" [stack: 0x00000038e8b00000,0x00000038e8c00000] [id=17196]
  0x000001d20e771150 WorkerThread "GC Thread#0" [stack: 0x00000038e7700000,0x00000038e7800000] [id=13768]
  0x000001d222ced090 WorkerThread "GC Thread#1" [stack: 0x00000038e9000000,0x00000038e9100000] [id=4648]
  0x000001d222ceb8f0 WorkerThread "GC Thread#2" [stack: 0x00000038e9100000,0x00000038e9200000] [id=15348]
  0x000001d222ced330 WorkerThread "GC Thread#3" [stack: 0x00000038e9200000,0x00000038e9300000] [id=17560]
  0x000001d222cec0d0 WorkerThread "GC Thread#4" [stack: 0x00000038e9300000,0x00000038e9400000] [id=18220]
  0x000001d222cec370 WorkerThread "GC Thread#5" [stack: 0x00000038e9400000,0x00000038e9500000] [id=17608]
  0x000001d222cecdf0 WorkerThread "GC Thread#6" [stack: 0x00000038e9500000,0x00000038e9600000] [id=17244]
  0x000001d222cebe30 WorkerThread "GC Thread#7" [stack: 0x00000038e9900000,0x00000038e9a00000] [id=6740]
  0x000001d20c5cdf90 ConcurrentGCThread "G1 Main Marker" [stack: 0x00000038e7800000,0x00000038e7900000] [id=5476]
  0x000001d20c5ce980 WorkerThread "G1 Conc#0" [stack: 0x00000038e7900000,0x00000038e7a00000] [id=14572]
  0x000001d228d09610 WorkerThread "G1 Conc#1" [stack: 0x00000038ee600000,0x00000038ee700000] [id=17536]
  0x000001d20e7c2fa0 ConcurrentGCThread "G1 Refine#0" [stack: 0x00000038e7a00000,0x00000038e7b00000] [id=9492]
  0x000001d227880610 ConcurrentGCThread "G1 Refine#1" [stack: 0x00000038e9600000,0x00000038e9700000] [id=8420]
  0x000001d2283955d0 ConcurrentGCThread "G1 Refine#2" [stack: 0x00000038e9700000,0x00000038e9800000] [id=17652]
  0x000001d2287435c0 ConcurrentGCThread "G1 Refine#3" [stack: 0x00000038e9a00000,0x00000038e9b00000] [id=3796]
  0x000001d2285a71d0 ConcurrentGCThread "G1 Refine#4" [stack: 0x00000038e9b00000,0x00000038e9c00000] [id=14520]
  0x000001d2283960b0 ConcurrentGCThread "G1 Refine#5" [stack: 0x00000038e9c00000,0x00000038e9d00000] [id=16596]
  0x000001d228396380 ConcurrentGCThread "G1 Refine#6" [stack: 0x00000038e9d00000,0x00000038e9e00000] [id=6588]
  0x000001d228767c30 ConcurrentGCThread "G1 Refine#7" [stack: 0x00000038e9e00000,0x00000038e9f00000] [id=15868]
  0x000001d20e7c38b0 ConcurrentGCThread "G1 Service" [stack: 0x00000038e7b00000,0x00000038e7c00000] [id=11468]

Threads with active compile tasks:

VM state: at safepoint (normal execution)

VM Mutex/Monitor currently owned by a thread:  ([mutex/lock_event])
[0x000001d20e714430] Threads_lock - owner thread: 0x000001d20e781e20
[0x000001d20e7136b0] Heap_lock - owner thread: 0x000001d2290a05a0

Heap address: 0x0000000741600000, size: 3050 MB, Compressed Oops mode: Zero based, Oop shift amount: 3

CDS archive(s) mapped at: [0x0000000800000000-0x0000000800ba0000-0x0000000800ba0000), size 12189696, SharedBaseAddress: 0x0000000800000000, ArchiveRelocationMode: 0.
Compressed class space mapped at: 0x0000000800c00000-0x0000000840c00000, reserved size: 1073741824
Narrow klass base: 0x0000000800000000, Narrow klass shift: 0, Narrow klass range: 0x100000000

GC Precious Log:
 CardTable entry size: 512
 Card Set container configuration: InlinePtr #cards 4 size 8 Array Of Cards #cards 16 size 48 Howl #buckets 8 coarsen threshold 3686 Howl Bitmap #cards 512 size 80 coarsen threshold 460 Card regions per heap region 1 cards per card region 4096
 CPUs: 8 total, 8 available
 Memory: 12197M
 Large Page Support: Disabled
 NUMA Support: Disabled
 Compressed Oops: Enabled (Zero based)
 Heap Region Size: 2M
 Heap Min Capacity: 8M
 Heap Initial Capacity: 192M
 Heap Max Capacity: 3050M
 Pre-touch: Disabled
 Parallel Workers: 8
 Concurrent Workers: 2
 Concurrent Refinement Workers: 8
 Periodic GC: Disabled

Heap:
 garbage-first heap   total 286720K, used 72091K [0x0000000741600000, 0x0000000800000000)
  region size 2048K, 1 young (2048K), 1 survivors (2048K)
 Metaspace       used 37053K, committed 38528K, reserved 1114112K
  class space    used 5101K, committed 5888K, reserved 1048576K

Heap Regions: E=young(eden), S=young(survivor), O=old, HS=humongous(starts), HC=humongous(continues), CS=collection set, F=free, OA=open archive, CA=closed archive, TAMS=top-at-mark-start (previous, next)
|   0|0x0000000741600000, 0x0000000741800000, 0x0000000741800000|100%| O|  |TAMS 0x0000000741800000, 0x0000000741800000| Untracked 
|   1|0x0000000741800000, 0x0000000741a00000, 0x0000000741a00000|100%| O|  |TAMS 0x0000000741a00000, 0x0000000741a00000| Untracked 
|   2|0x0000000741a00000, 0x0000000741c00000, 0x0000000741c00000|100%| O|  |TAMS 0x0000000741c00000, 0x0000000741c00000| Untracked 
|   3|0x0000000741c00000, 0x0000000741e00000, 0x0000000741e00000|100%| O|  |TAMS 0x0000000741e00000, 0x0000000741e00000| Untracked 
|   4|0x0000000741e00000, 0x0000000742000000, 0x0000000742000000|100%|HS|  |TAMS 0x0000000742000000, 0x0000000742000000| Complete 
|   5|0x0000000742000000, 0x0000000742200000, 0x0000000742200000|100%| O|  |TAMS 0x0000000742200000, 0x0000000742200000| Untracked 
|   6|0x0000000742200000, 0x0000000742400000, 0x0000000742400000|100%| O|  |TAMS 0x0000000742400000, 0x0000000742400000| Untracked 
|   7|0x0000000742400000, 0x0000000742600000, 0x0000000742600000|100%| O|  |TAMS 0x0000000742600000, 0x0000000742600000| Untracked 
|   8|0x0000000742600000, 0x0000000742800000, 0x0000000742800000|100%| O|  |TAMS 0x0000000742800000, 0x0000000742800000| Untracked 
|   9|0x0000000742800000, 0x0000000742a00000, 0x0000000742a00000|100%| O|  |TAMS 0x0000000742a00000, 0x0000000742a00000| Untracked 
|  10|0x0000000742a00000, 0x0000000742c00000, 0x0000000742c00000|100%| O|  |TAMS 0x0000000742c00000, 0x0000000742c00000| Untracked 
|  11|0x0000000742c00000, 0x0000000742e00000, 0x0000000742e00000|100%| O|  |TAMS 0x0000000742e00000, 0x0000000742e00000| Untracked 
|  12|0x0000000742e00000, 0x0000000742e00000, 0x0000000743000000|  0%| F|  |TAMS 0x0000000742e00000, 0x0000000742e00000| Untracked 
|  13|0x0000000743000000, 0x0000000743200000, 0x0000000743200000|100%| O|  |TAMS 0x0000000743200000, 0x0000000743200000| Untracked 
|  14|0x0000000743200000, 0x0000000743400000, 0x0000000743400000|100%| O|  |TAMS 0x0000000743400000, 0x0000000743400000| Untracked 
|  15|0x0000000743400000, 0x0000000743600000, 0x0000000743600000|100%| O|  |TAMS 0x0000000743600000, 0x0000000743600000| Untracked 
|  16|0x0000000743600000, 0x0000000743800000, 0x0000000743800000|100%| O|  |TAMS 0x0000000743800000, 0x0000000743800000| Untracked 
|  17|0x0000000743800000, 0x0000000743a00000, 0x0000000743a00000|100%| O|  |TAMS 0x0000000743a00000, 0x0000000743a00000| Untracked 
|  18|0x0000000743a00000, 0x0000000743c00000, 0x0000000743c00000|100%| O|  |TAMS 0x0000000743c00000, 0x0000000743c00000| Untracked 
|  19|0x0000000743c00000, 0x0000000743e00000, 0x0000000743e00000|100%| O|  |TAMS 0x0000000743e00000, 0x0000000743e00000| Untracked 
|  20|0x0000000743e00000, 0x0000000744000000, 0x0000000744000000|100%| O|  |TAMS 0x0000000744000000, 0x0000000744000000| Untracked 
|  21|0x0000000744000000, 0x0000000744200000, 0x0000000744200000|100%| O|  |TAMS 0x0000000744200000, 0x0000000744200000| Untracked 
|  22|0x0000000744200000, 0x0000000744400000, 0x0000000744400000|100%| O|  |TAMS 0x0000000744400000, 0x0000000744400000| Untracked 
|  23|0x0000000744400000, 0x0000000744600000, 0x0000000744600000|100%| O|  |TAMS 0x0000000744600000, 0x0000000744600000| Untracked 
|  24|0x0000000744600000, 0x0000000744800000, 0x0000000744800000|100%| O|  |TAMS 0x0000000744800000, 0x0000000744800000| Untracked 
|  25|0x0000000744800000, 0x0000000744a00000, 0x0000000744a00000|100%| O|  |TAMS 0x0000000744817000, 0x0000000744a00000| Untracked 
|  26|0x0000000744a00000, 0x0000000744c00000, 0x0000000744c00000|100%| O|  |TAMS 0x0000000744a00000, 0x0000000744c00000| Untracked 
|  27|0x0000000744c00000, 0x0000000744e00000, 0x0000000744e00000|100%| O|  |TAMS 0x0000000744c00000, 0x0000000744e00000| Untracked 
|  28|0x0000000744e00000, 0x0000000745000000, 0x0000000745000000|100%| O|  |TAMS 0x0000000744e00000, 0x0000000745000000| Untracked 
|  29|0x0000000745000000, 0x0000000745200000, 0x0000000745200000|100%| O|  |TAMS 0x0000000745000000, 0x0000000745200000| Untracked 
|  30|0x0000000745200000, 0x0000000745400000, 0x0000000745400000|100%| O|  |TAMS 0x0000000745200000, 0x0000000745400000| Untracked 
|  31|0x0000000745400000, 0x0000000745562200, 0x0000000745600000| 69%| O|  |TAMS 0x0000000745400000, 0x0000000745562200| Untracked 
|  32|0x0000000745600000, 0x0000000745800000, 0x0000000745800000|100%| O|  |TAMS 0x0000000745600000, 0x0000000745800000| Untracked 
|  33|0x0000000745800000, 0x0000000745a00000, 0x0000000745a00000|100%| O|  |TAMS 0x0000000745800000, 0x0000000745a00000| Untracked 
|  34|0x0000000745a00000, 0x0000000745c00000, 0x0000000745c00000|100%| O|  |TAMS 0x0000000745a00000, 0x0000000745c00000| Untracked 
|  35|0x0000000745c00000, 0x0000000745e00000, 0x0000000745e00000|100%| O|  |TAMS 0x0000000745c00000, 0x0000000745e00000| Untracked 
|  36|0x0000000745e00000, 0x0000000745e00000, 0x0000000746000000|  0%| F|  |TAMS 0x0000000745e00000, 0x0000000745e00000| Untracked 
|  37|0x0000000746000000, 0x0000000746000000, 0x0000000746200000|  0%| F|  |TAMS 0x0000000746000000, 0x0000000746000000| Untracked 
|  38|0x0000000746200000, 0x0000000746200000, 0x0000000746400000|  0%| F|  |TAMS 0x0000000746200000, 0x0000000746200000| Untracked 
|  39|0x0000000746400000, 0x0000000746400000, 0x0000000746600000|  0%| F|  |TAMS 0x0000000746400000, 0x0000000746400000| Untracked 
|  40|0x0000000746600000, 0x0000000746600000, 0x0000000746800000|  0%| F|  |TAMS 0x0000000746600000, 0x0000000746600000| Untracked 
|  41|0x0000000746800000, 0x0000000746800000, 0x0000000746a00000|  0%| F|  |TAMS 0x0000000746800000, 0x0000000746800000| Untracked 
|  42|0x0000000746a00000, 0x0000000746a00000, 0x0000000746c00000|  0%| F|  |TAMS 0x0000000746a00000, 0x0000000746a00000| Untracked 
|  43|0x0000000746c00000, 0x0000000746c00000, 0x0000000746e00000|  0%| F|  |TAMS 0x0000000746c00000, 0x0000000746c00000| Untracked 
|  44|0x0000000746e00000, 0x0000000746e00000, 0x0000000747000000|  0%| F|  |TAMS 0x0000000746e00000, 0x0000000746e00000| Untracked 
|  45|0x0000000747000000, 0x0000000747000000, 0x0000000747200000|  0%| F|  |TAMS 0x0000000747000000, 0x0000000747000000| Untracked 
|  46|0x0000000747200000, 0x0000000747200000, 0x0000000747400000|  0%| F|  |TAMS 0x0000000747200000, 0x0000000747200000| Untracked 
|  47|0x0000000747400000, 0x0000000747400000, 0x0000000747600000|  0%| F|  |TAMS 0x0000000747400000, 0x0000000747400000| Untracked 
|  48|0x0000000747600000, 0x0000000747600000, 0x0000000747800000|  0%| F|  |TAMS 0x0000000747600000, 0x0000000747600000| Untracked 
|  49|0x0000000747800000, 0x0000000747800000, 0x0000000747a00000|  0%| F|  |TAMS 0x0000000747800000, 0x0000000747800000| Untracked 
|  50|0x0000000747a00000, 0x0000000747a00000, 0x0000000747c00000|  0%| F|  |TAMS 0x0000000747a00000, 0x0000000747a00000| Untracked 
|  51|0x0000000747c00000, 0x0000000747c00000, 0x0000000747e00000|  0%| F|  |TAMS 0x0000000747c00000, 0x0000000747c00000| Untracked 
|  52|0x0000000747e00000, 0x0000000747e00000, 0x0000000748000000|  0%| F|  |TAMS 0x0000000747e00000, 0x0000000747e00000| Untracked 
|  53|0x0000000748000000, 0x0000000748000000, 0x0000000748200000|  0%| F|  |TAMS 0x0000000748000000, 0x0000000748000000| Untracked 
|  54|0x0000000748200000, 0x0000000748200000, 0x0000000748400000|  0%| F|  |TAMS 0x0000000748200000, 0x0000000748200000| Untracked 
|  55|0x0000000748400000, 0x0000000748400000, 0x0000000748600000|  0%| F|  |TAMS 0x0000000748400000, 0x0000000748400000| Untracked 
|  56|0x0000000748600000, 0x0000000748600000, 0x0000000748800000|  0%| F|  |TAMS 0x0000000748600000, 0x0000000748600000| Untracked 
|  57|0x0000000748800000, 0x0000000748800000, 0x0000000748a00000|  0%| F|  |TAMS 0x0000000748800000, 0x0000000748800000| Untracked 
|  58|0x0000000748a00000, 0x0000000748a00000, 0x0000000748c00000|  0%| F|  |TAMS 0x0000000748a00000, 0x0000000748a00000| Untracked 
|  59|0x0000000748c00000, 0x0000000748c00000, 0x0000000748e00000|  0%| F|  |TAMS 0x0000000748c00000, 0x0000000748c00000| Untracked 
|  60|0x0000000748e00000, 0x0000000748e00000, 0x0000000749000000|  0%| F|  |TAMS 0x0000000748e00000, 0x0000000748e00000| Untracked 
|  61|0x0000000749000000, 0x0000000749000000, 0x0000000749200000|  0%| F|  |TAMS 0x0000000749000000, 0x0000000749000000| Untracked 
|  62|0x0000000749200000, 0x0000000749200000, 0x0000000749400000|  0%| F|  |TAMS 0x0000000749200000, 0x0000000749200000| Untracked 
|  63|0x0000000749400000, 0x0000000749400000, 0x0000000749600000|  0%| F|  |TAMS 0x0000000749400000, 0x0000000749400000| Untracked 
|  64|0x0000000749600000, 0x0000000749600000, 0x0000000749800000|  0%| F|  |TAMS 0x0000000749600000, 0x0000000749600000| Untracked 
|  65|0x0000000749800000, 0x0000000749800000, 0x0000000749a00000|  0%| F|  |TAMS 0x0000000749800000, 0x0000000749800000| Untracked 
|  66|0x0000000749a00000, 0x0000000749a00000, 0x0000000749c00000|  0%| F|  |TAMS 0x0000000749a00000, 0x0000000749a00000| Untracked 
|  67|0x0000000749c00000, 0x0000000749c00000, 0x0000000749e00000|  0%| F|  |TAMS 0x0000000749c00000, 0x0000000749c00000| Untracked 
|  68|0x0000000749e00000, 0x0000000749e00000, 0x000000074a000000|  0%| F|  |TAMS 0x0000000749e00000, 0x0000000749e00000| Untracked 
|  69|0x000000074a000000, 0x000000074a000000, 0x000000074a200000|  0%| F|  |TAMS 0x000000074a000000, 0x000000074a000000| Untracked 
|  70|0x000000074a200000, 0x000000074a200000, 0x000000074a400000|  0%| F|  |TAMS 0x000000074a200000, 0x000000074a200000| Untracked 
|  71|0x000000074a400000, 0x000000074a400000, 0x000000074a600000|  0%| F|  |TAMS 0x000000074a400000, 0x000000074a400000| Untracked 
|  72|0x000000074a600000, 0x000000074a600000, 0x000000074a800000|  0%| F|  |TAMS 0x000000074a600000, 0x000000074a600000| Untracked 
|  73|0x000000074a800000, 0x000000074a800000, 0x000000074aa00000|  0%| F|  |TAMS 0x000000074a800000, 0x000000074a800000| Untracked 
|  74|0x000000074aa00000, 0x000000074aa00000, 0x000000074ac00000|  0%| F|  |TAMS 0x000000074aa00000, 0x000000074aa00000| Untracked 
|  75|0x000000074ac00000, 0x000000074ac00000, 0x000000074ae00000|  0%| F|  |TAMS 0x000000074ac00000, 0x000000074ac00000| Untracked 
|  76|0x000000074ae00000, 0x000000074ae00000, 0x000000074b000000|  0%| F|  |TAMS 0x000000074ae00000, 0x000000074ae00000| Untracked 
|  77|0x000000074b000000, 0x000000074b000000, 0x000000074b200000|  0%| F|  |TAMS 0x000000074b000000, 0x000000074b000000| Untracked 
|  78|0x000000074b200000, 0x000000074b200000, 0x000000074b400000|  0%| F|  |TAMS 0x000000074b200000, 0x000000074b200000| Untracked 
|  79|0x000000074b400000, 0x000000074b400000, 0x000000074b600000|  0%| F|  |TAMS 0x000000074b400000, 0x000000074b400000| Untracked 
|  80|0x000000074b600000, 0x000000074b600000, 0x000000074b800000|  0%| F|  |TAMS 0x000000074b600000, 0x000000074b600000| Untracked 
|  81|0x000000074b800000, 0x000000074b800000, 0x000000074ba00000|  0%| F|  |TAMS 0x000000074b800000, 0x000000074b800000| Untracked 
|  82|0x000000074ba00000, 0x000000074ba00000, 0x000000074bc00000|  0%| F|  |TAMS 0x000000074ba00000, 0x000000074ba00000| Untracked 
|  83|0x000000074bc00000, 0x000000074bc00000, 0x000000074be00000|  0%| F|  |TAMS 0x000000074bc00000, 0x000000074bc00000| Untracked 
|  84|0x000000074be00000, 0x000000074be00000, 0x000000074c000000|  0%| F|  |TAMS 0x000000074be00000, 0x000000074be00000| Untracked 
|  85|0x000000074c000000, 0x000000074c000000, 0x000000074c200000|  0%| F|  |TAMS 0x000000074c000000, 0x000000074c000000| Untracked 
|  86|0x000000074c200000, 0x000000074c200000, 0x000000074c400000|  0%| F|  |TAMS 0x000000074c200000, 0x000000074c200000| Untracked 
|  87|0x000000074c400000, 0x000000074c400000, 0x000000074c600000|  0%| F|  |TAMS 0x000000074c400000, 0x000000074c400000| Untracked 
|  88|0x000000074c600000, 0x000000074c600000, 0x000000074c800000|  0%| F|  |TAMS 0x000000074c600000, 0x000000074c600000| Untracked 
|  89|0x000000074c800000, 0x000000074c800000, 0x000000074ca00000|  0%| F|  |TAMS 0x000000074c800000, 0x000000074c800000| Untracked 
|  90|0x000000074ca00000, 0x000000074ca00000, 0x000000074cc00000|  0%| F|  |TAMS 0x000000074ca00000, 0x000000074ca00000| Untracked 
|  91|0x000000074cc00000, 0x000000074cc00000, 0x000000074ce00000|  0%| F|  |TAMS 0x000000074cc00000, 0x000000074cc00000| Untracked 
|  92|0x000000074ce00000, 0x000000074ce00000, 0x000000074d000000|  0%| F|  |TAMS 0x000000074ce00000, 0x000000074ce00000| Untracked 
|  93|0x000000074d000000, 0x000000074d000000, 0x000000074d200000|  0%| F|  |TAMS 0x000000074d000000, 0x000000074d000000| Untracked 
|  94|0x000000074d200000, 0x000000074d200000, 0x000000074d400000|  0%| F|  |TAMS 0x000000074d200000, 0x000000074d200000| Untracked 
|  95|0x000000074d400000, 0x000000074d400000, 0x000000074d600000|  0%| F|  |TAMS 0x000000074d400000, 0x000000074d400000| Untracked 
|  96|0x000000074d600000, 0x000000074d600000, 0x000000074d800000|  0%| F|  |TAMS 0x000000074d600000, 0x000000074d600000| Untracked 
|  97|0x000000074d800000, 0x000000074d800000, 0x000000074da00000|  0%| F|  |TAMS 0x000000074d800000, 0x000000074d800000| Untracked 
|  98|0x000000074da00000, 0x000000074da00000, 0x000000074dc00000|  0%| F|  |TAMS 0x000000074da00000, 0x000000074da00000| Untracked 
|  99|0x000000074dc00000, 0x000000074dc00000, 0x000000074de00000|  0%| F|  |TAMS 0x000000074dc00000, 0x000000074dc00000| Untracked 
| 100|0x000000074de00000, 0x000000074de00000, 0x000000074e000000|  0%| F|  |TAMS 0x000000074de00000, 0x000000074de00000| Untracked 
| 101|0x000000074e000000, 0x000000074e000000, 0x000000074e200000|  0%| F|  |TAMS 0x000000074e000000, 0x000000074e000000| Untracked 
| 102|0x000000074e200000, 0x000000074e200000, 0x000000074e400000|  0%| F|  |TAMS 0x000000074e200000, 0x000000074e200000| Untracked 
| 103|0x000000074e400000, 0x000000074e400000, 0x000000074e600000|  0%| F|  |TAMS 0x000000074e400000, 0x000000074e400000| Untracked 
| 104|0x000000074e600000, 0x000000074e600000, 0x000000074e800000|  0%| F|  |TAMS 0x000000074e600000, 0x000000074e600000| Untracked 
| 105|0x000000074e800000, 0x000000074e800000, 0x000000074ea00000|  0%| F|  |TAMS 0x000000074e800000, 0x000000074e800000| Untracked 
| 106|0x000000074ea00000, 0x000000074ea00000, 0x000000074ec00000|  0%| F|  |TAMS 0x000000074ea00000, 0x000000074ea00000| Untracked 
| 107|0x000000074ec00000, 0x000000074ec00000, 0x000000074ee00000|  0%| F|  |TAMS 0x000000074ec00000, 0x000000074ec00000| Untracked 
| 108|0x000000074ee00000, 0x000000074ee00000, 0x000000074f000000|  0%| F|  |TAMS 0x000000074ee00000, 0x000000074ee00000| Untracked 
| 109|0x000000074f000000, 0x000000074f000000, 0x000000074f200000|  0%| F|  |TAMS 0x000000074f000000, 0x000000074f000000| Untracked 
| 110|0x000000074f200000, 0x000000074f200000, 0x000000074f400000|  0%| F|  |TAMS 0x000000074f200000, 0x000000074f200000| Untracked 
| 111|0x000000074f400000, 0x000000074f400000, 0x000000074f600000|  0%| F|  |TAMS 0x000000074f400000, 0x000000074f400000| Untracked 
| 112|0x000000074f600000, 0x000000074f600000, 0x000000074f800000|  0%| F|  |TAMS 0x000000074f600000, 0x000000074f600000| Untracked 
| 113|0x000000074f800000, 0x000000074f800000, 0x000000074fa00000|  0%| F|  |TAMS 0x000000074f800000, 0x000000074f800000| Untracked 
| 114|0x000000074fa00000, 0x000000074fa00000, 0x000000074fc00000|  0%| F|  |TAMS 0x000000074fa00000, 0x000000074fa00000| Untracked 
| 115|0x000000074fc00000, 0x000000074fc00000, 0x000000074fe00000|  0%| F|  |TAMS 0x000000074fc00000, 0x000000074fc00000| Untracked 
| 116|0x000000074fe00000, 0x000000074fe00000, 0x0000000750000000|  0%| F|  |TAMS 0x000000074fe00000, 0x000000074fe00000| Untracked 
| 117|0x0000000750000000, 0x0000000750000000, 0x0000000750200000|  0%| F|  |TAMS 0x0000000750000000, 0x0000000750000000| Untracked 
| 118|0x0000000750200000, 0x0000000750200000, 0x0000000750400000|  0%| F|  |TAMS 0x0000000750200000, 0x0000000750200000| Untracked 
| 119|0x0000000750400000, 0x0000000750504b10, 0x0000000750600000| 50%| S|CS|TAMS 0x0000000750400000, 0x0000000750400000| Complete 
| 120|0x0000000750600000, 0x0000000750600000, 0x0000000750800000|  0%| F|  |TAMS 0x0000000750600000, 0x0000000750600000| Untracked 
| 121|0x0000000750800000, 0x0000000750800000, 0x0000000750a00000|  0%| F|  |TAMS 0x0000000750800000, 0x0000000750800000| Untracked 
| 122|0x0000000750a00000, 0x0000000750a00000, 0x0000000750c00000|  0%| F|  |TAMS 0x0000000750a00000, 0x0000000750a00000| Untracked 
| 123|0x0000000750c00000, 0x0000000750c00000, 0x0000000750e00000|  0%| F|  |TAMS 0x0000000750c00000, 0x0000000750c00000| Untracked 
| 124|0x0000000750e00000, 0x0000000750e00000, 0x0000000751000000|  0%| F|  |TAMS 0x0000000750e00000, 0x0000000750e00000| Untracked 
| 125|0x0000000751000000, 0x0000000751000000, 0x0000000751200000|  0%| F|  |TAMS 0x0000000751000000, 0x0000000751000000| Untracked 
| 126|0x0000000751200000, 0x0000000751200000, 0x0000000751400000|  0%| F|  |TAMS 0x0000000751200000, 0x0000000751200000| Untracked 
| 127|0x0000000751400000, 0x0000000751400000, 0x0000000751600000|  0%| F|  |TAMS 0x0000000751400000, 0x0000000751400000| Untracked 
| 128|0x0000000751600000, 0x0000000751600000, 0x0000000751800000|  0%| F|  |TAMS 0x0000000751600000, 0x0000000751600000| Untracked 
| 129|0x0000000751800000, 0x0000000751800000, 0x0000000751a00000|  0%| F|  |TAMS 0x0000000751800000, 0x0000000751800000| Untracked 
| 130|0x0000000751a00000, 0x0000000751a00000, 0x0000000751c00000|  0%| F|  |TAMS 0x0000000751a00000, 0x0000000751a00000| Untracked 
| 131|0x0000000751c00000, 0x0000000751c00000, 0x0000000751e00000|  0%| F|  |TAMS 0x0000000751c00000, 0x0000000751c00000| Untracked 
| 132|0x0000000751e00000, 0x0000000751e00000, 0x0000000752000000|  0%| F|  |TAMS 0x0000000751e00000, 0x0000000751e00000| Untracked 
| 133|0x0000000752000000, 0x0000000752000000, 0x0000000752200000|  0%| F|  |TAMS 0x0000000752000000, 0x0000000752000000| Untracked 
| 134|0x0000000752200000, 0x0000000752200000, 0x0000000752400000|  0%| F|  |TAMS 0x0000000752200000, 0x0000000752200000| Untracked 
| 141|0x0000000753000000, 0x0000000753000000, 0x0000000753200000|  0%| F|  |TAMS 0x0000000753000000, 0x0000000753000000| Untracked 
| 142|0x0000000753200000, 0x0000000753200000, 0x0000000753400000|  0%| F|  |TAMS 0x0000000753200000, 0x0000000753200000| Untracked 
| 143|0x0000000753400000, 0x0000000753400000, 0x0000000753600000|  0%| F|  |TAMS 0x0000000753400000, 0x0000000753400000| Untracked 
| 144|0x0000000753600000, 0x0000000753600000, 0x0000000753800000|  0%| F|  |TAMS 0x0000000753600000, 0x0000000753600000| Untracked 
| 145|0x0000000753800000, 0x0000000753800000, 0x0000000753a00000|  0%| F|  |TAMS 0x0000000753800000, 0x0000000753800000| Untracked 

Card table byte_map: [0x000001d219760000,0x000001d219d60000] _byte_map_base: 0x000001d215d55000

Marking Bits (Prev, Next): (CMBitMap*) 0x000001d20e771790, (CMBitMap*) 0x000001d20e771750
 Prev Bits: [0x000001d21d310000, 0x000001d2202b8000)
 Next Bits: [0x000001d21a360000, 0x000001d21d308000)

Polling page: 0x000001d20dee0000

Metaspace:

Usage:
  Non-class:     31.20 MB used.
      Class:      4.98 MB used.
       Both:     36.18 MB used.

Virtual space:
  Non-class space:       64.00 MB reserved,      31.88 MB ( 50%) committed,  1 nodes.
      Class space:        1.00 GB reserved,       5.75 MB ( <1%) committed,  1 nodes.
             Both:        1.06 GB reserved,      37.62 MB (  3%) committed. 

Chunk freelists:
   Non-Class:  128.00 KB
       Class:  2.27 MB
        Both:  2.39 MB

MaxMetaspaceSize: unlimited
CompressedClassSpaceSize: 1.00 GB
Initial GC threshold: 21.00 MB
Current GC threshold: 37.62 MB
CDS: on
MetaspaceReclaimPolicy: balanced
 - commit_granule_bytes: 65536.
 - commit_granule_words: 8192.
 - virtual_space_node_default_size: 8388608.
 - enlarge_chunks_in_place: 1.
 - new_chunks_are_fully_committed: 0.
 - uncommit_free_chunks: 1.
 - use_allocation_guard: 0.


Internal statistics:

num_allocs_failed_limit: 22.
num_arena_births: 2636.
num_arena_deaths: 0.
num_vsnodes_births: 2.
num_vsnodes_deaths: 0.
num_space_committed: 602.
num_space_uncommitted: 0.
num_chunks_returned_to_freelist: 22.
num_chunks_taken_from_freelist: 4802.
num_chunk_merges: 17.
num_chunk_splits: 2829.
num_chunks_enlarged: 1262.
num_inconsistent_stats: 0.

CodeCache: size=49152Kb used=12256Kb max_used=12256Kb free=36896Kb
 bounds [0x000001d216050000, 0x000001d216c50000, 0x000001d219050000]
 total_blobs=5996 nmethods=5405 adapters=515
 compilation: enabled
              stopped_count=0, restarted_count=0
 full_count=0

Compilation events (20 events):
Event: 4.488 Thread 0x000001d22770e190 5405       1       net.bytebuddy.matcher.FilterableList$AbstractBase::<init> (5 bytes)
Event: 4.488 Thread 0x000001d22770e190 nmethod 5405 0x000001d216c44d90 code [0x000001d216c44f20, 0x000001d216c44ff8]
Event: 4.490 Thread 0x000001d22770e190 5406       1       java.lang.invoke.DirectMethodHandle$Holder::invokeStatic (14 bytes)
Event: 4.490 Thread 0x000001d222dac550 5407       1       net.bytebuddy.description.method.MethodDescription$ForLoadedMethod::getDeclaringType (14 bytes)
Event: 4.490 Thread 0x000001d22770e190 nmethod 5406 0x000001d216c45090 code [0x000001d216c45240, 0x000001d216c45378]
Event: 4.490 Thread 0x000001d222dac550 nmethod 5407 0x000001d216c45490 code [0x000001d216c45640, 0x000001d216c45928]
Event: 4.491 Thread 0x000001d222dac550 5408       1       net.bytebuddy.description.type.TypeDescription$AbstractBase::equals (60 bytes)
Event: 4.491 Thread 0x000001d22770e190 5409       1       net.bytebuddy.description.type.TypeDefinition$Sort::isNonGeneric (13 bytes)
Event: 4.491 Thread 0x000001d222dabc40 5410       1       net.bytebuddy.description.type.TypeDescription$Generic$LazyProjection$WithEagerNavigation$OfAnnotatedElement::<init> (5 bytes)
Event: 4.491 Thread 0x000001d222d06f10 5411       1       net.bytebuddy.description.type.TypeDescription$Generic$LazyProjection$WithEagerNavigation::<init> (5 bytes)
Event: 4.491 Thread 0x000001d22770e190 nmethod 5409 0x000001d216c45b10 code [0x000001d216c45ca0, 0x000001d216c45d78]
Event: 4.491 Thread 0x000001d22770e190 5412       1       net.bytebuddy.description.type.TypeDescription$Generic$LazyProjection::<init> (5 bytes)
Event: 4.491 Thread 0x000001d222d06f10 nmethod 5411 0x000001d216c45e10 code [0x000001d216c45fa0, 0x000001d216c46058]
Event: 4.491 Thread 0x000001d22770e190 nmethod 5412 0x000001d216c46110 code [0x000001d216c462a0, 0x000001d216c46358]
Event: 4.491 Thread 0x000001d222dabc40 nmethod 5410 0x000001d216c46410 code [0x000001d216c465a0, 0x000001d216c46658]
Event: 4.491 Thread 0x000001d222d06f10 5413       1       java.lang.reflect.Method::hashCode (19 bytes)
Event: 4.491 Thread 0x000001d222d06f10 nmethod 5413 0x000001d216c46710 code [0x000001d216c468c0, 0x000001d216c46a28]
Event: 4.491 Thread 0x000001d222dac550 nmethod 5408 0x000001d216c46b90 code [0x000001d216c46dc0, 0x000001d216c47288]
Event: 4.496 Thread 0x000001d222dac550 5414       1       java.lang.invoke.MethodType::listToArray (22 bytes)
Event: 4.496 Thread 0x000001d222dac550 nmethod 5414 0x000001d216c47910 code [0x000001d216c47b00, 0x000001d216c47de8]

GC Heap History (19 events):
Event: 0.751 GC heap before
{Heap before GC invocations=0 (full 0):
 garbage-first heap   total 196608K, used 22528K [0x0000000741600000, 0x0000000800000000)
  region size 2048K, 11 young (22528K), 0 survivors (0K)
 Metaspace       used 3243K, committed 3520K, reserved 1114112K
  class space    used 375K, committed 512K, reserved 1048576K
}
Event: 0.760 GC heap after
{Heap after GC invocations=1 (full 0):
 garbage-first heap   total 196608K, used 11038K [0x0000000741600000, 0x0000000800000000)
  region size 2048K, 2 young (4096K), 2 survivors (4096K)
 Metaspace       used 3243K, committed 3520K, reserved 1114112K
  class space    used 375K, committed 512K, reserved 1048576K
}
Event: 0.946 GC heap before
{Heap before GC invocations=1 (full 0):
 garbage-first heap   total 196608K, used 31518K [0x0000000741600000, 0x0000000800000000)
  region size 2048K, 11 young (22528K), 2 survivors (4096K)
 Metaspace       used 3463K, committed 3712K, reserved 1114112K
  class space    used 417K, committed 512K, reserved 1048576K
}
Event: 0.958 GC heap after
{Heap after GC invocations=2 (full 0):
 garbage-first heap   total 196608K, used 24341K [0x0000000741600000, 0x0000000800000000)
  region size 2048K, 2 young (4096K), 2 survivors (4096K)
 Metaspace       used 3463K, committed 3712K, reserved 1114112K
  class space    used 417K, committed 512K, reserved 1048576K
}
Event: 1.097 GC heap before
{Heap before GC invocations=2 (full 0):
 garbage-first heap   total 196608K, used 46869K [0x0000000741600000, 0x0000000800000000)
  region size 2048K, 14 young (28672K), 2 survivors (4096K)
 Metaspace       used 3464K, committed 3712K, reserved 1114112K
  class space    used 417K, committed 512K, reserved 1048576K
}
Event: 1.107 GC heap after
{Heap after GC invocations=3 (full 0):
 garbage-first heap   total 196608K, used 30720K [0x0000000741600000, 0x0000000800000000)
  region size 2048K, 2 young (4096K), 2 survivors (4096K)
 Metaspace       used 3464K, committed 3712K, reserved 1114112K
  class space    used 417K, committed 512K, reserved 1048576K
}
Event: 1.455 GC heap before
{Heap before GC invocations=3 (full 0):
 garbage-first heap   total 196608K, used 69632K [0x0000000741600000, 0x0000000800000000)
  region size 2048K, 22 young (45056K), 2 survivors (4096K)
 Metaspace       used 4582K, committed 4864K, reserved 1114112K
  class space    used 547K, committed 704K, reserved 1048576K
}
Event: 1.477 GC heap after
{Heap after GC invocations=4 (full 0):
 garbage-first heap   total 196608K, used 44899K [0x0000000741600000, 0x0000000800000000)
  region size 2048K, 3 young (6144K), 3 survivors (6144K)
 Metaspace       used 4582K, committed 4864K, reserved 1114112K
  class space    used 547K, committed 704K, reserved 1048576K
}
Event: 2.154 GC heap before
{Heap before GC invocations=4 (full 0):
 garbage-first heap   total 196608K, used 81763K [0x0000000741600000, 0x0000000800000000)
  region size 2048K, 21 young (43008K), 3 survivors (6144K)
 Metaspace       used 9757K, committed 10176K, reserved 1114112K
  class space    used 1249K, committed 1472K, reserved 1048576K
}
Event: 2.168 GC heap after
{Heap after GC invocations=5 (full 0):
 garbage-first heap   total 299008K, used 49339K [0x0000000741600000, 0x0000000800000000)
  region size 2048K, 2 young (4096K), 2 survivors (4096K)
 Metaspace       used 9757K, committed 10176K, reserved 1114112K
  class space    used 1249K, committed 1472K, reserved 1048576K
}
Event: 3.159 GC heap before
{Heap before GC invocations=5 (full 0):
 garbage-first heap   total 299008K, used 159931K [0x0000000741600000, 0x0000000800000000)
  region size 2048K, 56 young (114688K), 2 survivors (4096K)
 Metaspace       used 19564K, committed 20480K, reserved 1114112K
  class space    used 2728K, committed 3200K, reserved 1048576K
}
Event: 3.179 GC heap after
{Heap after GC invocations=6 (full 0):
 garbage-first heap   total 299008K, used 65628K [0x0000000741600000, 0x0000000800000000)
  region size 2048K, 7 young (14336K), 7 survivors (14336K)
 Metaspace       used 19564K, committed 20480K, reserved 1114112K
  class space    used 2728K, committed 3200K, reserved 1048576K
}
Event: 3.327 GC heap before
{Heap before GC invocations=6 (full 0):
 garbage-first heap   total 299008K, used 86108K [0x0000000741600000, 0x0000000800000000)
  region size 2048K, 18 young (36864K), 7 survivors (14336K)
 Metaspace       used 20472K, committed 21568K, reserved 1114112K
  class space    used 2870K, committed 3392K, reserved 1048576K
}
Event: 3.346 GC heap after
{Heap after GC invocations=7 (full 0):
 garbage-first heap   total 299008K, used 68362K [0x0000000741600000, 0x0000000800000000)
  region size 2048K, 2 young (4096K), 2 survivors (4096K)
 Metaspace       used 20472K, committed 21568K, reserved 1114112K
  class space    used 2870K, committed 3392K, reserved 1048576K
}
Event: 4.344 GC heap before
{Heap before GC invocations=8 (full 0):
 garbage-first heap   total 266240K, used 201482K [0x0000000741600000, 0x0000000800000000)
  region size 2048K, 68 young (139264K), 2 survivors (4096K)
 Metaspace       used 33902K, committed 35392K, reserved 1114112K
  class space    used 4731K, committed 5504K, reserved 1048576K
}
Event: 4.357 GC heap after
{Heap after GC invocations=9 (full 0):
 garbage-first heap   total 266240K, used 74466K [0x0000000741600000, 0x0000000800000000)
  region size 2048K, 5 young (10240K), 5 survivors (10240K)
 Metaspace       used 33902K, committed 35392K, reserved 1114112K
  class space    used 4731K, committed 5504K, reserved 1048576K
}
Event: 4.365 GC heap before
{Heap before GC invocations=9 (full 0):
 garbage-first heap   total 266240K, used 76514K [0x0000000741600000, 0x0000000800000000)
  region size 2048K, 6 young (12288K), 5 survivors (10240K)
 Metaspace       used 34068K, committed 35520K, reserved 1114112K
  class space    used 4750K, committed 5504K, reserved 1048576K
}
Event: 4.375 GC heap after
{Heap after GC invocations=10 (full 0):
 garbage-first heap   total 266240K, used 72349K [0x0000000741600000, 0x0000000800000000)
  region size 2048K, 1 young (2048K), 1 survivors (2048K)
 Metaspace       used 34068K, committed 35520K, reserved 1114112K
  class space    used 4750K, committed 5504K, reserved 1048576K
}
Event: 4.498 GC heap before
{Heap before GC invocations=10 (full 0):
 garbage-first heap   total 266240K, used 86685K [0x0000000741600000, 0x0000000800000000)
  region size 2048K, 10 young (20480K), 1 survivors (2048K)
 Metaspace       used 37053K, committed 38528K, reserved 1114112K
  class space    used 5101K, committed 5888K, reserved 1048576K
}

Deoptimization events (20 events):
Event: 4.468 Thread 0x000001d228e916a0 DEOPT PACKING pc=0x000001d2164ae9c4 sp=0x00000038ec3fe3e0
Event: 4.468 Thread 0x000001d228e916a0 DEOPT UNPACKING pc=0x000001d2160a2b43 sp=0x00000038ec3fd8a0 mode 1
Event: 4.468 Thread 0x000001d228e916a0 DEOPT PACKING pc=0x000001d2164b2ea4 sp=0x00000038ec3fe490
Event: 4.468 Thread 0x000001d228e916a0 DEOPT UNPACKING pc=0x000001d2160a2b43 sp=0x00000038ec3fd968 mode 1
Event: 4.468 Thread 0x000001d228e916a0 DEOPT PACKING pc=0x000001d2164af04c sp=0x00000038ec3fe570
Event: 4.468 Thread 0x000001d228e916a0 DEOPT UNPACKING pc=0x000001d2160a2b43 sp=0x00000038ec3fda90 mode 1
Event: 4.468 Thread 0x000001d228e916a0 DEOPT PACKING pc=0x000001d216c0dc2c sp=0x00000038ec3fe660
Event: 4.468 Thread 0x000001d228e916a0 DEOPT UNPACKING pc=0x000001d2160a2b43 sp=0x00000038ec3fdb58 mode 1
Event: 4.468 Thread 0x000001d228e916a0 DEOPT PACKING pc=0x000001d216a14f6c sp=0x00000038ec3fe580
Event: 4.468 Thread 0x000001d228e916a0 DEOPT UNPACKING pc=0x000001d2160a2b43 sp=0x00000038ec3fda38 mode 1
Event: 4.468 Thread 0x000001d228e916a0 DEOPT PACKING pc=0x000001d216c0cab4 sp=0x00000038ec3fe710
Event: 4.468 Thread 0x000001d228e916a0 DEOPT UNPACKING pc=0x000001d2160a2b43 sp=0x00000038ec3fdc48 mode 1
Event: 4.468 Thread 0x000001d228e916a0 DEOPT PACKING pc=0x000001d2164ae9c4 sp=0x00000038ec3fe3e0
Event: 4.468 Thread 0x000001d228e916a0 DEOPT UNPACKING pc=0x000001d2160a2b43 sp=0x00000038ec3fd8a0 mode 1
Event: 4.468 Thread 0x000001d228e916a0 DEOPT PACKING pc=0x000001d2164b2ea4 sp=0x00000038ec3fe490
Event: 4.469 Thread 0x000001d228e916a0 DEOPT UNPACKING pc=0x000001d2160a2b43 sp=0x00000038ec3fd968 mode 1
Event: 4.469 Thread 0x000001d228e916a0 DEOPT PACKING pc=0x000001d2164af04c sp=0x00000038ec3fe570
Event: 4.469 Thread 0x000001d228e916a0 DEOPT UNPACKING pc=0x000001d2160a2b43 sp=0x00000038ec3fda90 mode 1
Event: 4.469 Thread 0x000001d228e916a0 DEOPT PACKING pc=0x000001d216c0dc2c sp=0x00000038ec3fe660
Event: 4.469 Thread 0x000001d228e916a0 DEOPT UNPACKING pc=0x000001d2160a2b43 sp=0x00000038ec3fdb58 mode 1

Classes loaded (20 events):
Event: 4.432 Loading class sun/nio/ch/FileKey
Event: 4.432 Loading class sun/nio/ch/FileKey done
Event: 4.432 Loading class sun/nio/ch/FileLockTable$FileLockReference
Event: 4.432 Loading class sun/nio/ch/FileLockTable$FileLockReference done
Event: 4.433 Loading class java/io/FileOutputStream$1
Event: 4.433 Loading class java/io/FileOutputStream$1 done
Event: 4.457 Loading class java/beans/Transient
Event: 4.458 Loading class java/beans/Transient done
Event: 4.458 Loading class java/beans/ConstructorProperties
Event: 4.459 Loading class java/beans/ConstructorProperties done
Event: 4.461 Loading class java/io/InvalidObjectException
Event: 4.461 Loading class java/io/InvalidObjectException done
Event: 4.463 Loading class java/util/concurrent/atomic/AtomicLongArray
Event: 4.463 Loading class java/util/concurrent/atomic/AtomicLongArray done
Event: 4.463 Loading class java/lang/invoke/VarHandleLongs$Array
Event: 4.464 Loading class java/lang/invoke/VarHandleLongs$Array done
Event: 4.481 Loading class sun/text/resources/cldr/FormatData_en
Event: 4.481 Loading class sun/text/resources/cldr/FormatData_en done
Event: 4.481 Loading class sun/text/resources/cldr/FormatData_en_US
Event: 4.481 Loading class sun/text/resources/cldr/FormatData_en_US done

Classes unloaded (0 events):
No events

Classes redefined (0 events):
No events

Internal exceptions (20 events):
Event: 4.440 Thread 0x000001d228e916a0 Exception <a 'sun/nio/fs/WindowsException'{0x00000007531d2600}> (0x00000007531d2600) 
thrown [s\open\src\hotspot\share\prims\jni.cpp, line 516]
Event: 4.440 Thread 0x000001d228e916a0 Exception <a 'sun/nio/fs/WindowsException'{0x00000007531d2af8}> (0x00000007531d2af8) 
thrown [s\open\src\hotspot\share\prims\jni.cpp, line 516]
Event: 4.440 Thread 0x000001d228e916a0 Exception <a 'sun/nio/fs/WindowsException'{0x00000007531d2ed8}> (0x00000007531d2ed8) 
thrown [s\open\src\hotspot\share\prims\jni.cpp, line 516]
Event: 4.441 Thread 0x000001d228e916a0 Exception <a 'sun/nio/fs/WindowsException'{0x00000007531ed868}> (0x00000007531ed868) 
thrown [s\open\src\hotspot\share\prims\jni.cpp, line 516]
Event: 4.442 Thread 0x000001d228e916a0 Exception <a 'sun/nio/fs/WindowsException'{0x0000000752221ca8}> (0x0000000752221ca8) 
thrown [s\open\src\hotspot\share\prims\jni.cpp, line 516]
Event: 4.455 Thread 0x000001d228e916a0 Exception <a 'sun/nio/fs/WindowsException'{0x00000007523dd8b8}> (0x00000007523dd8b8) 
thrown [s\open\src\hotspot\share\prims\jni.cpp, line 516]
Event: 4.455 Thread 0x000001d228e916a0 Exception <a 'sun/nio/fs/WindowsException'{0x00000007523dddc8}> (0x00000007523dddc8) 
thrown [s\open\src\hotspot\share\prims\jni.cpp, line 516]
Event: 4.455 Thread 0x000001d228e916a0 Exception <a 'sun/nio/fs/WindowsException'{0x00000007523de1e8}> (0x00000007523de1e8) 
thrown [s\open\src\hotspot\share\prims\jni.cpp, line 516]
Event: 4.455 Thread 0x000001d228e916a0 Exception <a 'sun/nio/fs/WindowsException'{0x00000007523de940}> (0x00000007523de940) 
thrown [s\open\src\hotspot\share\prims\jni.cpp, line 516]
Event: 4.458 Thread 0x000001d228e916a0 Exception <a 'sun/nio/fs/WindowsException'{0x0000000752066580}> (0x0000000752066580) 
thrown [s\open\src\hotspot\share\prims\jni.cpp, line 516]
Event: 4.462 Thread 0x000001d228e916a0 Exception <a 'sun/nio/fs/WindowsException'{0x00000007520bed10}> (0x00000007520bed10) 
thrown [s\open\src\hotspot\share\prims\jni.cpp, line 516]
Event: 4.463 Thread 0x000001d228e916a0 Exception <a 'sun/nio/fs/WindowsException'{0x00000007520bf220}> (0x00000007520bf220) 
thrown [s\open\src\hotspot\share\prims\jni.cpp, line 516]
Event: 4.463 Thread 0x000001d228e916a0 Exception <a 'sun/nio/fs/WindowsException'{0x00000007520bf630}> (0x00000007520bf630) 
thrown [s\open\src\hotspot\share\prims\jni.cpp, line 516]
Event: 4.463 Thread 0x000001d228e916a0 Exception <a 'sun/nio/fs/WindowsException'{0x00000007520bfd88}> (0x00000007520bfd88) 
thrown [s\open\src\hotspot\share\prims\jni.cpp, line 516]
Event: 4.464 Thread 0x000001d228e916a0 Exception <a 'sun/nio/fs/WindowsException'{0x00000007520f5fe8}> (0x00000007520f5fe8) 
thrown [s\open\src\hotspot\share\prims\jni.cpp, line 516]
Event: 4.468 Thread 0x000001d228e916a0 Exception <a 'sun/nio/fs/WindowsException'{0x0000000752115980}> (0x0000000752115980) 
thrown [s\open\src\hotspot\share\prims\jni.cpp, line 516]
Event: 4.468 Thread 0x000001d228e916a0 Exception <a 'sun/nio/fs/WindowsException'{0x000000075215bbb0}> (0x000000075215bbb0) 
thrown [s\open\src\hotspot\share\prims\jni.cpp, line 516]
Event: 4.468 Thread 0x000001d228e916a0 Exception <a 'sun/nio/fs/WindowsException'{0x000000075215bfb0}> (0x000000075215bfb0) 
thrown [s\open\src\hotspot\share\prims\jni.cpp, line 516]
Event: 4.468 Thread 0x000001d228e916a0 Exception <a 'sun/nio/fs/WindowsException'{0x000000075215c708}> (0x000000075215c708) 
thrown [s\open\src\hotspot\share\prims\jni.cpp, line 516]
Event: 4.470 Thread 0x000001d228e916a0 Exception <a 'sun/nio/fs/WindowsException'{0x0000000752160a70}> (0x0000000752160a70) 
thrown [s\open\src\hotspot\share\prims\jni.cpp, line 516]

VM Operations (20 events):
Event: 4.125 Executing VM operation: HandshakeAllThreads done
Event: 4.127 Executing VM operation: HandshakeAllThreads
Event: 4.127 Executing VM operation: HandshakeAllThreads done
Event: 4.134 Executing VM operation: ICBufferFull
Event: 4.135 Executing VM operation: ICBufferFull done
Event: 4.142 Executing VM operation: HandshakeAllThreads
Event: 4.142 Executing VM operation: HandshakeAllThreads done
Event: 4.166 Executing VM operation: HandshakeAllThreads
Event: 4.166 Executing VM operation: HandshakeAllThreads done
Event: 4.224 Executing VM operation: HandshakeAllThreads
Event: 4.224 Executing VM operation: HandshakeAllThreads done
Event: 4.225 Executing VM operation: HandshakeAllThreads
Event: 4.225 Executing VM operation: HandshakeAllThreads done
Event: 4.344 Executing VM operation: G1CollectForAllocation
Event: 4.344 Executing VM operation: G1CollectForAllocation done
Event: 4.344 Executing VM operation: G1CollectForAllocation
Event: 4.357 Executing VM operation: G1CollectForAllocation done
Event: 4.365 Executing VM operation: G1CollectForAllocation
Event: 4.376 Executing VM operation: G1CollectForAllocation done
Event: 4.498 Executing VM operation: CollectForMetadataAllocation

Events (20 events):
Event: 2.708 Thread 0x000001d2295c99d0 Thread added: 0x000001d2295c99d0
Event: 2.709 Thread 0x000001d2295ca370 Thread added: 0x000001d2295ca370
Event: 2.709 Thread 0x000001d2295c3e60 Thread added: 0x000001d2295c3e60
Event: 2.709 Thread 0x000001d22967df20 Thread added: 0x000001d22967df20
Event: 2.710 Thread 0x000001d229680a70 Thread added: 0x000001d229680a70
Event: 2.988 Loaded shared library C:\Users\rafal\.jdks\openjdk-18.0.2\bin\management.dll
Event: 3.002 Loaded shared library C:\Users\rafal\.jdks\openjdk-18.0.2\bin\management_ext.dll
Event: 3.060 Thread 0x000001d22967fc00 Thread added: 0x000001d22967fc00
Event: 3.076 Thread 0x000001d22967f260 Thread added: 0x000001d22967f260
Event: 3.079 Thread 0x000001d229683a90 Thread added: 0x000001d229683a90
Event: 3.462 Thread 0x000001d229684900 Thread added: 0x000001d229684900
Event: 3.471 Thread 0x000001d229684900 Thread exited: 0x000001d229684900
Event: 3.936 Thread 0x000001d229681410 Thread added: 0x000001d229681410
Event: 3.952 Thread 0x000001d229682c20 Thread added: 0x000001d229682c20
Event: 3.963 Thread 0x000001d229682c20 Thread exited: 0x000001d229682c20
Event: 4.103 Thread 0x000001d229683f60 Thread added: 0x000001d229683f60
Event: 4.103 Thread 0x000001d22967e3f0 Thread added: 0x000001d22967e3f0
Event: 4.103 Thread 0x000001d229684dd0 Thread added: 0x000001d229684dd0
Event: 4.103 Thread 0x000001d229684900 Thread added: 0x000001d229684900
Event: 4.107 Thread 0x000001d229684430 Thread added: 0x000001d229684430


Dynamic libraries:
0x00007ff75f3c0000 - 0x00007ff75f3ce000 	C:\Users\rafal\.jdks\openjdk-18.0.2\bin\java.EXE
0x00007ffa5f640000 - 0x00007ffa5f849000 	C:\Windows\SYSTEM32\ntdll.dll
0x00007ffa5e250000 - 0x00007ffa5e30d000 	C:\Windows\System32\KERNEL32.DLL
0x00007ffa5cad0000 - 0x00007ffa5ce54000 	C:\Windows\System32\KERNELBASE.dll
0x00007ffa5cf00000 - 0x00007ffa5d011000 	C:\Windows\System32\ucrtbase.dll
0x00007ffa15270000 - 0x00007ffa15287000 	C:\Users\rafal\.jdks\openjdk-18.0.2\bin\jli.dll
0x00007ffa1b7b0000 - 0x00007ffa1b7ca000 	C:\Users\rafal\.jdks\openjdk-18.0.2\bin\VCRUNTIME140.dll
0x00007ffa5f1a0000 - 0x00007ffa5f34d000 	C:\Windows\System32\USER32.dll
0x00007ffa5d460000 - 0x00007ffa5d486000 	C:\Windows\System32\win32u.dll
0x00007ffa5bca0000 - 0x00007ffa5bf45000 	C:\Windows\WinSxS\amd64_microsoft.windows.common-controls_6595b64144ccf1df_6.0.22000.120_none_9d947278b86cc467\COMCTL32.dll
0x00007ffa5e560000 - 0x00007ffa5e58a000 	C:\Windows\System32\GDI32.dll
0x00007ffa5eab0000 - 0x00007ffa5eb53000 	C:\Windows\System32\msvcrt.dll
0x00007ffa5d340000 - 0x00007ffa5d45e000 	C:\Windows\System32\gdi32full.dll
0x00007ffa5ce60000 - 0x00007ffa5cefd000 	C:\Windows\System32\msvcp_win.dll
0x00007ffa5e210000 - 0x00007ffa5e241000 	C:\Windows\System32\IMM32.DLL
0x00007ffa30300000 - 0x00007ffa3030c000 	C:\Users\rafal\.jdks\openjdk-18.0.2\bin\vcruntime140_1.dll
0x00007ff9c2070000 - 0x00007ff9c20fd000 	C:\Users\rafal\.jdks\openjdk-18.0.2\bin\msvcp140.dll
0x00007ff99e8e0000 - 0x00007ff99f4f1000 	C:\Users\rafal\.jdks\openjdk-18.0.2\bin\server\jvm.dll
0x00007ffa5e160000 - 0x00007ffa5e20e000 	C:\Windows\System32\ADVAPI32.dll
0x00007ffa5f100000 - 0x00007ffa5f19e000 	C:\Windows\System32\sechost.dll
0x00007ffa5e5b0000 - 0x00007ffa5e6d1000 	C:\Windows\System32\RPCRT4.dll
0x00007ffa5e820000 - 0x00007ffa5e828000 	C:\Windows\System32\PSAPI.DLL
0x00007ffa3a8e0000 - 0x00007ffa3a8e9000 	C:\Windows\SYSTEM32\WSOCK32.dll
0x00007ffa565f0000 - 0x00007ffa56623000 	C:\Windows\SYSTEM32\WINMM.dll
0x00007ffa59580000 - 0x00007ffa5958a000 	C:\Windows\SYSTEM32\VERSION.dll
0x00007ffa5e950000 - 0x00007ffa5e9bf000 	C:\Windows\System32\WS2_32.dll
0x00007ffa5b540000 - 0x00007ffa5b558000 	C:\Windows\SYSTEM32\kernel.appcore.dll
0x00007ffa2c5c0000 - 0x00007ffa2c5ca000 	C:\Users\rafal\.jdks\openjdk-18.0.2\bin\jimage.dll
0x00007ffa5c410000 - 0x00007ffa5c631000 	C:\Windows\SYSTEM32\DBGHELP.DLL
0x00007ffa5c110000 - 0x00007ffa5c141000 	C:\Windows\SYSTEM32\dbgcore.DLL
0x00007ffa5d0e0000 - 0x00007ffa5d15f000 	C:\Windows\System32\bcryptPrimitives.dll
0x00007ffa57e40000 - 0x00007ffa57e4e000 	C:\Users\rafal\.jdks\openjdk-18.0.2\bin\instrument.dll
0x00007ff9f31d0000 - 0x00007ff9f31f5000 	C:\Users\rafal\.jdks\openjdk-18.0.2\bin\java.dll
0x00007ffa4ef20000 - 0x00007ffa4ef5b000 	C:\Users\rafal\.jdks\openjdk-18.0.2\bin\jdwp.dll
0x00007ff9be340000 - 0x00007ff9be416000 	C:\Users\rafal\.jdks\openjdk-18.0.2\bin\jsvml.dll
0x00007ffa5d910000 - 0x00007ffa5e0d5000 	C:\Windows\System32\SHELL32.dll
0x00007ffa5a530000 - 0x00007ffa5ad92000 	C:\Windows\SYSTEM32\windows.storage.dll
0x00007ffa5eb60000 - 0x00007ffa5eed6000 	C:\Windows\System32\combase.dll
0x00007ffa59ca0000 - 0x00007ffa59e07000 	C:\Windows\SYSTEM32\wintypes.dll
0x00007ffa5e9c0000 - 0x00007ffa5eaaa000 	C:\Windows\System32\SHCORE.dll
0x00007ffa5e7c0000 - 0x00007ffa5e81d000 	C:\Windows\System32\shlwapi.dll
0x00007ffa5ca00000 - 0x00007ffa5ca25000 	C:\Windows\SYSTEM32\profapi.dll
0x00007ff9ed770000 - 0x00007ff9ed788000 	C:\Users\rafal\.jdks\openjdk-18.0.2\bin\zip.dll
0x00007ff9edb80000 - 0x00007ff9edb93000 	C:\Users\rafal\.jdks\openjdk-18.0.2\bin\net.dll
0x00007ffa55740000 - 0x00007ffa55854000 	C:\Windows\SYSTEM32\WINHTTP.dll
0x00007ffa5baf0000 - 0x00007ffa5bb57000 	C:\Windows\system32\mswsock.dll
0x00007ff9ed8d0000 - 0x00007ff9ed8e6000 	C:\Users\rafal\.jdks\openjdk-18.0.2\bin\nio.dll
0x00007ffa4ef10000 - 0x00007ffa4ef1c000 	C:\Users\rafal\.jdks\openjdk-18.0.2\bin\dt_socket.dll
0x00007ffa5b060000 - 0x00007ffa5b08d000 	C:\Windows\SYSTEM32\IPHLPAPI.DLL
0x00007ffa5b0d0000 - 0x00007ffa5b1b7000 	C:\Windows\SYSTEM32\DNSAPI.dll
0x00007ffa5eee0000 - 0x00007ffa5eee9000 	C:\Windows\System32\NSI.dll
0x00007ffa50110000 - 0x00007ffa5011a000 	C:\Windows\System32\rasadhlp.dll
0x00007ffa54630000 - 0x00007ffa546b1000 	C:\Windows\System32\fwpuclnt.dll
0x00007ffa15260000 - 0x00007ffa15270000 	C:\Users\rafal\.jdks\openjdk-18.0.2\bin\verify.dll
0x00007ffa4ef00000 - 0x00007ffa4ef09000 	C:\Users\rafal\.jdks\openjdk-18.0.2\bin\management.dll
0x00007ffa4bd60000 - 0x00007ffa4bd6b000 	C:\Users\rafal\.jdks\openjdk-18.0.2\bin\management_ext.dll
0x00007ffa5c770000 - 0x00007ffa5c788000 	C:\Windows\SYSTEM32\CRYPTSP.dll
0x00007ffa5b4a0000 - 0x00007ffa5b4d5000 	C:\Windows\system32\rsaenh.dll
0x00007ffa5b960000 - 0x00007ffa5b98c000 	C:\Windows\SYSTEM32\USERENV.dll
0x00007ffa5c250000 - 0x00007ffa5c277000 	C:\Windows\SYSTEM32\bcrypt.dll
0x00007ffa5bab0000 - 0x00007ffa5babc000 	C:\Windows\SYSTEM32\CRYPTBASE.dll
0x00007ffa394f0000 - 0x00007ffa39507000 	C:\Windows\system32\napinsp.dll
0x00007ffa37e50000 - 0x00007ffa37e6b000 	C:\Windows\system32\pnrpnsp.dll
0x00007ffa37940000 - 0x00007ffa37952000 	C:\Windows\System32\winrnr.dll
0x00007ffa54a90000 - 0x00007ffa54aa5000 	C:\Windows\system32\wshbth.dll
0x00007ffa34ba0000 - 0x00007ffa34bbf000 	C:\Windows\system32\nlansp_c.dll
0x00007ffa556e0000 - 0x00007ffa556f9000 	C:\Windows\SYSTEM32\dhcpcsvc6.DLL
0x00007ffa56760000 - 0x00007ffa5677e000 	C:\Windows\SYSTEM32\dhcpcsvc.DLL

dbghelp: loaded successfully - version: 4.0.5 - missing functions: none
symbol engine: initialized successfully - sym options: 0x614 - pdb path: .;C:\Users\rafal\.jdks\openjdk-18.0.2\bin;C:\Windows\SYSTEM32;C:\Windows\WinSxS\amd64_microsoft.windows.common-controls_6595b64144ccf1df_6.0.22000.120_none_9d947278b86cc467;C:\Users\rafal\.jdks\openjdk-18.0.2\bin\server

VM Arguments:
jvm_args: -Dquarkus-internal.serialized-app-model.path=D:\Dev\Portfolio\quarkus_social\quarkus_social\target\quarkus\bootstrap\dev-app-model.dat -javaagent:C:\Users\rafal\.m2\repository\io\quarkus\quarkus-class-change-agent\3.6.7\quarkus-class-change-agent-3.6.7.jar -XX:TieredStopAtLevel=1 -agentlib:jdwp=transport=dt_socket,address=localhost:58543,server=y,suspend=n -Djava.util.logging.manager=org.jboss.logmanager.LogManager 
java_command: D:\Dev\Portfolio\quarkus_social\quarkus_social\target\quarkus_social-dev.jar
java_class_path (initial): D:\Dev\Portfolio\quarkus_social\quarkus_social\target\quarkus_social-dev.jar
Launcher Type: SUN_STANDARD

[Global flags]
     intx CICompilerCount                          = 4                                         {product} {ergonomic}
     uint ConcGCThreads                            = 2                                         {product} {ergonomic}
     uint G1ConcRefinementThreads                  = 8                                         {product} {ergonomic}
   size_t G1HeapRegionSize                         = 2097152                                   {product} {ergonomic}
    uintx GCDrainStackTargetSize                   = 64                                        {product} {ergonomic}
   size_t InitialHeapSize                          = 201326592                                 {product} {ergonomic}
   size_t MarkStackSize                            = 4194304                                   {product} {ergonomic}
   size_t MaxHeapSize                              = 3198156800                                {product} {ergonomic}
   size_t MaxNewSize                               = 1918894080                                {product} {ergonomic}
   size_t MinHeapDeltaBytes                        = 2097152                                   {product} {ergonomic}
   size_t MinHeapSize                              = 8388608                                   {product} {ergonomic}
    uintx NonProfiledCodeHeapSize                  = 0                                      {pd product} {ergonomic}
     bool ProfileInterpreter                       = false                                  {pd product} {command line}
    uintx ProfiledCodeHeapSize                     = 0                                      {pd product} {ergonomic}
   size_t SoftMaxHeapSize                          = 3198156800                             {manageable} {ergonomic}
     intx TieredStopAtLevel                        = 1                                         {product} {command line}
     bool UseCompressedClassPointers               = true                           {product lp64_product} {ergonomic}
     bool UseCompressedOops                        = true                           {product lp64_product} {ergonomic}
     bool UseG1GC                                  = true                                      {product} {ergonomic}
     bool UseLargePagesIndividualAllocation        = false                                  {pd product} {ergonomic}

Logging:
Log output configuration:
 #0: stdout all=warning uptime,level,tags foldmultilines=false
 #1: stderr all=off uptime,level,tags foldmultilines=false

Environment Variables:
JAVA_HOME=C:\Program Files\Java\jdk-11
PATH=C:\Program Files\Common Files\Oracle\Java\javapath;C:\ProgramData\Oracle\Java\javapath;C:\Program Files (x86)\Common Files\Oracle\Java\javapath;C:\Windows\system32;C:\Windows;C:\Windows\System32\Wbem;C:\Windows\System32\WindowsPowerShell\v1.0\;C:\Windows\System32\OpenSSH\;C:\Program Files\dotnet\;C:\Program Files\Git\cmd;C:\Program Files\Microsoft SQL Server\Client SDK\ODBC\170\Tools\Binn\;C:\Program Files\Microsoft SQL Server\120\Tools\Binn\;C:\Program Files\Common Files\Autodesk Shared\;C:\Program Files (x86)\NVIDIA Corporation\PhysX\Common;C:\Program Files\NVIDIA Corporation\NVIDIA NvDLISR;C:\Program Files\nodejs\;C:\ffmpeg\bin;C:\Program Files\Java\jdk-11\bin;C:\Program Files\dev\apache-maven-3.9.6\bin;C:\Users\rafal\AppData\Local\Microsoft\WindowsApps;;C:\Users\rafal\AppData\Local\Programs\Microsoft VS Code\bin;C:\Users\rafal\.dotnet\tools;C:\Users\rafal\AppData\Roaming\npm
USERNAME=rafal
OS=Windows_NT
PROCESSOR_IDENTIFIER=Intel64 Family 6 Model 142 Stepping 10, GenuineIntel



---------------  S Y S T E M  ---------------

OS:
 Windows 11 , 64 bit Build 22000 (10.0.22000.2538)
OS uptime: 0 days 7:40 hours

CPU: total 8 (initial active 8) (4 cores per cpu, 2 threads per core) family 6 model 142 stepping 10 microcode 0xea, cx8, cmov, fxsr, ht, mmx, 3dnowpref, sse, sse2, sse3, ssse3, sse4.1, sse4.2, popcnt, lzcnt, tsc, tscinvbit, avx, avx2, aes, erms, clmul, bmi1, bmi2, adx, fma, vzeroupper, clflush, clflushopt

Memory: 4k page, system-wide physical 12197M (1432M free)
TotalPageFile size 16293M (AvailPageFile size 1M)
current process WorkingSet (physical memory assigned to process): 342M, peak: 342M
current process commit charge ("private bytes"): 464M, peak: 476M

vm_info: OpenJDK 64-Bit Server VM (18.0.2+9-61) for windows-amd64 JRE (18.0.2+9-61), built on Jun  7 2022 13:05:59 by "mach5one" with MS VC++ 16.8 / 16.9 (VS2019)

END.
