#
# There is insufficient memory for the Java Runtime Environment to continue.
# Native memory allocation (mmap) failed to map 201326592 bytes for G1 virtual space
# Possible reasons:
#   The system is out of physical RAM or swap space
#   The process is running with CompressedOops enabled, and the Java Heap may be blocking the growth of the native heap
# Possible solutions:
#   Reduce memory load on the system
#   Increase physical memory or swap space
#   Check if swap backing store is full
#   Decrease Java heap size (-Xmx/-Xms)
#   Decrease number of Java threads
#   Decrease Java thread stack sizes (-Xss)
#   Set larger code cache with -XX:ReservedCodeCacheSize=
#   JVM is running with Zero Based Compressed Oops mode in which the Java heap is
#     placed in the first 32GB address space. The Java Heap base address is the
#     maximum limit for the native heap growth. Please use -XX:HeapBaseMinAddress
#     to set the Java Heap base and to place the Java Heap above 32GB virtual address.
# This output file may be truncated or incomplete.
#
#  Out of Memory Error (os_windows.cpp:3530), pid=7268, tid=18352
#
# JRE version:  (18.0.2+9) (build )
# Java VM: OpenJDK 64-Bit Server VM (18.0.2+9-61, mixed mode, emulated-client, sharing, tiered, compressed oops, compressed class ptrs, g1 gc, windows-amd64)
# No core dump will be written. Minidumps are not enabled by default on client versions of Windows
#

---------------  S U M M A R Y ------------

Command Line: -Dquarkus-internal.serialized-app-model.path=D:\Dev\Portfolio\quarkus_social\quarkus_social\target\quarkus\bootstrap\dev-app-model.dat -javaagent:C:\Users\rafal\.m2\repository\io\quarkus\quarkus-class-change-agent\3.6.7\quarkus-class-change-agent-3.6.7.jar -XX:TieredStopAtLevel=1 -agentlib:jdwp=transport=dt_socket,address=localhost:5005,server=y,suspend=n -Djava.util.logging.manager=org.jboss.logmanager.LogManager D:\Dev\Portfolio\quarkus_social\quarkus_social\target\quarkus_social-dev.jar

Host: Intel(R) Core(TM) i7-8550U CPU @ 1.80GHz, 8 cores, 11G,  Windows 11 , 64 bit Build 22000 (10.0.22000.2538)
Time: Thu Feb 15 00:07:09 2024 Hora oficial do Brasil elapsed time: 0.031877 seconds (0d 0h 0m 0s)

---------------  T H R E A D  ---------------

Current thread (0x0000028a22c878c0):  JavaThread "Unknown thread" [_thread_in_vm, id=18352, stack(0x000000b2d7000000,0x000000b2d7100000)]

Stack: [0x000000b2d7000000,0x000000b2d7100000]
Native frames: (J=compiled Java code, j=interpreted, Vv=VM code, C=native code)
V  [jvm.dll+0x6993ca]
V  [jvm.dll+0x7f481d]
V  [jvm.dll+0x7f612e]
V  [jvm.dll+0x7f67e3]
V  [jvm.dll+0x25cdaf]
V  [jvm.dll+0x696319]
V  [jvm.dll+0x68ae4a]
V  [jvm.dll+0x3223eb]
V  [jvm.dll+0x329dc6]
V  [jvm.dll+0x37eade]
V  [jvm.dll+0x37ed0f]
V  [jvm.dll+0x2fa16a]
V  [jvm.dll+0x2fb1cd]
V  [jvm.dll+0x7c3450]
V  [jvm.dll+0x38be61]
V  [jvm.dll+0x7a2073]
V  [jvm.dll+0x40dc3f]
V  [jvm.dll+0x40f611]
C  [jli.dll+0x526b]
C  [ucrtbase.dll+0x26c0c]
C  [KERNEL32.DLL+0x153e0]
C  [ntdll.dll+0x485b]


---------------  P R O C E S S  ---------------

Threads class SMR info:
_java_thread_list=0x00007ffd48d4e550, length=0, elements={
}

Java Threads: ( => current thread )

Other Threads:
  0x0000028a22ce59f0 WorkerThread "GC Thread#0" [stack: 0x000000b2d7100000,0x000000b2d7200000] [id=6132]
  0x0000028a22cef800 ConcurrentGCThread "G1 Main Marker" [stack: 0x000000b2d7200000,0x000000b2d7300000] [id=21728]
  0x0000028a22cf0990 WorkerThread "G1 Conc#0" [stack: 0x000000b2d7300000,0x000000b2d7400000] [id=23304]

[error occurred during error reporting (printing all threads), id 0xc0000005, EXCEPTION_ACCESS_VIOLATION (0xc0000005) at pc=0x00007ffd4857a707]

VM state: not at safepoint (not fully initialized)

VM Mutex/Monitor currently owned by a thread:  ([mutex/lock_event])
[0x0000028a22c83390] Heap_lock - owner thread: 0x0000028a22c878c0

Heap address: 0x0000000741600000, size: 3050 MB, Compressed Oops mode: Zero based, Oop shift amount: 3

CDS archive(s) mapped at: [0x0000000000000000-0x0000000000000000-0x0000000000000000), size 0, SharedBaseAddress: 0x0000000800000000, ArchiveRelocationMode: 0.
Narrow klass base: 0x0000000000000000, Narrow klass shift: 0, Narrow klass range: 0x0

GC Precious Log:
 CardTable entry size: 512
 Card Set container configuration: InlinePtr #cards 4 size 8 Array Of Cards #cards 16 size 48 Howl #buckets 8 coarsen threshold 3686 Howl Bitmap #cards 512 size 80 coarsen threshold 460 Card regions per heap region 1 cards per card region 4096

Heap:
 garbage-first heap   total 0K, used 0K [0x0000000741600000, 0x0000000800000000)
  region size 2048K, 0 young (0K), 0 survivors (0K)

[error occurred during error reporting (printing heap information), id 0xc0000005, EXCEPTION_ACCESS_VIOLATION (0xc0000005) at pc=0x00007ffd48961859]

GC Heap History (0 events):
No events

Deoptimization events (0 events):
No events

Classes loaded (0 events):
No events

Classes unloaded (0 events):
No events

Classes redefined (0 events):
No events

Internal exceptions (0 events):
No events

VM Operations (0 events):
No events

Events (1 events):
Event: 0.020 Loaded shared library C:\Users\rafal\.jdks\openjdk-18.0.2\bin\java.dll


Dynamic libraries:
0x00007ff7d7510000 - 0x00007ff7d751e000 	C:\Users\rafal\.jdks\openjdk-18.0.2\bin\java.EXE
0x00007ffdcea00000 - 0x00007ffdcec09000 	C:\Windows\SYSTEM32\ntdll.dll
0x00007ffdce1a0000 - 0x00007ffdce25d000 	C:\Windows\System32\KERNEL32.DLL
0x00007ffdcc210000 - 0x00007ffdcc594000 	C:\Windows\System32\KERNELBASE.dll
0x00007ffdcbfa0000 - 0x00007ffdcc0b1000 	C:\Windows\System32\ucrtbase.dll
0x00007ffd9bdc0000 - 0x00007ffd9bdda000 	C:\Users\rafal\.jdks\openjdk-18.0.2\bin\VCRUNTIME140.dll
0x00007ffda7b10000 - 0x00007ffda7b27000 	C:\Users\rafal\.jdks\openjdk-18.0.2\bin\jli.dll
0x00007ffdcd920000 - 0x00007ffdcdacd000 	C:\Windows\System32\USER32.dll
0x00007ffdcc0c0000 - 0x00007ffdcc0e6000 	C:\Windows\System32\win32u.dll
0x00007ffdb2300000 - 0x00007ffdb25a5000 	C:\Windows\WinSxS\amd64_microsoft.windows.common-controls_6595b64144ccf1df_6.0.22000.120_none_9d947278b86cc467\COMCTL32.dll
0x00007ffdce260000 - 0x00007ffdce28a000 	C:\Windows\System32\GDI32.dll
0x00007ffdcc850000 - 0x00007ffdcc8f3000 	C:\Windows\System32\msvcrt.dll
0x00007ffdcc0f0000 - 0x00007ffdcc20e000 	C:\Windows\System32\gdi32full.dll
0x00007ffdcbf00000 - 0x00007ffdcbf9d000 	C:\Windows\System32\msvcp_win.dll
0x00007ffdcc9f0000 - 0x00007ffdcca21000 	C:\Windows\System32\IMM32.DLL
0x00007ffda8db0000 - 0x00007ffda8dbc000 	C:\Users\rafal\.jdks\openjdk-18.0.2\bin\vcruntime140_1.dll
0x00007ffd8ec90000 - 0x00007ffd8ed1d000 	C:\Users\rafal\.jdks\openjdk-18.0.2\bin\msvcp140.dll
0x00007ffd48270000 - 0x00007ffd48e81000 	C:\Users\rafal\.jdks\openjdk-18.0.2\bin\server\jvm.dll
0x00007ffdcd030000 - 0x00007ffdcd0de000 	C:\Windows\System32\ADVAPI32.dll
0x00007ffdce100000 - 0x00007ffdce19e000 	C:\Windows\System32\sechost.dll
0x00007ffdcca90000 - 0x00007ffdccbb1000 	C:\Windows\System32\RPCRT4.dll
0x00007ffdccd60000 - 0x00007ffdccd68000 	C:\Windows\System32\PSAPI.DLL
0x00007ffdbb2f0000 - 0x00007ffdbb2f9000 	C:\Windows\SYSTEM32\WSOCK32.dll
0x00007ffdc6790000 - 0x00007ffdc67c3000 	C:\Windows\SYSTEM32\WINMM.dll
0x00007ffdc5720000 - 0x00007ffdc572a000 	C:\Windows\SYSTEM32\VERSION.dll
0x00007ffdcc900000 - 0x00007ffdcc96f000 	C:\Windows\System32\WS2_32.dll
0x00007ffdcaff0000 - 0x00007ffdcb008000 	C:\Windows\SYSTEM32\kernel.appcore.dll
0x00007ffda8d70000 - 0x00007ffda8d7a000 	C:\Users\rafal\.jdks\openjdk-18.0.2\bin\jimage.dll
0x00007ffdbd270000 - 0x00007ffdbd491000 	C:\Windows\SYSTEM32\DBGHELP.DLL
0x00007ffdb1190000 - 0x00007ffdb11c1000 	C:\Windows\SYSTEM32\dbgcore.DLL
0x00007ffdcc5a0000 - 0x00007ffdcc61f000 	C:\Windows\System32\bcryptPrimitives.dll
0x00007ffdb4ed0000 - 0x00007ffdb4ede000 	C:\Users\rafal\.jdks\openjdk-18.0.2\bin\instrument.dll
0x00007ffd99050000 - 0x00007ffd99075000 	C:\Users\rafal\.jdks\openjdk-18.0.2\bin\java.dll
0x00007ffdbea70000 - 0x00007ffdbeaab000 	C:\Users\rafal\.jdks\openjdk-18.0.2\bin\jdwp.dll

dbghelp: loaded successfully - version: 4.0.5 - missing functions: none
symbol engine: initialized successfully - sym options: 0x614 - pdb path: .;C:\Users\rafal\.jdks\openjdk-18.0.2\bin;C:\Windows\SYSTEM32;C:\Windows\WinSxS\amd64_microsoft.windows.common-controls_6595b64144ccf1df_6.0.22000.120_none_9d947278b86cc467;C:\Users\rafal\.jdks\openjdk-18.0.2\bin\server

VM Arguments:
jvm_args: -Dquarkus-internal.serialized-app-model.path=D:\Dev\Portfolio\quarkus_social\quarkus_social\target\quarkus\bootstrap\dev-app-model.dat -javaagent:C:\Users\rafal\.m2\repository\io\quarkus\quarkus-class-change-agent\3.6.7\quarkus-class-change-agent-3.6.7.jar -XX:TieredStopAtLevel=1 -agentlib:jdwp=transport=dt_socket,address=localhost:5005,server=y,suspend=n -Djava.util.logging.manager=org.jboss.logmanager.LogManager 
java_command: D:\Dev\Portfolio\quarkus_social\quarkus_social\target\quarkus_social-dev.jar
java_class_path (initial): D:\Dev\Portfolio\quarkus_social\quarkus_social\target\quarkus_social-dev.jar
Launcher Type: SUN_STANDARD

[Global flags]
     intx CICompilerCount                          = 4                                         {product} {ergonomic}
     uint ConcGCThreads                            = 2                                         {product} {ergonomic}
     uint G1ConcRefinementThreads                  = 8                                         {product} {ergonomic}
   size_t G1HeapRegionSize                         = 2097152                                   {product} {ergonomic}
    uintx GCDrainStackTargetSize                   = 64                                        {product} {ergonomic}
   size_t InitialHeapSize                          = 201326592                                 {product} {ergonomic}
   size_t MarkStackSize                            = 4194304                                   {product} {ergonomic}
   size_t MaxHeapSize                              = 3198156800                                {product} {ergonomic}
   size_t MinHeapDeltaBytes                        = 2097152                                   {product} {ergonomic}
   size_t MinHeapSize                              = 8388608                                   {product} {ergonomic}
    uintx NonProfiledCodeHeapSize                  = 0                                      {pd product} {ergonomic}
     bool ProfileInterpreter                       = false                                  {pd product} {command line}
    uintx ProfiledCodeHeapSize                     = 0                                      {pd product} {ergonomic}
   size_t SoftMaxHeapSize                          = 3198156800                             {manageable} {ergonomic}
     intx TieredStopAtLevel                        = 1                                         {product} {command line}
     bool UseCompressedClassPointers               = true                           {product lp64_product} {ergonomic}
     bool UseCompressedOops                        = true                           {product lp64_product} {ergonomic}
     bool UseG1GC                                  = true                                      {product} {ergonomic}
     bool UseLargePagesIndividualAllocation        = false                                  {pd product} {ergonomic}

Logging:
Log output configuration:
 #0: stdout all=warning uptime,level,tags foldmultilines=false
 #1: stderr all=off uptime,level,tags foldmultilines=false

Environment Variables:
JAVA_HOME=C:\Program Files\Java\jdk-11
PATH=C:\Program Files\Common Files\Oracle\Java\javapath;C:\ProgramData\Oracle\Java\javapath;C:\Program Files (x86)\Common Files\Oracle\Java\javapath;C:\Windows\system32;C:\Windows;C:\Windows\System32\Wbem;C:\Windows\System32\WindowsPowerShell\v1.0\;C:\Windows\System32\OpenSSH\;C:\Program Files\dotnet\;C:\Program Files\Git\cmd;C:\Program Files\Microsoft SQL Server\Client SDK\ODBC\170\Tools\Binn\;C:\Program Files\Microsoft SQL Server\120\Tools\Binn\;C:\Program Files\Common Files\Autodesk Shared\;C:\Program Files (x86)\NVIDIA Corporation\PhysX\Common;C:\Program Files\NVIDIA Corporation\NVIDIA NvDLISR;C:\Program Files\nodejs\;C:\ffmpeg\bin;C:\Program Files\Java\jdk-11\bin;C:\Program Files\dev\apache-maven-3.9.6\bin;C:\Users\rafal\AppData\Local\Microsoft\WindowsApps;;C:\Users\rafal\AppData\Local\Programs\Microsoft VS Code\bin;C:\Users\rafal\.dotnet\tools;C:\Users\rafal\AppData\Roaming\npm
USERNAME=rafal
OS=Windows_NT
PROCESSOR_IDENTIFIER=Intel64 Family 6 Model 142 Stepping 10, GenuineIntel



---------------  S Y S T E M  ---------------

OS:
 Windows 11 , 64 bit Build 22000 (10.0.22000.2538)
OS uptime: 19 days 14:40 hours

CPU: total 8 (initial active 8) (4 cores per cpu, 2 threads per core) family 6 model 142 stepping 10 microcode 0xea, cx8, cmov, fxsr, ht, mmx, 3dnowpref, sse, sse2, sse3, ssse3, sse4.1, sse4.2, popcnt, lzcnt, tsc, tscinvbit, avx, avx2, aes, erms, clmul, bmi1, bmi2, adx, fma, vzeroupper, clflush, clflushopt

Memory: 4k page, system-wide physical 12197M (770M free)
TotalPageFile size 16293M (AvailPageFile size 190M)
current process WorkingSet (physical memory assigned to process): 11M, peak: 11M
current process commit charge ("private bytes"): 55M, peak: 247M

vm_info: OpenJDK 64-Bit Server VM (18.0.2+9-61) for windows-amd64 JRE (18.0.2+9-61), built on Jun  7 2022 13:05:59 by "mach5one" with MS VC++ 16.8 / 16.9 (VS2019)

END.
