#
# There is insufficient memory for the Java Runtime Environment to continue.
# Native memory allocation (mmap) failed to map 469762048 bytes for G1 virtual space
# Possible reasons:
#   The system is out of physical RAM or swap space
#   The process is running with CompressedOops enabled, and the Java Heap may be blocking the growth of the native heap
# Possible solutions:
#   Reduce memory load on the system
#   Increase physical memory or swap space
#   Check if swap backing store is full
#   Decrease Java heap size (-Xmx/-Xms)
#   Decrease number of Java threads
#   Decrease Java thread stack sizes (-Xss)
#   Set larger code cache with -XX:ReservedCodeCacheSize=
#   JVM is running with Zero Based Compressed Oops mode in which the Java heap is
#     placed in the first 32GB address space. The Java Heap base address is the
#     maximum limit for the native heap growth. Please use -XX:HeapBaseMinAddress
#     to set the Java Heap base and to place the Java Heap above 32GB virtual address.
# This output file may be truncated or incomplete.
#
#  Out of Memory Error (os_windows.cpp:3530), pid=10632, tid=21972
#
# JRE version: OpenJDK Runtime Environment (18.0.2+9) (build 18.0.2+9-61)
# Java VM: OpenJDK 64-Bit Server VM (18.0.2+9-61, mixed mode, emulated-client, sharing, tiered, compressed oops, compressed class ptrs, g1 gc, windows-amd64)
# No core dump will be written. Minidumps are not enabled by default on client versions of Windows
#

---------------  S U M M A R Y ------------

Command Line: -Dquarkus-internal.serialized-app-model.path=D:\Dev\Portfolio\quarkus_social\quarkus_social\target\quarkus\bootstrap\dev-app-model.dat -javaagent:C:\Users\rafal\.m2\repository\io\quarkus\quarkus-class-change-agent\3.6.7\quarkus-class-change-agent-3.6.7.jar -XX:TieredStopAtLevel=1 -agentlib:jdwp=transport=dt_socket,address=localhost:5005,server=y,suspend=n -Djava.util.logging.manager=org.jboss.logmanager.LogManager D:\Dev\Portfolio\quarkus_social\quarkus_social\target\quarkus_social-dev.jar

Host: Intel(R) Core(TM) i7-8550U CPU @ 1.80GHz, 8 cores, 11G,  Windows 11 , 64 bit Build 22000 (10.0.22000.2538)
Time: Thu Feb  8 16:44:06 2024 Hora oficial do Brasil elapsed time: 8.400011 seconds (0d 0h 0m 8s)

---------------  T H R E A D  ---------------

Current thread (0x000001d3ffa66a30):  VMThread "VM Thread" [stack: 0x00000075a3e00000,0x00000075a3f00000] [id=21972]

Stack: [0x00000075a3e00000,0x00000075a3f00000]
Native frames: (J=compiled Java code, j=interpreted, Vv=VM code, C=native code)
V  [jvm.dll+0x6993ca]
V  [jvm.dll+0x7f481d]
V  [jvm.dll+0x7f612e]
V  [jvm.dll+0x7f67e3]
V  [jvm.dll+0x25cdaf]
V  [jvm.dll+0x696319]
V  [jvm.dll+0x68ae4a]
V  [jvm.dll+0x3223eb]
V  [jvm.dll+0x329dc6]
V  [jvm.dll+0x37eade]
V  [jvm.dll+0x37ed0f]
V  [jvm.dll+0x2fa16a]
V  [jvm.dll+0x2fa217]
V  [jvm.dll+0x33e752]
V  [jvm.dll+0x33ccf4]
V  [jvm.dll+0x2fd6d7]
V  [jvm.dll+0x34e686]
V  [jvm.dll+0x7fb5cb]
V  [jvm.dll+0x7fc364]
V  [jvm.dll+0x7fc89c]
V  [jvm.dll+0x7fccf4]
V  [jvm.dll+0x7fcdb7]
V  [jvm.dll+0x7a125a]
V  [jvm.dll+0x698275]
C  [ucrtbase.dll+0x26c0c]
C  [KERNEL32.DLL+0x153e0]
C  [ntdll.dll+0x485b]

VM_Operation (0x00000075a68fc890): CollectForMetadataAllocation, mode: safepoint, requested by thread 0x000001d39c698d60


---------------  P R O C E S S  ---------------

Threads class SMR info:
_java_thread_list=0x000001d39dac9230, length=36, elements={
0x000001d3ff9f20a0, 0x000001d395c14a00, 0x000001d395c1a190, 0x000001d395c30a90,
0x000001d395c31340, 0x000001d395c31bf0, 0x000001d395c36d10, 0x000001d395c35f30,
0x000001d395c41440, 0x000001d39a0482e0, 0x000001d39a04a9c0, 0x000001d39a04d4e0,
0x000001d39a3fe150, 0x000001d39a6448c0, 0x000001d39a646f10, 0x000001d39a6aa850,
0x000001d39a6abb30, 0x000001d39a6b0220, 0x000001d39a726f30, 0x000001d39b5e88d0,
0x000001d39b62fe10, 0x000001d39c47ea10, 0x000001d39c4828a0, 0x000001d39c47e070,
0x000001d39c4806f0, 0x000001d39c697550, 0x000001d39c481090, 0x000001d39c8ed070,
0x000001d39c481a30, 0x000001d39c483be0, 0x000001d39bca7f10, 0x000001d39c4e8380,
0x000001d39c4e8850, 0x000001d39c698d60, 0x000001d39c483240, 0x000001d39da6a550
}

Java Threads: ( => current thread )
  0x000001d3ff9f20a0 JavaThread "main" [_thread_blocked, id=13944, stack(0x00000075a3800000,0x00000075a3900000)]
  0x000001d395c14a00 JavaThread "Reference Handler" daemon [_thread_blocked, id=21096, stack(0x00000075a3f00000,0x00000075a4000000)]
  0x000001d395c1a190 JavaThread "Finalizer" daemon [_thread_blocked, id=18312, stack(0x00000075a4000000,0x00000075a4100000)]
  0x000001d395c30a90 JavaThread "Signal Dispatcher" daemon [_thread_blocked, id=23748, stack(0x00000075a4100000,0x00000075a4200000)]
  0x000001d395c31340 JavaThread "Attach Listener" daemon [_thread_blocked, id=19364, stack(0x00000075a4200000,0x00000075a4300000)]
  0x000001d395c31bf0 JavaThread "Service Thread" daemon [_thread_blocked, id=5712, stack(0x00000075a4300000,0x00000075a4400000)]
  0x000001d395c36d10 JavaThread "Monitor Deflation Thread" daemon [_thread_blocked, id=5208, stack(0x00000075a4400000,0x00000075a4500000)]
  0x000001d395c35f30 JavaThread "C1 CompilerThread0" daemon [_thread_blocked, id=2596, stack(0x00000075a4500000,0x00000075a4600000)]
  0x000001d395c41440 JavaThread "Sweeper thread" daemon [_thread_blocked, id=12256, stack(0x00000075a4600000,0x00000075a4700000)]
  0x000001d39a0482e0 JavaThread "Common-Cleaner" daemon [_thread_blocked, id=13924, stack(0x00000075a4700000,0x00000075a4800000)]
  0x000001d39a04a9c0 JavaThread "C1 CompilerThread1" daemon [_thread_blocked, id=9560, stack(0x00000075a4800000,0x00000075a4900000)]
  0x000001d39a04d4e0 JavaThread "C1 CompilerThread2" daemon [_thread_blocked, id=10264, stack(0x00000075a4900000,0x00000075a4a00000)]
  0x000001d39a3fe150 JavaThread "JDWP Transport Listener: dt_socket" daemon [_thread_in_native, id=12632, stack(0x00000075a4a00000,0x00000075a4b00000)]
  0x000001d39a6448c0 JavaThread "JDWP Event Helper Thread" daemon [_thread_blocked, id=9900, stack(0x00000075a4b00000,0x00000075a4c00000)]
  0x000001d39a646f10 JavaThread "Notification Thread" daemon [_thread_blocked, id=5636, stack(0x00000075a4c00000,0x00000075a4d00000)]
  0x000001d39a6aa850 JavaThread "Reference Reaper #1" daemon [_thread_blocked, id=25812, stack(0x00000075a4e00000,0x00000075a4f00000)]
  0x000001d39a6abb30 JavaThread "Reference Reaper #2" daemon [_thread_blocked, id=4200, stack(0x00000075a4f00000,0x00000075a5000000)]
  0x000001d39a6b0220 JavaThread "Reference Reaper #3" daemon [_thread_blocked, id=11004, stack(0x00000075a5000000,0x00000075a5100000)]
  0x000001d39a726f30 JavaThread "C1 CompilerThread3" daemon [_thread_blocked, id=14052, stack(0x00000075a5100000,0x00000075a5200000)]
  0x000001d39b5e88d0 JavaThread "Quarkus Devmode keep alive thread" [_thread_blocked, id=24484, stack(0x00000075a5a00000,0x00000075a5b00000)]
  0x000001d39b62fe10 JavaThread "ForkJoinPool.commonPool-worker-1" daemon [_thread_blocked, id=8464, stack(0x00000075a5e00000,0x00000075a5f00000)]
  0x000001d39c47ea10 JavaThread "org.aesh.readline.terminal.impl.WinExternalTerminal@10f22861 input pump thread" daemon [_thread_in_native, id=2188, stack(0x00000075ab100000,0x00000075ab200000)]
  0x000001d39c4828a0 JavaThread "Aesh InputStream Reader" daemon [_thread_blocked, id=7776, stack(0x00000075ab200000,0x00000075ab300000)]
  0x000001d39c47e070 JavaThread "Quarkus Terminal Reader" daemon [_thread_blocked, id=23540, stack(0x00000075ab300000,0x00000075ab400000)]
  0x000001d39c4806f0 JavaThread "ForkJoinPool.commonPool-worker-2" daemon [_thread_blocked, id=21380, stack(0x00000075a5f00000,0x00000075a6000000)]
  0x000001d39c697550 JavaThread "ForkJoinPool.commonPool-worker-3" daemon [_thread_blocked, id=15344, stack(0x00000075a6000000,0x00000075a6100000)]
  0x000001d39c481090 JavaThread "ForkJoinPool.commonPool-worker-4" daemon [_thread_blocked, id=16204, stack(0x00000075a6100000,0x00000075a6200000)]
  0x000001d39c8ed070 JavaThread "ForkJoinPool.commonPool-worker-5" daemon [_thread_blocked, id=24476, stack(0x00000075a6200000,0x00000075a6300000)]
  0x000001d39c481a30 JavaThread "ForkJoinPool.commonPool-worker-6" daemon [_thread_blocked, id=13052, stack(0x00000075a6300000,0x00000075a6400000)]
  0x000001d39c483be0 JavaThread "ForkJoinPool.commonPool-worker-7" daemon [_thread_blocked, id=26068, stack(0x00000075a6400000,0x00000075a6500000)]
  0x000001d39bca7f10 JavaThread "Quarkus Main Thread" [_thread_blocked, id=14944, stack(0x00000075a6500000,0x00000075a6600000)]
  0x000001d39c4e8380 JavaThread "executor-thread-1" daemon [_thread_blocked, id=21044, stack(0x00000075a6600000,0x00000075a6700000)]
  0x000001d39c4e8850 JavaThread "vertx-blocked-thread-checker" daemon [_thread_blocked, id=18004, stack(0x00000075a6700000,0x00000075a6800000)]
  0x000001d39c698d60 JavaThread "JPA Startup Thread" [_thread_blocked, id=22068, stack(0x00000075a6800000,0x00000075a6900000)]
  0x000001d39c483240 JavaThread "agroal-11" daemon [_thread_blocked, id=19548, stack(0x00000075a6900000,0x00000075a6a00000)]
  0x000001d39da6a550 JavaThread "PostgreSQL-JDBC-Cleaner" daemon [_thread_blocked, id=1396, stack(0x00000075a6b00000,0x00000075a6c00000)]

Other Threads:
=>0x000001d3ffa66a30 VMThread "VM Thread" [stack: 0x00000075a3e00000,0x00000075a3f00000] [id=21972]
  0x000001d3ff9f2e10 WatcherThread "VM Periodic Task Thread" [stack: 0x00000075a4d00000,0x00000075a4e00000] [id=25072]
  0x000001d3ffa50ab0 WorkerThread "GC Thread#0" [stack: 0x00000075a3900000,0x00000075a3a00000] [id=26472]
  0x000001d39a8e29c0 WorkerThread "GC Thread#1" [stack: 0x00000075a5200000,0x00000075a5300000] [id=26172]
  0x000001d39a8e2c60 WorkerThread "GC Thread#2" [stack: 0x00000075a5300000,0x00000075a5400000] [id=23096]
  0x000001d39a8e2f00 WorkerThread "GC Thread#3" [stack: 0x00000075a5400000,0x00000075a5500000] [id=10524]
  0x000001d39a8e9cd0 WorkerThread "GC Thread#4" [stack: 0x00000075a5500000,0x00000075a5600000] [id=14560]
  0x000001d39a8032d0 WorkerThread "GC Thread#5" [stack: 0x00000075a5600000,0x00000075a5700000] [id=296]
  0x000001d39a803570 WorkerThread "GC Thread#6" [stack: 0x00000075a5700000,0x00000075a5800000] [id=12028]
  0x000001d39b5f17e0 WorkerThread "GC Thread#7" [stack: 0x00000075a5b00000,0x00000075a5c00000] [id=2032]
  0x000001d3ffa5d780 ConcurrentGCThread "G1 Main Marker" [stack: 0x00000075a3a00000,0x00000075a3b00000] [id=12056]
  0x000001d3ffa5f8a0 WorkerThread "G1 Conc#0" [stack: 0x00000075a3b00000,0x00000075a3c00000] [id=25092]
  0x000001d39baac310 WorkerThread "G1 Conc#1" [stack: 0x00000075ab400000,0x00000075ab500000] [id=14344]
  0x000001d3ffaa5d60 ConcurrentGCThread "G1 Refine#0" [stack: 0x00000075a3c00000,0x00000075a3d00000] [id=16720]
  0x000001d39a0a5d30 ConcurrentGCThread "G1 Refine#1" [stack: 0x00000075a5800000,0x00000075a5900000] [id=19584]
  0x000001d39a8dd7c0 ConcurrentGCThread "G1 Refine#2" [stack: 0x00000075a5900000,0x00000075a5a00000] [id=25348]
  0x000001d39b5f3000 ConcurrentGCThread "G1 Refine#3" [stack: 0x00000075a5c00000,0x00000075a5d00000] [id=3748]
  0x000001d39a8dda90 ConcurrentGCThread "G1 Refine#4" [stack: 0x00000075a5d00000,0x00000075a5e00000] [id=26344]
  0x000001d3ffaa6580 ConcurrentGCThread "G1 Service" [stack: 0x00000075a3d00000,0x00000075a3e00000] [id=948]

Threads with active compile tasks:

VM state: at safepoint (normal execution)

VM Mutex/Monitor currently owned by a thread:  ([mutex/lock_event])
[0x000001d3ff9edfc0] Threads_lock - owner thread: 0x000001d3ffa66a30
[0x000001d3ff9ec940] Heap_lock - owner thread: 0x000001d39c698d60

Heap address: 0x0000000741600000, size: 3050 MB, Compressed Oops mode: Zero based, Oop shift amount: 3

CDS archive(s) mapped at: [0x0000000800000000-0x0000000800ba0000-0x0000000800ba0000), size 12189696, SharedBaseAddress: 0x0000000800000000, ArchiveRelocationMode: 0.
Compressed class space mapped at: 0x0000000800c00000-0x0000000840c00000, reserved size: 1073741824
Narrow klass base: 0x0000000800000000, Narrow klass shift: 0, Narrow klass range: 0x100000000

GC Precious Log:
 CardTable entry size: 512
 Card Set container configuration: InlinePtr #cards 4 size 8 Array Of Cards #cards 16 size 48 Howl #buckets 8 coarsen threshold 3686 Howl Bitmap #cards 512 size 80 coarsen threshold 460 Card regions per heap region 1 cards per card region 4096
 CPUs: 8 total, 8 available
 Memory: 12197M
 Large Page Support: Disabled
 NUMA Support: Disabled
 Compressed Oops: Enabled (Zero based)
 Heap Region Size: 2M
 Heap Min Capacity: 8M
 Heap Initial Capacity: 192M
 Heap Max Capacity: 3050M
 Pre-touch: Disabled
 Parallel Workers: 8
 Concurrent Workers: 2
 Concurrent Refinement Workers: 8
 Periodic GC: Disabled

Heap:
 garbage-first heap   total 303104K, used 80684K [0x0000000741600000, 0x0000000800000000)
  region size 2048K, 3 young (6144K), 3 survivors (6144K)
 Metaspace       used 62180K, committed 63616K, reserved 1114112K
  class space    used 8722K, committed 9472K, reserved 1048576K

Heap Regions: E=young(eden), S=young(survivor), O=old, HS=humongous(starts), HC=humongous(continues), CS=collection set, F=free, OA=open archive, CA=closed archive, TAMS=top-at-mark-start (previous, next)
|   0|0x0000000741600000, 0x0000000741800000, 0x0000000741800000|100%| O|  |TAMS 0x0000000741800000, 0x0000000741800000| Untracked 
|   1|0x0000000741800000, 0x0000000741a00000, 0x0000000741a00000|100%| O|  |TAMS 0x0000000741a00000, 0x0000000741a00000| Untracked 
|   2|0x0000000741a00000, 0x0000000741c00000, 0x0000000741c00000|100%| O|  |TAMS 0x0000000741c00000, 0x0000000741c00000| Untracked 
|   3|0x0000000741c00000, 0x0000000741e00000, 0x0000000741e00000|100%|HS|  |TAMS 0x0000000741e00000, 0x0000000741e00000| Complete 
|   4|0x0000000741e00000, 0x0000000742000000, 0x0000000742000000|100%| O|  |TAMS 0x0000000742000000, 0x0000000742000000| Untracked 
|   5|0x0000000742000000, 0x0000000742200000, 0x0000000742200000|100%| O|  |TAMS 0x0000000742200000, 0x0000000742200000| Untracked 
|   6|0x0000000742200000, 0x0000000742400000, 0x0000000742400000|100%| O|  |TAMS 0x0000000742400000, 0x0000000742400000| Untracked 
|   7|0x0000000742400000, 0x0000000742600000, 0x0000000742600000|100%| O|  |TAMS 0x0000000742600000, 0x0000000742600000| Untracked 
|   8|0x0000000742600000, 0x0000000742800000, 0x0000000742800000|100%| O|  |TAMS 0x0000000742800000, 0x0000000742800000| Untracked 
|   9|0x0000000742800000, 0x0000000742a00000, 0x0000000742a00000|100%| O|  |TAMS 0x0000000742a00000, 0x0000000742a00000| Untracked 
|  10|0x0000000742a00000, 0x0000000742c00000, 0x0000000742c00000|100%| O|  |TAMS 0x0000000742c00000, 0x0000000742c00000| Untracked 
|  11|0x0000000742c00000, 0x0000000742e00000, 0x0000000742e00000|100%| O|  |TAMS 0x0000000742e00000, 0x0000000742e00000| Untracked 
|  12|0x0000000742e00000, 0x0000000743000000, 0x0000000743000000|100%| O|  |TAMS 0x0000000742e00000, 0x0000000743000000| Untracked 
|  13|0x0000000743000000, 0x0000000743200000, 0x0000000743200000|100%| O|  |TAMS 0x0000000743200000, 0x0000000743200000| Untracked 
|  14|0x0000000743200000, 0x0000000743400000, 0x0000000743400000|100%| O|  |TAMS 0x0000000743400000, 0x0000000743400000| Untracked 
|  15|0x0000000743400000, 0x0000000743600000, 0x0000000743600000|100%| O|  |TAMS 0x0000000743600000, 0x0000000743600000| Untracked 
|  16|0x0000000743600000, 0x0000000743800000, 0x0000000743800000|100%| O|  |TAMS 0x0000000743800000, 0x0000000743800000| Untracked 
|  17|0x0000000743800000, 0x0000000743a00000, 0x0000000743a00000|100%| O|  |TAMS 0x0000000743a00000, 0x0000000743a00000| Untracked 
|  18|0x0000000743a00000, 0x0000000743a00000, 0x0000000743c00000|  0%| F|  |TAMS 0x0000000743a00000, 0x0000000743a00000| Untracked 
|  19|0x0000000743c00000, 0x0000000743e00000, 0x0000000743e00000|100%| O|  |TAMS 0x0000000743e00000, 0x0000000743e00000| Untracked 
|  20|0x0000000743e00000, 0x0000000744000000, 0x0000000744000000|100%| O|  |TAMS 0x0000000744000000, 0x0000000744000000| Untracked 
|  21|0x0000000744000000, 0x0000000744200000, 0x0000000744200000|100%| O|  |TAMS 0x0000000744200000, 0x0000000744200000| Untracked 
|  22|0x0000000744200000, 0x0000000744400000, 0x0000000744400000|100%| O|  |TAMS 0x0000000744400000, 0x0000000744400000| Untracked 
|  23|0x0000000744400000, 0x0000000744600000, 0x0000000744600000|100%| O|  |TAMS 0x0000000744600000, 0x0000000744600000| Untracked 
|  24|0x0000000744600000, 0x0000000744800000, 0x0000000744800000|100%| O|  |TAMS 0x0000000744800000, 0x0000000744800000| Untracked 
|  25|0x0000000744800000, 0x0000000744a00000, 0x0000000744a00000|100%| O|  |TAMS 0x0000000744a00000, 0x0000000744a00000| Untracked 
|  26|0x0000000744a00000, 0x0000000744b75200, 0x0000000744c00000| 72%| O|  |TAMS 0x0000000744b75200, 0x0000000744b75200| Untracked 
|  27|0x0000000744c00000, 0x0000000744e00000, 0x0000000744e00000|100%| O|  |TAMS 0x0000000744e00000, 0x0000000744e00000| Untracked 
|  28|0x0000000744e00000, 0x0000000745000000, 0x0000000745000000|100%| O|  |TAMS 0x0000000745000000, 0x0000000745000000| Untracked 
|  29|0x0000000745000000, 0x0000000745200000, 0x0000000745200000|100%| O|  |TAMS 0x0000000745200000, 0x0000000745200000| Untracked 
|  30|0x0000000745200000, 0x0000000745400000, 0x0000000745400000|100%| O|  |TAMS 0x0000000745400000, 0x0000000745400000| Untracked 
|  31|0x0000000745400000, 0x0000000745600000, 0x0000000745600000|100%| O|  |TAMS 0x0000000745600000, 0x0000000745600000| Untracked 
|  32|0x0000000745600000, 0x000000074574fa00, 0x0000000745800000| 65%| O|  |TAMS 0x000000074574fa00, 0x000000074574fa00| Untracked 
|  33|0x0000000745800000, 0x0000000745a00000, 0x0000000745a00000|100%| O|  |TAMS 0x0000000745800000, 0x0000000745a00000| Untracked 
|  34|0x0000000745a00000, 0x0000000745c00000, 0x0000000745c00000|100%| O|  |TAMS 0x0000000745a00000, 0x0000000745c00000| Untracked 
|  35|0x0000000745c00000, 0x0000000745e00000, 0x0000000745e00000|100%| O|  |TAMS 0x0000000745c00000, 0x0000000745e00000| Untracked 
|  36|0x0000000745e00000, 0x0000000746000000, 0x0000000746000000|100%| O|  |TAMS 0x0000000745e00000, 0x0000000746000000| Untracked 
|  37|0x0000000746000000, 0x0000000746200000, 0x0000000746200000|100%| O|  |TAMS 0x0000000746000000, 0x0000000746200000| Untracked 
|  38|0x0000000746200000, 0x0000000746400000, 0x0000000746400000|100%| O|  |TAMS 0x0000000746200000, 0x0000000746400000| Untracked 
|  39|0x0000000746400000, 0x0000000746400000, 0x0000000746600000|  0%| F|  |TAMS 0x0000000746400000, 0x0000000746400000| Untracked 
|  40|0x0000000746600000, 0x0000000746600000, 0x0000000746800000|  0%| F|  |TAMS 0x0000000746600000, 0x0000000746600000| Untracked 
|  41|0x0000000746800000, 0x0000000746800000, 0x0000000746a00000|  0%| F|  |TAMS 0x0000000746800000, 0x0000000746800000| Untracked 
|  42|0x0000000746a00000, 0x0000000746a00000, 0x0000000746c00000|  0%| F|  |TAMS 0x0000000746a00000, 0x0000000746a00000| Untracked 
|  43|0x0000000746c00000, 0x0000000746c00000, 0x0000000746e00000|  0%| F|  |TAMS 0x0000000746c00000, 0x0000000746c00000| Untracked 
|  44|0x0000000746e00000, 0x0000000746e00000, 0x0000000747000000|  0%| F|  |TAMS 0x0000000746e00000, 0x0000000746e00000| Untracked 
|  45|0x0000000747000000, 0x0000000747000000, 0x0000000747200000|  0%| F|  |TAMS 0x0000000747000000, 0x0000000747000000| Untracked 
|  46|0x0000000747200000, 0x0000000747200000, 0x0000000747400000|  0%| F|  |TAMS 0x0000000747200000, 0x0000000747200000| Untracked 
|  47|0x0000000747400000, 0x0000000747400000, 0x0000000747600000|  0%| F|  |TAMS 0x0000000747400000, 0x0000000747400000| Untracked 
|  48|0x0000000747600000, 0x0000000747600000, 0x0000000747800000|  0%| F|  |TAMS 0x0000000747600000, 0x0000000747600000| Untracked 
|  49|0x0000000747800000, 0x0000000747800000, 0x0000000747a00000|  0%| F|  |TAMS 0x0000000747800000, 0x0000000747800000| Untracked 
|  50|0x0000000747a00000, 0x0000000747a00000, 0x0000000747c00000|  0%| F|  |TAMS 0x0000000747a00000, 0x0000000747a00000| Untracked 
|  51|0x0000000747c00000, 0x0000000747c00000, 0x0000000747e00000|  0%| F|  |TAMS 0x0000000747c00000, 0x0000000747c00000| Untracked 
|  52|0x0000000747e00000, 0x0000000747e00000, 0x0000000748000000|  0%| F|  |TAMS 0x0000000747e00000, 0x0000000747e00000| Untracked 
|  53|0x0000000748000000, 0x0000000748000000, 0x0000000748200000|  0%| F|  |TAMS 0x0000000748000000, 0x0000000748000000| Untracked 
|  54|0x0000000748200000, 0x0000000748200000, 0x0000000748400000|  0%| F|  |TAMS 0x0000000748200000, 0x0000000748200000| Untracked 
|  55|0x0000000748400000, 0x0000000748400000, 0x0000000748600000|  0%| F|  |TAMS 0x0000000748400000, 0x0000000748400000| Untracked 
|  56|0x0000000748600000, 0x0000000748600000, 0x0000000748800000|  0%| F|  |TAMS 0x0000000748600000, 0x0000000748600000| Untracked 
|  57|0x0000000748800000, 0x0000000748800000, 0x0000000748a00000|  0%| F|  |TAMS 0x0000000748800000, 0x0000000748800000| Untracked 
|  58|0x0000000748a00000, 0x0000000748a00000, 0x0000000748c00000|  0%| F|  |TAMS 0x0000000748a00000, 0x0000000748a00000| Untracked 
|  59|0x0000000748c00000, 0x0000000748c00000, 0x0000000748e00000|  0%| F|  |TAMS 0x0000000748c00000, 0x0000000748c00000| Untracked 
|  60|0x0000000748e00000, 0x0000000748e00000, 0x0000000749000000|  0%| F|  |TAMS 0x0000000748e00000, 0x0000000748e00000| Untracked 
|  61|0x0000000749000000, 0x0000000749000000, 0x0000000749200000|  0%| F|  |TAMS 0x0000000749000000, 0x0000000749000000| Untracked 
|  62|0x0000000749200000, 0x0000000749200000, 0x0000000749400000|  0%| F|  |TAMS 0x0000000749200000, 0x0000000749200000| Untracked 
|  63|0x0000000749400000, 0x0000000749400000, 0x0000000749600000|  0%| F|  |TAMS 0x0000000749400000, 0x0000000749400000| Untracked 
|  64|0x0000000749600000, 0x0000000749600000, 0x0000000749800000|  0%| F|  |TAMS 0x0000000749600000, 0x0000000749600000| Untracked 
|  65|0x0000000749800000, 0x0000000749800000, 0x0000000749a00000|  0%| F|  |TAMS 0x0000000749800000, 0x0000000749800000| Untracked 
|  66|0x0000000749a00000, 0x0000000749a00000, 0x0000000749c00000|  0%| F|  |TAMS 0x0000000749a00000, 0x0000000749a00000| Untracked 
|  67|0x0000000749c00000, 0x0000000749c00000, 0x0000000749e00000|  0%| F|  |TAMS 0x0000000749c00000, 0x0000000749c00000| Untracked 
|  68|0x0000000749e00000, 0x0000000749e00000, 0x000000074a000000|  0%| F|  |TAMS 0x0000000749e00000, 0x0000000749e00000| Untracked 
|  69|0x000000074a000000, 0x000000074a000000, 0x000000074a200000|  0%| F|  |TAMS 0x000000074a000000, 0x000000074a000000| Untracked 
|  70|0x000000074a200000, 0x000000074a200000, 0x000000074a400000|  0%| F|  |TAMS 0x000000074a200000, 0x000000074a200000| Untracked 
|  71|0x000000074a400000, 0x000000074a400000, 0x000000074a600000|  0%| F|  |TAMS 0x000000074a400000, 0x000000074a400000| Untracked 
|  72|0x000000074a600000, 0x000000074a600000, 0x000000074a800000|  0%| F|  |TAMS 0x000000074a600000, 0x000000074a600000| Untracked 
|  73|0x000000074a800000, 0x000000074a800000, 0x000000074aa00000|  0%| F|  |TAMS 0x000000074a800000, 0x000000074a800000| Untracked 
|  74|0x000000074aa00000, 0x000000074aa00000, 0x000000074ac00000|  0%| F|  |TAMS 0x000000074aa00000, 0x000000074aa00000| Untracked 
|  75|0x000000074ac00000, 0x000000074ac00000, 0x000000074ae00000|  0%| F|  |TAMS 0x000000074ac00000, 0x000000074ac00000| Untracked 
|  76|0x000000074ae00000, 0x000000074ae00000, 0x000000074b000000|  0%| F|  |TAMS 0x000000074ae00000, 0x000000074ae00000| Untracked 
|  77|0x000000074b000000, 0x000000074b000000, 0x000000074b200000|  0%| F|  |TAMS 0x000000074b000000, 0x000000074b000000| Untracked 
|  78|0x000000074b200000, 0x000000074b200000, 0x000000074b400000|  0%| F|  |TAMS 0x000000074b200000, 0x000000074b200000| Untracked 
|  79|0x000000074b400000, 0x000000074b400000, 0x000000074b600000|  0%| F|  |TAMS 0x000000074b400000, 0x000000074b400000| Untracked 
|  80|0x000000074b600000, 0x000000074b600000, 0x000000074b800000|  0%| F|  |TAMS 0x000000074b600000, 0x000000074b600000| Untracked 
|  81|0x000000074b800000, 0x000000074b800000, 0x000000074ba00000|  0%| F|  |TAMS 0x000000074b800000, 0x000000074b800000| Untracked 
|  82|0x000000074ba00000, 0x000000074ba00000, 0x000000074bc00000|  0%| F|  |TAMS 0x000000074ba00000, 0x000000074ba00000| Untracked 
|  83|0x000000074bc00000, 0x000000074bc00000, 0x000000074be00000|  0%| F|  |TAMS 0x000000074bc00000, 0x000000074bc00000| Untracked 
|  84|0x000000074be00000, 0x000000074be00000, 0x000000074c000000|  0%| F|  |TAMS 0x000000074be00000, 0x000000074be00000| Untracked 
|  85|0x000000074c000000, 0x000000074c0067b8, 0x000000074c200000|  1%| S|CS|TAMS 0x000000074c000000, 0x000000074c000000| Complete 
|  86|0x000000074c200000, 0x000000074c400000, 0x000000074c400000|100%| S|CS|TAMS 0x000000074c200000, 0x000000074c200000| Complete 
|  87|0x000000074c400000, 0x000000074c600000, 0x000000074c600000|100%| S|CS|TAMS 0x000000074c400000, 0x000000074c400000| Complete 
|  88|0x000000074c600000, 0x000000074c600000, 0x000000074c800000|  0%| F|  |TAMS 0x000000074c600000, 0x000000074c600000| Untracked 
|  89|0x000000074c800000, 0x000000074c800000, 0x000000074ca00000|  0%| F|  |TAMS 0x000000074c800000, 0x000000074c800000| Untracked 
|  90|0x000000074ca00000, 0x000000074ca00000, 0x000000074cc00000|  0%| F|  |TAMS 0x000000074ca00000, 0x000000074ca00000| Untracked 
|  91|0x000000074cc00000, 0x000000074cc00000, 0x000000074ce00000|  0%| F|  |TAMS 0x000000074cc00000, 0x000000074cc00000| Untracked 
|  92|0x000000074ce00000, 0x000000074ce00000, 0x000000074d000000|  0%| F|  |TAMS 0x000000074ce00000, 0x000000074ce00000| Untracked 
|  93|0x000000074d000000, 0x000000074d000000, 0x000000074d200000|  0%| F|  |TAMS 0x000000074d000000, 0x000000074d000000| Untracked 
|  94|0x000000074d200000, 0x000000074d200000, 0x000000074d400000|  0%| F|  |TAMS 0x000000074d200000, 0x000000074d200000| Untracked 
|  95|0x000000074d400000, 0x000000074d400000, 0x000000074d600000|  0%| F|  |TAMS 0x000000074d400000, 0x000000074d400000| Untracked 
|  96|0x000000074d600000, 0x000000074d600000, 0x000000074d800000|  0%| F|  |TAMS 0x000000074d600000, 0x000000074d600000| Untracked 
|  97|0x000000074d800000, 0x000000074d800000, 0x000000074da00000|  0%| F|  |TAMS 0x000000074d800000, 0x000000074d800000| Untracked 
|  98|0x000000074da00000, 0x000000074da00000, 0x000000074dc00000|  0%| F|  |TAMS 0x000000074da00000, 0x000000074da00000| Untracked 
|  99|0x000000074dc00000, 0x000000074dc00000, 0x000000074de00000|  0%| F|  |TAMS 0x000000074dc00000, 0x000000074dc00000| Untracked 
| 100|0x000000074de00000, 0x000000074de00000, 0x000000074e000000|  0%| F|  |TAMS 0x000000074de00000, 0x000000074de00000| Untracked 
| 101|0x000000074e000000, 0x000000074e000000, 0x000000074e200000|  0%| F|  |TAMS 0x000000074e000000, 0x000000074e000000| Untracked 
| 102|0x000000074e200000, 0x000000074e200000, 0x000000074e400000|  0%| F|  |TAMS 0x000000074e200000, 0x000000074e200000| Untracked 
| 103|0x000000074e400000, 0x000000074e400000, 0x000000074e600000|  0%| F|  |TAMS 0x000000074e400000, 0x000000074e400000| Untracked 
| 104|0x000000074e600000, 0x000000074e600000, 0x000000074e800000|  0%| F|  |TAMS 0x000000074e600000, 0x000000074e600000| Untracked 
| 105|0x000000074e800000, 0x000000074e800000, 0x000000074ea00000|  0%| F|  |TAMS 0x000000074e800000, 0x000000074e800000| Untracked 
| 106|0x000000074ea00000, 0x000000074ea00000, 0x000000074ec00000|  0%| F|  |TAMS 0x000000074ea00000, 0x000000074ea00000| Untracked 
| 107|0x000000074ec00000, 0x000000074ec00000, 0x000000074ee00000|  0%| F|  |TAMS 0x000000074ec00000, 0x000000074ec00000| Untracked 
| 108|0x000000074ee00000, 0x000000074ee00000, 0x000000074f000000|  0%| F|  |TAMS 0x000000074ee00000, 0x000000074ee00000| Untracked 
| 109|0x000000074f000000, 0x000000074f000000, 0x000000074f200000|  0%| F|  |TAMS 0x000000074f000000, 0x000000074f000000| Untracked 
| 110|0x000000074f200000, 0x000000074f200000, 0x000000074f400000|  0%| F|  |TAMS 0x000000074f200000, 0x000000074f200000| Untracked 
| 111|0x000000074f400000, 0x000000074f400000, 0x000000074f600000|  0%| F|  |TAMS 0x000000074f400000, 0x000000074f400000| Untracked 
| 112|0x000000074f600000, 0x000000074f600000, 0x000000074f800000|  0%| F|  |TAMS 0x000000074f600000, 0x000000074f600000| Untracked 
| 113|0x000000074f800000, 0x000000074f800000, 0x000000074fa00000|  0%| F|  |TAMS 0x000000074f800000, 0x000000074f800000| Untracked 
| 114|0x000000074fa00000, 0x000000074fa00000, 0x000000074fc00000|  0%| F|  |TAMS 0x000000074fa00000, 0x000000074fa00000| Untracked 
| 115|0x000000074fc00000, 0x000000074fc00000, 0x000000074fe00000|  0%| F|  |TAMS 0x000000074fc00000, 0x000000074fc00000| Untracked 
| 116|0x000000074fe00000, 0x000000074fe00000, 0x0000000750000000|  0%| F|  |TAMS 0x000000074fe00000, 0x000000074fe00000| Untracked 
| 117|0x0000000750000000, 0x0000000750000000, 0x0000000750200000|  0%| F|  |TAMS 0x0000000750000000, 0x0000000750000000| Untracked 
| 118|0x0000000750200000, 0x0000000750200000, 0x0000000750400000|  0%| F|  |TAMS 0x0000000750200000, 0x0000000750200000| Untracked 
| 119|0x0000000750400000, 0x0000000750400000, 0x0000000750600000|  0%| F|  |TAMS 0x0000000750400000, 0x0000000750400000| Untracked 
| 120|0x0000000750600000, 0x0000000750600000, 0x0000000750800000|  0%| F|  |TAMS 0x0000000750600000, 0x0000000750600000| Untracked 
| 121|0x0000000750800000, 0x0000000750800000, 0x0000000750a00000|  0%| F|  |TAMS 0x0000000750800000, 0x0000000750800000| Untracked 
| 122|0x0000000750a00000, 0x0000000750a00000, 0x0000000750c00000|  0%| F|  |TAMS 0x0000000750a00000, 0x0000000750a00000| Untracked 
| 123|0x0000000750c00000, 0x0000000750c00000, 0x0000000750e00000|  0%| F|  |TAMS 0x0000000750c00000, 0x0000000750c00000| Untracked 
| 124|0x0000000750e00000, 0x0000000750e00000, 0x0000000751000000|  0%| F|  |TAMS 0x0000000750e00000, 0x0000000750e00000| Untracked 
| 125|0x0000000751000000, 0x0000000751000000, 0x0000000751200000|  0%| F|  |TAMS 0x0000000751000000, 0x0000000751000000| Untracked 
| 126|0x0000000751200000, 0x0000000751200000, 0x0000000751400000|  0%| F|  |TAMS 0x0000000751200000, 0x0000000751200000| Untracked 
| 127|0x0000000751400000, 0x0000000751400000, 0x0000000751600000|  0%| F|  |TAMS 0x0000000751400000, 0x0000000751400000| Untracked 
| 128|0x0000000751600000, 0x0000000751600000, 0x0000000751800000|  0%| F|  |TAMS 0x0000000751600000, 0x0000000751600000| Untracked 
| 129|0x0000000751800000, 0x0000000751800000, 0x0000000751a00000|  0%| F|  |TAMS 0x0000000751800000, 0x0000000751800000| Untracked 
| 130|0x0000000751a00000, 0x0000000751a00000, 0x0000000751c00000|  0%| F|  |TAMS 0x0000000751a00000, 0x0000000751a00000| Untracked 
| 131|0x0000000751c00000, 0x0000000751c00000, 0x0000000751e00000|  0%| F|  |TAMS 0x0000000751c00000, 0x0000000751c00000| Untracked 
| 132|0x0000000751e00000, 0x0000000751e00000, 0x0000000752000000|  0%| F|  |TAMS 0x0000000751e00000, 0x0000000751e00000| Untracked 
| 133|0x0000000752000000, 0x0000000752000000, 0x0000000752200000|  0%| F|  |TAMS 0x0000000752000000, 0x0000000752000000| Untracked 
| 134|0x0000000752200000, 0x0000000752200000, 0x0000000752400000|  0%| F|  |TAMS 0x0000000752200000, 0x0000000752200000| Untracked 
| 135|0x0000000752400000, 0x0000000752400000, 0x0000000752600000|  0%| F|  |TAMS 0x0000000752400000, 0x0000000752400000| Untracked 
| 136|0x0000000752600000, 0x0000000752600000, 0x0000000752800000|  0%| F|  |TAMS 0x0000000752600000, 0x0000000752600000| Untracked 
| 137|0x0000000752800000, 0x0000000752800000, 0x0000000752a00000|  0%| F|  |TAMS 0x0000000752800000, 0x0000000752800000| Untracked 
| 138|0x0000000752a00000, 0x0000000752a00000, 0x0000000752c00000|  0%| F|  |TAMS 0x0000000752a00000, 0x0000000752a00000| Untracked 
| 139|0x0000000752c00000, 0x0000000752c00000, 0x0000000752e00000|  0%| F|  |TAMS 0x0000000752c00000, 0x0000000752c00000| Untracked 
| 140|0x0000000752e00000, 0x0000000752e00000, 0x0000000753000000|  0%| F|  |TAMS 0x0000000752e00000, 0x0000000752e00000| Untracked 
| 141|0x0000000753000000, 0x0000000753000000, 0x0000000753200000|  0%| F|  |TAMS 0x0000000753000000, 0x0000000753000000| Untracked 
| 142|0x0000000753200000, 0x0000000753200000, 0x0000000753400000|  0%| F|  |TAMS 0x0000000753200000, 0x0000000753200000| Untracked 
| 143|0x0000000753400000, 0x0000000753400000, 0x0000000753600000|  0%| F|  |TAMS 0x0000000753400000, 0x0000000753400000| Untracked 
| 144|0x0000000753600000, 0x0000000753600000, 0x0000000753800000|  0%| F|  |TAMS 0x0000000753600000, 0x0000000753600000| Untracked 
| 145|0x0000000753800000, 0x0000000753800000, 0x0000000753a00000|  0%| F|  |TAMS 0x0000000753800000, 0x0000000753800000| Untracked 
| 146|0x0000000753a00000, 0x0000000753a00000, 0x0000000753c00000|  0%| F|  |TAMS 0x0000000753a00000, 0x0000000753a00000| Untracked 
| 147|0x0000000753c00000, 0x0000000753c00000, 0x0000000753e00000|  0%| F|  |TAMS 0x0000000753c00000, 0x0000000753c00000| Untracked 

Card table byte_map: [0x000001d38c6e0000,0x000001d38cce0000] _byte_map_base: 0x000001d388cd5000

Marking Bits (Prev, Next): (CMBitMap*) 0x000001d3ffa50fc0, (CMBitMap*) 0x000001d3ffa51000
 Prev Bits: [0x000001d38d2e0000, 0x000001d390288000)
 Next Bits: [0x000001d390290000, 0x000001d393238000)

Polling page: 0x000001d3ffac0000

Metaspace:

Usage:
  Non-class:     52.20 MB used.
      Class:      8.52 MB used.
       Both:     60.72 MB used.

Virtual space:
  Non-class space:       64.00 MB reserved,      52.88 MB ( 83%) committed,  1 nodes.
      Class space:        1.00 GB reserved,       9.25 MB ( <1%) committed,  1 nodes.
             Both:        1.06 GB reserved,      62.12 MB (  6%) committed. 

Chunk freelists:
   Non-Class:  2.69 MB
       Class:  2.62 MB
        Both:  5.31 MB

MaxMetaspaceSize: unlimited
CompressedClassSpaceSize: 1.00 GB
Initial GC threshold: 21.00 MB
Current GC threshold: 62.12 MB
CDS: on
MetaspaceReclaimPolicy: balanced
 - commit_granule_bytes: 65536.
 - commit_granule_words: 8192.
 - virtual_space_node_default_size: 8388608.
 - enlarge_chunks_in_place: 1.
 - new_chunks_are_fully_committed: 0.
 - uncommit_free_chunks: 1.
 - use_allocation_guard: 0.


Internal statistics:

num_allocs_failed_limit: 27.
num_arena_births: 3206.
num_arena_deaths: 500.
num_vsnodes_births: 2.
num_vsnodes_deaths: 0.
num_space_committed: 994.
num_space_uncommitted: 0.
num_chunks_returned_to_freelist: 702.
num_chunks_taken_from_freelist: 6453.
num_chunk_merges: 316.
num_chunk_splits: 3965.
num_chunks_enlarged: 2132.
num_inconsistent_stats: 0.

CodeCache: size=49152Kb used=15050Kb max_used=15077Kb free=34102Kb
 bounds [0x000001d388c80000, 0x000001d389b40000, 0x000001d38bc80000]
 total_blobs=7844 nmethods=7178 adapters=589
 compilation: enabled
              stopped_count=0, restarted_count=0
 full_count=0

Compilation events (20 events):
Event: 8.358 Thread 0x000001d395c35f30 nmethod 7373 0x000001d38942bb90 code [0x000001d38942bd20, 0x000001d38942be28]
Event: 8.358 Thread 0x000001d39a726f30 nmethod 7372 0x000001d38942b810 code [0x000001d38942b9a0, 0x000001d38942baa8]
Event: 8.367 Thread 0x000001d39a04d4e0 7374       1       org.hibernate.event.spi.EventType::ordinal (5 bytes)
Event: 8.367 Thread 0x000001d39a04d4e0 nmethod 7374 0x000001d38942b510 code [0x000001d38942b6a0, 0x000001d38942b778]
Event: 8.369 Thread 0x000001d39a04a9c0 7375       1       java.util.TreeMap::addEntry (59 bytes)
Event: 8.369 Thread 0x000001d39a04a9c0 nmethod 7375 0x000001d38942ae90 code [0x000001d38942b040, 0x000001d38942b3e8]
Event: 8.372 Thread 0x000001d39a726f30 7376       1       org.hibernate.event.service.internal.EventListenerRegistryImpl$Builder$$Lambda$1470/0x000000080154cbb8::apply (11 bytes)
Event: 8.372 Thread 0x000001d39a726f30 nmethod 7376 0x000001d38942a990 code [0x000001d38942ab40, 0x000001d38942ad18]
Event: 8.376 Thread 0x000001d39a04a9c0 7377       1       java.lang.Integer::compareTo (12 bytes)
Event: 8.376 Thread 0x000001d39a726f30 7378       1       java.lang.Integer::compareTo (9 bytes)
Event: 8.376 Thread 0x000001d39a04d4e0 7379       1       java.util.Comparator$$Lambda$674/0x0000000800f59160::compare (10 bytes)
Event: 8.376 Thread 0x000001d395c35f30 7380       1       java.util.Comparator::lambda$comparing$77a9974f$1 (23 bytes)
Event: 8.376 Thread 0x000001d39a04a9c0 nmethod 7377 0x000001d38942a610 code [0x000001d38942a7a0, 0x000001d38942a8b8]
Event: 8.376 Thread 0x000001d39a04d4e0 nmethod 7379 0x000001d38942a190 code [0x000001d38942a340, 0x000001d38942a508]
Event: 8.376 Thread 0x000001d39a04a9c0 7381       1       org.hibernate.event.service.internal.EventListenerRegistryImpl$Builder$$Lambda$1474/0x000000080155c6e8::apply (11 bytes)
Event: 8.376 Thread 0x000001d395c35f30 nmethod 7380 0x000001d389429d90 code [0x000001d389429f40, 0x000001d38942a0c8]
Event: 8.377 Thread 0x000001d39a726f30 nmethod 7378 0x000001d389429990 code [0x000001d389429b20, 0x000001d389429c78]
Event: 8.377 Thread 0x000001d39a04a9c0 nmethod 7381 0x000001d389429490 code [0x000001d389429640, 0x000001d389429818]
Event: 8.377 Thread 0x000001d39a04d4e0 7382       1       java.util.Collections$UnmodifiableMap$UnmodifiableEntrySet$UnmodifiableEntry::getValue (10 bytes)
Event: 8.377 Thread 0x000001d39a04d4e0 nmethod 7382 0x000001d389429190 code [0x000001d389429320, 0x000001d389429408]

GC Heap History (20 events):
Event: 1.229 GC heap after
{Heap after GC invocations=3 (full 0):
 garbage-first heap   total 196608K, used 30720K [0x0000000741600000, 0x0000000800000000)
  region size 2048K, 2 young (4096K), 2 survivors (4096K)
 Metaspace       used 3468K, committed 3712K, reserved 1114112K
  class space    used 418K, committed 512K, reserved 1048576K
}
Event: 1.593 GC heap before
{Heap before GC invocations=3 (full 0):
 garbage-first heap   total 196608K, used 71680K [0x0000000741600000, 0x0000000800000000)
  region size 2048K, 23 young (47104K), 2 survivors (4096K)
 Metaspace       used 4467K, committed 4736K, reserved 1114112K
  class space    used 536K, committed 640K, reserved 1048576K
}
Event: 1.619 GC heap after
{Heap after GC invocations=4 (full 0):
 garbage-first heap   total 196608K, used 45369K [0x0000000741600000, 0x0000000800000000)
  region size 2048K, 3 young (6144K), 3 survivors (6144K)
 Metaspace       used 4467K, committed 4736K, reserved 1114112K
  class space    used 536K, committed 640K, reserved 1048576K
}
Event: 2.606 GC heap before
{Heap before GC invocations=4 (full 0):
 garbage-first heap   total 196608K, used 78137K [0x0000000741600000, 0x0000000800000000)
  region size 2048K, 19 young (38912K), 3 survivors (6144K)
 Metaspace       used 8912K, committed 9280K, reserved 1114112K
  class space    used 1158K, committed 1344K, reserved 1048576K
}
Event: 2.624 GC heap after
{Heap after GC invocations=5 (full 0):
 garbage-first heap   total 303104K, used 49633K [0x0000000741600000, 0x0000000800000000)
  region size 2048K, 2 young (4096K), 2 survivors (4096K)
 Metaspace       used 8912K, committed 9280K, reserved 1114112K
  class space    used 1158K, committed 1344K, reserved 1048576K
}
Event: 3.572 GC heap before
{Heap before GC invocations=5 (full 0):
 garbage-first heap   total 303104K, used 162273K [0x0000000741600000, 0x0000000800000000)
  region size 2048K, 58 young (118784K), 2 survivors (4096K)
 Metaspace       used 19906K, committed 20864K, reserved 1114112K
  class space    used 2802K, committed 3328K, reserved 1048576K
}
Event: 3.587 GC heap after
{Heap after GC invocations=6 (full 0):
 garbage-first heap   total 303104K, used 61211K [0x0000000741600000, 0x0000000800000000)
  region size 2048K, 8 young (16384K), 8 survivors (16384K)
 Metaspace       used 19906K, committed 20864K, reserved 1114112K
  class space    used 2802K, committed 3328K, reserved 1048576K
}
Event: 3.749 GC heap before
{Heap before GC invocations=6 (full 0):
 garbage-first heap   total 303104K, used 89883K [0x0000000741600000, 0x0000000800000000)
  region size 2048K, 23 young (47104K), 8 survivors (16384K)
 Metaspace       used 20437K, committed 21504K, reserved 1114112K
  class space    used 2901K, committed 3456K, reserved 1048576K
}
Event: 3.762 GC heap after
{Heap after GC invocations=7 (full 0):
 garbage-first heap   total 303104K, used 60289K [0x0000000741600000, 0x0000000800000000)
  region size 2048K, 3 young (6144K), 3 survivors (6144K)
 Metaspace       used 20437K, committed 21504K, reserved 1114112K
  class space    used 2901K, committed 3456K, reserved 1048576K
}
Event: 4.874 GC heap before
{Heap before GC invocations=8 (full 0):
 garbage-first heap   total 253952K, used 217985K [0x0000000741600000, 0x0000000800000000)
  region size 2048K, 81 young (165888K), 3 survivors (6144K)
 Metaspace       used 32792K, committed 34304K, reserved 1114112K
  class space    used 4728K, committed 5504K, reserved 1048576K
}
Event: 4.887 GC heap after
{Heap after GC invocations=9 (full 0):
 garbage-first heap   total 253952K, used 66513K [0x0000000741600000, 0x0000000800000000)
  region size 2048K, 6 young (12288K), 6 survivors (12288K)
 Metaspace       used 32792K, committed 34304K, reserved 1114112K
  class space    used 4728K, committed 5504K, reserved 1048576K
}
Event: 4.888 GC heap before
{Heap before GC invocations=9 (full 0):
 garbage-first heap   total 253952K, used 68561K [0x0000000741600000, 0x0000000800000000)
  region size 2048K, 7 young (14336K), 6 survivors (12288K)
 Metaspace       used 32818K, committed 34368K, reserved 1114112K
  class space    used 4730K, committed 5504K, reserved 1048576K
}
Event: 4.899 GC heap after
{Heap after GC invocations=10 (full 0):
 garbage-first heap   total 253952K, used 65210K [0x0000000741600000, 0x0000000800000000)
  region size 2048K, 1 young (2048K), 1 survivors (2048K)
 Metaspace       used 32818K, committed 34368K, reserved 1114112K
  class space    used 4730K, committed 5504K, reserved 1048576K
}
Event: 5.053 GC heap before
{Heap before GC invocations=10 (full 0):
 garbage-first heap   total 253952K, used 79546K [0x0000000741600000, 0x0000000800000000)
  region size 2048K, 10 young (20480K), 1 survivors (2048K)
 Metaspace       used 36015K, committed 37568K, reserved 1114112K
  class space    used 5255K, committed 6080K, reserved 1048576K
}
Event: 5.055 GC heap after
{Heap after GC invocations=11 (full 0):
 garbage-first heap   total 253952K, used 65222K [0x0000000741600000, 0x0000000800000000)
  region size 2048K, 1 young (2048K), 1 survivors (2048K)
 Metaspace       used 36015K, committed 37568K, reserved 1114112K
  class space    used 5255K, committed 6080K, reserved 1048576K
}
Event: 6.523 GC heap before
{Heap before GC invocations=12 (full 0):
 garbage-first heap   total 253952K, used 192198K [0x0000000741600000, 0x0000000800000000)
  region size 2048K, 64 young (131072K), 1 survivors (2048K)
 Metaspace       used 47372K, committed 48896K, reserved 1114112K
  class space    used 6831K, committed 7680K, reserved 1048576K
}
Event: 6.536 GC heap after
{Heap after GC invocations=13 (full 0):
 garbage-first heap   total 253952K, used 78211K [0x0000000741600000, 0x0000000800000000)
  region size 2048K, 7 young (14336K), 7 survivors (14336K)
 Metaspace       used 47372K, committed 48896K, reserved 1114112K
  class space    used 6831K, committed 7680K, reserved 1048576K
}
Event: 6.584 GC heap before
{Heap before GC invocations=13 (full 0):
 garbage-first heap   total 253952K, used 80259K [0x0000000741600000, 0x0000000800000000)
  region size 2048K, 8 young (16384K), 7 survivors (14336K)
 Metaspace       used 47696K, committed 49216K, reserved 1114112K
  class space    used 6883K, committed 7680K, reserved 1048576K
}
Event: 6.598 GC heap after
{Heap after GC invocations=14 (full 0):
 garbage-first heap   total 253952K, used 78442K [0x0000000741600000, 0x0000000800000000)
  region size 2048K, 1 young (2048K), 1 survivors (2048K)
 Metaspace       used 47696K, committed 49216K, reserved 1114112K
  class space    used 6883K, committed 7680K, reserved 1048576K
}
Event: 8.388 GC heap before
{Heap before GC invocations=14 (full 0):
 garbage-first heap   total 253952K, used 146026K [0x0000000741600000, 0x0000000800000000)
  region size 2048K, 36 young (73728K), 1 survivors (2048K)
 Metaspace       used 62180K, committed 63616K, reserved 1114112K
  class space    used 8722K, committed 9472K, reserved 1048576K
}

Deoptimization events (20 events):
Event: 8.380 Thread 0x000001d39c698d60 DEOPT PACKING pc=0x000001d389addb1c sp=0x00000075a68fd8c0
Event: 8.380 Thread 0x000001d39c698d60 DEOPT UNPACKING pc=0x000001d388cd2b43 sp=0x00000075a68fced0 mode 1
Event: 8.380 Thread 0x000001d39c698d60 DEOPT PACKING pc=0x000001d38920abf4 sp=0x00000075a68fdb00
Event: 8.380 Thread 0x000001d39c698d60 DEOPT UNPACKING pc=0x000001d388cd2b43 sp=0x00000075a68fcfb8 mode 1
Event: 8.380 Thread 0x000001d39c698d60 DEOPT PACKING pc=0x000001d3892485e4 sp=0x00000075a68fe4d0
Event: 8.380 Thread 0x000001d39c698d60 DEOPT UNPACKING pc=0x000001d388cd2b43 sp=0x00000075a68fd998 mode 1
Event: 8.380 Thread 0x000001d39c698d60 DEOPT PACKING pc=0x000001d3892482dc sp=0x00000075a68fe560
Event: 8.380 Thread 0x000001d39c698d60 DEOPT UNPACKING pc=0x000001d388cd2b43 sp=0x00000075a68fda38 mode 1
Event: 8.380 Thread 0x000001d39c698d60 DEOPT PACKING pc=0x000001d3890601c9 sp=0x00000075a68fd7e0
Event: 8.380 Thread 0x000001d39c698d60 DEOPT UNPACKING pc=0x000001d388cd2b43 sp=0x00000075a68fcc38 mode 1
Event: 8.380 Thread 0x000001d39c698d60 DEOPT PACKING pc=0x000001d38905f97c sp=0x00000075a68fd870
Event: 8.380 Thread 0x000001d39c698d60 DEOPT UNPACKING pc=0x000001d388cd2b43 sp=0x00000075a68fcd18 mode 1
Event: 8.380 Thread 0x000001d39c698d60 DEOPT PACKING pc=0x000001d389addb1c sp=0x00000075a68fd8c0
Event: 8.380 Thread 0x000001d39c698d60 DEOPT UNPACKING pc=0x000001d388cd2b43 sp=0x00000075a68fced0 mode 1
Event: 8.380 Thread 0x000001d39c698d60 DEOPT PACKING pc=0x000001d38920abf4 sp=0x00000075a68fdb00
Event: 8.380 Thread 0x000001d39c698d60 DEOPT UNPACKING pc=0x000001d388cd2b43 sp=0x00000075a68fcfb8 mode 1
Event: 8.380 Thread 0x000001d39c698d60 DEOPT PACKING pc=0x000001d3892485e4 sp=0x00000075a68fe4d0
Event: 8.380 Thread 0x000001d39c698d60 DEOPT UNPACKING pc=0x000001d388cd2b43 sp=0x00000075a68fd998 mode 1
Event: 8.380 Thread 0x000001d39c698d60 DEOPT PACKING pc=0x000001d3892482dc sp=0x00000075a68fe560
Event: 8.380 Thread 0x000001d39c698d60 DEOPT UNPACKING pc=0x000001d388cd2b43 sp=0x00000075a68fda38 mode 1

Classes loaded (20 events):
Event: 8.097 Loading class javax/crypto/spec/SecretKeySpec
Event: 8.097 Loading class javax/crypto/spec/SecretKeySpec done
Event: 8.097 Loading class javax/crypto/spec/SecretKeySpec$1
Event: 8.097 Loading class jdk/internal/access/JavaxCryptoSpecAccess
Event: 8.097 Loading class jdk/internal/access/JavaxCryptoSpecAccess done
Event: 8.097 Loading class javax/crypto/spec/SecretKeySpec$1 done
Event: 8.173 Loading class java/util/SimpleTimeZone
Event: 8.174 Loading class java/util/SimpleTimeZone done
Event: 8.175 Loading class java/time/LocalDateTime$1
Event: 8.176 Loading class java/time/LocalDateTime$1 done
Event: 8.176 Loading class java/time/chrono/IsoEra
Event: 8.176 Loading class java/time/chrono/Era
Event: 8.177 Loading class java/time/chrono/Era done
Event: 8.177 Loading class java/time/chrono/IsoEra done
Event: 8.265 Loading class java/lang/AbstractMethodError
Event: 8.265 Loading class java/lang/AbstractMethodError done
Event: 8.305 Loading class javax/naming/RefAddr
Event: 8.306 Loading class javax/naming/RefAddr done
Event: 8.306 Loading class javax/naming/StringRefAddr
Event: 8.307 Loading class javax/naming/StringRefAddr done

Classes unloaded (20 events):
Event: 5.154 Thread 0x000001d3ffa66a30 Unloading class 0x0000000800e7cc00 'java/lang/invoke/LambdaForm$DMH+0x0000000800e7cc00'
Event: 5.154 Thread 0x000001d3ffa66a30 Unloading class 0x0000000800e7c800 'java/lang/invoke/LambdaForm$DMH+0x0000000800e7c800'
Event: 5.154 Thread 0x000001d3ffa66a30 Unloading class 0x0000000800e30800 'java/lang/invoke/LambdaForm$MH+0x0000000800e30800'
Event: 5.154 Thread 0x000001d3ffa66a30 Unloading class 0x0000000800e2d800 'java/lang/invoke/LambdaForm$MH+0x0000000800e2d800'
Event: 5.154 Thread 0x000001d3ffa66a30 Unloading class 0x0000000800e2cc00 'java/lang/invoke/LambdaForm$MH+0x0000000800e2cc00'
Event: 5.154 Thread 0x000001d3ffa66a30 Unloading class 0x0000000800e09000 'java/lang/invoke/LambdaForm$MH+0x0000000800e09000'
Event: 5.154 Thread 0x000001d3ffa66a30 Unloading class 0x0000000800e02800 'java/lang/invoke/LambdaForm$MH+0x0000000800e02800'
Event: 5.154 Thread 0x000001d3ffa66a30 Unloading class 0x0000000800e02400 'java/lang/invoke/LambdaForm$MH+0x0000000800e02400'
Event: 5.154 Thread 0x000001d3ffa66a30 Unloading class 0x0000000800e01c00 'java/lang/invoke/LambdaForm$BMH+0x0000000800e01c00'
Event: 5.154 Thread 0x000001d3ffa66a30 Unloading class 0x0000000800e00800 'java/lang/invoke/LambdaForm$MH+0x0000000800e00800'
Event: 5.154 Thread 0x000001d3ffa66a30 Unloading class 0x0000000800e00000 'java/lang/invoke/LambdaForm$DMH+0x0000000800e00000'
Event: 5.154 Thread 0x000001d3ffa66a30 Unloading class 0x0000000800dfbc00 'java/lang/invoke/LambdaForm$MH+0x0000000800dfbc00'
Event: 5.154 Thread 0x000001d3ffa66a30 Unloading class 0x0000000800dfb400 'java/lang/invoke/LambdaForm$MH+0x0000000800dfb400'
Event: 5.154 Thread 0x000001d3ffa66a30 Unloading class 0x0000000800dfb000 'java/lang/invoke/LambdaForm$DMH+0x0000000800dfb000'
Event: 5.154 Thread 0x000001d3ffa66a30 Unloading class 0x0000000800df8800 'java/lang/invoke/LambdaForm$MH+0x0000000800df8800'
Event: 5.154 Thread 0x000001d3ffa66a30 Unloading class 0x0000000800df1c00 'java/lang/invoke/LambdaForm$MH+0x0000000800df1c00'
Event: 5.154 Thread 0x000001d3ffa66a30 Unloading class 0x0000000800df1800 'java/lang/invoke/LambdaForm$MH+0x0000000800df1800'
Event: 5.154 Thread 0x000001d3ffa66a30 Unloading class 0x0000000800df0c00 'java/lang/invoke/LambdaForm$MH+0x0000000800df0c00'
Event: 5.154 Thread 0x000001d3ffa66a30 Unloading class 0x0000000800de2800 'java/lang/invoke/LambdaForm$MH+0x0000000800de2800'
Event: 5.154 Thread 0x000001d3ffa66a30 Unloading class 0x0000000800de1400 'java/lang/invoke/LambdaForm$DMH+0x0000000800de1400'

Classes redefined (0 events):
No events

Internal exceptions (20 events):
Event: 7.327 Thread 0x000001d39bca7f10 Exception <a 'sun/nio/fs/WindowsException'{0x000000074e98fca0}> (0x000000074e98fca0) 
thrown [s\open\src\hotspot\share\prims\jni.cpp, line 516]
Event: 7.327 Thread 0x000001d39bca7f10 Exception <a 'sun/nio/fs/WindowsException'{0x000000074e9902c8}> (0x000000074e9902c8) 
thrown [s\open\src\hotspot\share\prims\jni.cpp, line 516]
Event: 7.343 Thread 0x000001d39bca7f10 Exception <a 'sun/nio/fs/WindowsException'{0x000000074e67d288}> (0x000000074e67d288) 
thrown [s\open\src\hotspot\share\prims\jni.cpp, line 516]
Event: 7.343 Thread 0x000001d39bca7f10 Exception <a 'sun/nio/fs/WindowsException'{0x000000074e67daf8}> (0x000000074e67daf8) 
thrown [s\open\src\hotspot\share\prims\jni.cpp, line 516]
Event: 7.343 Thread 0x000001d39bca7f10 Exception <a 'sun/nio/fs/WindowsException'{0x000000074e67dee0}> (0x000000074e67dee0) 
thrown [s\open\src\hotspot\share\prims\jni.cpp, line 516]
Event: 7.343 Thread 0x000001d39bca7f10 Exception <a 'sun/nio/fs/WindowsException'{0x000000074e67e228}> (0x000000074e67e228) 
thrown [s\open\src\hotspot\share\prims\jni.cpp, line 516]
Event: 7.343 Thread 0x000001d39bca7f10 Exception <a 'sun/nio/fs/WindowsException'{0x000000074e67e528}> (0x000000074e67e528) 
thrown [s\open\src\hotspot\share\prims\jni.cpp, line 516]
Event: 7.344 Thread 0x000001d39bca7f10 Exception <a 'sun/nio/fs/WindowsException'{0x000000074e685188}> (0x000000074e685188) 
thrown [s\open\src\hotspot\share\prims\jni.cpp, line 516]
Event: 7.344 Thread 0x000001d39bca7f10 Exception <a 'sun/nio/fs/WindowsException'{0x000000074e685540}> (0x000000074e685540) 
thrown [s\open\src\hotspot\share\prims\jni.cpp, line 516]
Event: 7.345 Thread 0x000001d39bca7f10 Exception <a 'sun/nio/fs/WindowsException'{0x000000074e685888}> (0x000000074e685888) 
thrown [s\open\src\hotspot\share\prims\jni.cpp, line 516]
Event: 7.345 Thread 0x000001d39bca7f10 Exception <a 'sun/nio/fs/WindowsException'{0x000000074e685af0}> (0x000000074e685af0) 
thrown [s\open\src\hotspot\share\prims\jni.cpp, line 516]
Event: 7.348 Thread 0x000001d39bca7f10 Exception <a 'sun/nio/fs/WindowsException'{0x000000074e6bc688}> (0x000000074e6bc688) 
thrown [s\open\src\hotspot\share\prims\jni.cpp, line 516]
Event: 7.413 Thread 0x000001d39c4e8d20 Exception <a 'java/lang/NoSuchMethodError'{0x000000074e4e0360}: 'long java.lang.invoke.DirectMethodHandle$Holder.invokeInterface(java.lang.Object, java.lang.Object)'> (0x000000074e4e0360) 
thrown [s\open\src\hotspot\share\interpreter\linkResolver.cpp, line 759]
Event: 7.454 Thread 0x000001d39bca7f10 Exception <a 'java/lang/NoSuchMethodError'{0x000000074e36a230}: 'java.lang.Object java.lang.invoke.DirectMethodHandle$Holder.invokeStaticInit(java.lang.Object, java.lang.Object, java.lang.Object, java.lang.Object)'> (0x000000074e36a230) 
thrown [s\open\src\hotspot\share\interpreter\linkResolver.cpp, line 759]
Event: 7.697 Thread 0x000001d39bca7f10 Exception <a 'java/lang/NoSuchMethodError'{0x000000074da7ede0}: 'java.lang.Object java.lang.invoke.DirectMethodHandle$Holder.invokeVirtual(java.lang.Object, java.lang.Object, long)'> (0x000000074da7ede0) 
thrown [s\open\src\hotspot\share\interpreter\linkResolver.cpp, line 759]
Event: 7.706 Thread 0x000001d39bca7f10 Exception <a 'java/lang/NoSuchMethodError'{0x000000074dad8000}: 'void java.lang.invoke.Invokers$Holder.invokeExact_MT(java.lang.Object, java.lang.Object, java.lang.Object)'> (0x000000074dad8000) 
thrown [s\open\src\hotspot\share\interpreter\linkResolver.cpp, line 759]
Event: 7.852 Thread 0x000001d39c698d60 Exception <a 'java/lang/NoSuchMethodError'{0x000000074d58c8b8}: 'java.lang.Object java.lang.invoke.DirectMethodHandle$Holder.newInvokeSpecial(java.lang.Object, java.lang.Object, int, java.lang.Object)'> (0x000000074d58c8b8) 
thrown [s\open\src\hotspot\share\interpreter\linkResolver.cpp, line 759]
Event: 7.872 Thread 0x000001d39c483240 Exception <a 'java/lang/NoSuchMethodError'{0x000000074d7bcf30}: method resolution failed> (0x000000074d7bcf30) 
thrown [s\open\src\hotspot\share\prims\methodHandles.cpp, line 1264]
Event: 7.890 Thread 0x000001d39c483240 Exception <a 'java/lang/NoSuchMethodError'{0x000000074d32e640}: 'int java.lang.invoke.DirectMethodHandle$Holder.invokeStaticInit(java.lang.Object, java.lang.Object, java.lang.Object, java.lang.Object)'> (0x000000074d32e640) 
thrown [s\open\src\hotspot\share\interpreter\linkResolver.cpp, line 759]
Event: 8.054 Thread 0x000001d39c483240 Exception <a 'sun/nio/fs/WindowsException'{0x000000074ce05930}> (0x000000074ce05930) 
thrown [s\open\src\hotspot\share\prims\jni.cpp, line 516]

VM Operations (20 events):
Event: 7.324 Executing VM operation: HandshakeAllThreads done
Event: 7.525 Executing VM operation: HandshakeAllThreads
Event: 7.526 Executing VM operation: HandshakeAllThreads done
Event: 7.626 Executing VM operation: HandshakeAllThreads
Event: 7.626 Executing VM operation: HandshakeAllThreads done
Event: 7.626 Executing VM operation: Cleanup
Event: 7.626 Executing VM operation: Cleanup done
Event: 7.628 Executing VM operation: HandshakeAllThreads
Event: 7.628 Executing VM operation: HandshakeAllThreads done
Event: 7.668 Executing VM operation: HandshakeAllThreads
Event: 7.669 Executing VM operation: HandshakeAllThreads done
Event: 7.679 Executing VM operation: HandshakeAllThreads
Event: 7.679 Executing VM operation: HandshakeAllThreads done
Event: 7.695 Executing VM operation: HandshakeAllThreads
Event: 7.695 Executing VM operation: HandshakeAllThreads done
Event: 7.696 Executing VM operation: HandshakeAllThreads
Event: 7.696 Executing VM operation: HandshakeAllThreads done
Event: 8.039 Executing VM operation: HandshakeAllThreads
Event: 8.039 Executing VM operation: HandshakeAllThreads done
Event: 8.387 Executing VM operation: CollectForMetadataAllocation

Events (20 events):
Event: 7.193 Thread 0x000001d395c41440 flushing nmethod 0x000001d389814590
Event: 7.193 Thread 0x000001d395c41440 flushing nmethod 0x000001d389838b90
Event: 7.193 Thread 0x000001d395c41440 flushing nmethod 0x000001d38984cb10
Event: 7.193 Thread 0x000001d395c41440 flushing nmethod 0x000001d38986ae10
Event: 7.193 Thread 0x000001d395c41440 flushing nmethod 0x000001d389892510
Event: 7.193 Thread 0x000001d395c41440 flushing nmethod 0x000001d3898c0a10
Event: 7.193 Thread 0x000001d395c41440 flushing nmethod 0x000001d3898e3510
Event: 7.193 Thread 0x000001d395c41440 flushing nmethod 0x000001d3898efb10
Event: 7.193 Thread 0x000001d395c41440 flushing nmethod 0x000001d3898f0f10
Event: 7.193 Thread 0x000001d395c41440 flushing nmethod 0x000001d3898f4710
Event: 7.193 Thread 0x000001d395c41440 flushing nmethod 0x000001d3898f6e10
Event: 7.193 Thread 0x000001d395c41440 flushing nmethod 0x000001d389912b10
Event: 7.194 Thread 0x000001d395c41440 flushing nmethod 0x000001d389a48890
Event: 7.410 Thread 0x000001d39c4e8d20 Thread added: 0x000001d39c4e8d20
Event: 7.417 Thread 0x000001d39c4e8d20 Thread exited: 0x000001d39c4e8d20
Event: 7.444 Thread 0x000001d39c4e8380 Thread added: 0x000001d39c4e8380
Event: 7.547 Thread 0x000001d39c4e8850 Thread added: 0x000001d39c4e8850
Event: 7.754 Thread 0x000001d39c698d60 Thread added: 0x000001d39c698d60
Event: 7.819 Thread 0x000001d39c483240 Thread added: 0x000001d39c483240
Event: 8.199 Thread 0x000001d39da6a550 Thread added: 0x000001d39da6a550


Dynamic libraries:
0x00007ff6093b0000 - 0x00007ff6093be000 	C:\Users\rafal\.jdks\openjdk-18.0.2\bin\java.EXE
0x00007ffdcea00000 - 0x00007ffdcec09000 	C:\Windows\SYSTEM32\ntdll.dll
0x00007ffdce1a0000 - 0x00007ffdce25d000 	C:\Windows\System32\KERNEL32.DLL
0x00007ffdcc210000 - 0x00007ffdcc594000 	C:\Windows\System32\KERNELBASE.dll
0x00007ffdcbfa0000 - 0x00007ffdcc0b1000 	C:\Windows\System32\ucrtbase.dll
0x00007ffdb29d0000 - 0x00007ffdb29e7000 	C:\Users\rafal\.jdks\openjdk-18.0.2\bin\jli.dll
0x00007ffdab000000 - 0x00007ffdab01a000 	C:\Users\rafal\.jdks\openjdk-18.0.2\bin\VCRUNTIME140.dll
0x00007ffdcd920000 - 0x00007ffdcdacd000 	C:\Windows\System32\USER32.dll
0x00007ffdcc0c0000 - 0x00007ffdcc0e6000 	C:\Windows\System32\win32u.dll
0x00007ffdb2300000 - 0x00007ffdb25a5000 	C:\Windows\WinSxS\amd64_microsoft.windows.common-controls_6595b64144ccf1df_6.0.22000.120_none_9d947278b86cc467\COMCTL32.dll
0x00007ffdce260000 - 0x00007ffdce28a000 	C:\Windows\System32\GDI32.dll
0x00007ffdcc850000 - 0x00007ffdcc8f3000 	C:\Windows\System32\msvcrt.dll
0x00007ffdcc0f0000 - 0x00007ffdcc20e000 	C:\Windows\System32\gdi32full.dll
0x00007ffdcbf00000 - 0x00007ffdcbf9d000 	C:\Windows\System32\msvcp_win.dll
0x00007ffdcc9f0000 - 0x00007ffdcca21000 	C:\Windows\System32\IMM32.DLL
0x00007ffdb4e80000 - 0x00007ffdb4e8c000 	C:\Users\rafal\.jdks\openjdk-18.0.2\bin\vcruntime140_1.dll
0x00007ffd95ae0000 - 0x00007ffd95b6d000 	C:\Users\rafal\.jdks\openjdk-18.0.2\bin\msvcp140.dll
0x00007ffd1e030000 - 0x00007ffd1ec41000 	C:\Users\rafal\.jdks\openjdk-18.0.2\bin\server\jvm.dll
0x00007ffdcd030000 - 0x00007ffdcd0de000 	C:\Windows\System32\ADVAPI32.dll
0x00007ffdce100000 - 0x00007ffdce19e000 	C:\Windows\System32\sechost.dll
0x00007ffdcca90000 - 0x00007ffdccbb1000 	C:\Windows\System32\RPCRT4.dll
0x00007ffdccd60000 - 0x00007ffdccd68000 	C:\Windows\System32\PSAPI.DLL
0x00007ffdbb2f0000 - 0x00007ffdbb2f9000 	C:\Windows\SYSTEM32\WSOCK32.dll
0x00007ffdc6790000 - 0x00007ffdc67c3000 	C:\Windows\SYSTEM32\WINMM.dll
0x00007ffdc5720000 - 0x00007ffdc572a000 	C:\Windows\SYSTEM32\VERSION.dll
0x00007ffdcc900000 - 0x00007ffdcc96f000 	C:\Windows\System32\WS2_32.dll
0x00007ffdcaff0000 - 0x00007ffdcb008000 	C:\Windows\SYSTEM32\kernel.appcore.dll
0x00007ffdb4460000 - 0x00007ffdb446a000 	C:\Users\rafal\.jdks\openjdk-18.0.2\bin\jimage.dll
0x00007ffdbd270000 - 0x00007ffdbd491000 	C:\Windows\SYSTEM32\DBGHELP.DLL
0x00007ffdb1190000 - 0x00007ffdb11c1000 	C:\Windows\SYSTEM32\dbgcore.DLL
0x00007ffdcc5a0000 - 0x00007ffdcc61f000 	C:\Windows\System32\bcryptPrimitives.dll
0x00007ffdc6b70000 - 0x00007ffdc6b7e000 	C:\Users\rafal\.jdks\openjdk-18.0.2\bin\instrument.dll
0x00007ffda8440000 - 0x00007ffda8465000 	C:\Users\rafal\.jdks\openjdk-18.0.2\bin\java.dll
0x00007ffdab020000 - 0x00007ffdab05b000 	C:\Users\rafal\.jdks\openjdk-18.0.2\bin\jdwp.dll
0x00007ffd8c2a0000 - 0x00007ffd8c376000 	C:\Users\rafal\.jdks\openjdk-18.0.2\bin\jsvml.dll
0x00007ffdcd0e0000 - 0x00007ffdcd8a5000 	C:\Windows\System32\SHELL32.dll
0x00007ffdc9f70000 - 0x00007ffdca7d2000 	C:\Windows\SYSTEM32\windows.storage.dll
0x00007ffdcdd80000 - 0x00007ffdce0f6000 	C:\Windows\System32\combase.dll
0x00007ffdc9e00000 - 0x00007ffdc9f67000 	C:\Windows\SYSTEM32\wintypes.dll
0x00007ffdcdc90000 - 0x00007ffdcdd7a000 	C:\Windows\System32\SHCORE.dll
0x00007ffdcc970000 - 0x00007ffdcc9cd000 	C:\Windows\System32\shlwapi.dll
0x00007ffdcbdc0000 - 0x00007ffdcbde5000 	C:\Windows\SYSTEM32\profapi.dll
0x00007ffda76b0000 - 0x00007ffda76c8000 	C:\Users\rafal\.jdks\openjdk-18.0.2\bin\zip.dll
0x00007ffdaad00000 - 0x00007ffdaad13000 	C:\Users\rafal\.jdks\openjdk-18.0.2\bin\net.dll
0x00007ffdc59a0000 - 0x00007ffdc5ab4000 	C:\Windows\SYSTEM32\WINHTTP.dll
0x00007ffdcb4a0000 - 0x00007ffdcb507000 	C:\Windows\system32\mswsock.dll
0x00007ffda7750000 - 0x00007ffda7766000 	C:\Users\rafal\.jdks\openjdk-18.0.2\bin\nio.dll
0x00007ffdc87d0000 - 0x00007ffdc87dc000 	C:\Users\rafal\.jdks\openjdk-18.0.2\bin\dt_socket.dll
0x00007ffdcab10000 - 0x00007ffdcab3d000 	C:\Windows\SYSTEM32\IPHLPAPI.DLL
0x00007ffdcab80000 - 0x00007ffdcac67000 	C:\Windows\SYSTEM32\DNSAPI.dll
0x00007ffdccd50000 - 0x00007ffdccd59000 	C:\Windows\System32\NSI.dll
0x00007ffdc0510000 - 0x00007ffdc051a000 	C:\Windows\System32\rasadhlp.dll
0x00007ffdc4a60000 - 0x00007ffdc4ae1000 	C:\Windows\System32\fwpuclnt.dll
0x00007ffdab140000 - 0x00007ffdab150000 	C:\Users\rafal\.jdks\openjdk-18.0.2\bin\verify.dll
0x00007ffdc7900000 - 0x00007ffdc7909000 	C:\Users\rafal\.jdks\openjdk-18.0.2\bin\management.dll
0x00007ffdc7150000 - 0x00007ffdc715b000 	C:\Users\rafal\.jdks\openjdk-18.0.2\bin\management_ext.dll
0x00007ffdcb6f0000 - 0x00007ffdcb708000 	C:\Windows\SYSTEM32\CRYPTSP.dll
0x00007ffdcaf50000 - 0x00007ffdcaf85000 	C:\Windows\system32\rsaenh.dll
0x00007ffdcb590000 - 0x00007ffdcb5bc000 	C:\Windows\SYSTEM32\USERENV.dll
0x00007ffdcb860000 - 0x00007ffdcb887000 	C:\Windows\SYSTEM32\bcrypt.dll
0x00007ffdcb6e0000 - 0x00007ffdcb6ec000 	C:\Windows\SYSTEM32\CRYPTBASE.dll
0x00007ffdc5870000 - 0x00007ffdc5889000 	C:\Windows\SYSTEM32\dhcpcsvc6.DLL
0x00007ffdc6970000 - 0x00007ffdc698e000 	C:\Windows\SYSTEM32\dhcpcsvc.DLL

dbghelp: loaded successfully - version: 4.0.5 - missing functions: none
symbol engine: initialized successfully - sym options: 0x614 - pdb path: .;C:\Users\rafal\.jdks\openjdk-18.0.2\bin;C:\Windows\SYSTEM32;C:\Windows\WinSxS\amd64_microsoft.windows.common-controls_6595b64144ccf1df_6.0.22000.120_none_9d947278b86cc467;C:\Users\rafal\.jdks\openjdk-18.0.2\bin\server

VM Arguments:
jvm_args: -Dquarkus-internal.serialized-app-model.path=D:\Dev\Portfolio\quarkus_social\quarkus_social\target\quarkus\bootstrap\dev-app-model.dat -javaagent:C:\Users\rafal\.m2\repository\io\quarkus\quarkus-class-change-agent\3.6.7\quarkus-class-change-agent-3.6.7.jar -XX:TieredStopAtLevel=1 -agentlib:jdwp=transport=dt_socket,address=localhost:5005,server=y,suspend=n -Djava.util.logging.manager=org.jboss.logmanager.LogManager 
java_command: D:\Dev\Portfolio\quarkus_social\quarkus_social\target\quarkus_social-dev.jar
java_class_path (initial): D:\Dev\Portfolio\quarkus_social\quarkus_social\target\quarkus_social-dev.jar
Launcher Type: SUN_STANDARD

[Global flags]
     intx CICompilerCount                          = 4                                         {product} {ergonomic}
     uint ConcGCThreads                            = 2                                         {product} {ergonomic}
     uint G1ConcRefinementThreads                  = 8                                         {product} {ergonomic}
   size_t G1HeapRegionSize                         = 2097152                                   {product} {ergonomic}
    uintx GCDrainStackTargetSize                   = 64                                        {product} {ergonomic}
   size_t InitialHeapSize                          = 201326592                                 {product} {ergonomic}
   size_t MarkStackSize                            = 4194304                                   {product} {ergonomic}
   size_t MaxHeapSize                              = 3198156800                                {product} {ergonomic}
   size_t MaxNewSize                               = 1918894080                                {product} {ergonomic}
   size_t MinHeapDeltaBytes                        = 2097152                                   {product} {ergonomic}
   size_t MinHeapSize                              = 8388608                                   {product} {ergonomic}
    uintx NonProfiledCodeHeapSize                  = 0                                      {pd product} {ergonomic}
     bool ProfileInterpreter                       = false                                  {pd product} {command line}
    uintx ProfiledCodeHeapSize                     = 0                                      {pd product} {ergonomic}
   size_t SoftMaxHeapSize                          = 3198156800                             {manageable} {ergonomic}
     intx TieredStopAtLevel                        = 1                                         {product} {command line}
     bool UseCompressedClassPointers               = true                           {product lp64_product} {ergonomic}
     bool UseCompressedOops                        = true                           {product lp64_product} {ergonomic}
     bool UseG1GC                                  = true                                      {product} {ergonomic}
     bool UseLargePagesIndividualAllocation        = false                                  {pd product} {ergonomic}

Logging:
Log output configuration:
 #0: stdout all=warning uptime,level,tags foldmultilines=false
 #1: stderr all=off uptime,level,tags foldmultilines=false

Environment Variables:
JAVA_HOME=C:\Program Files\Java\jdk-11
PATH=C:\Program Files\Common Files\Oracle\Java\javapath;C:\ProgramData\Oracle\Java\javapath;C:\Program Files (x86)\Common Files\Oracle\Java\javapath;C:\Windows\system32;C:\Windows;C:\Windows\System32\Wbem;C:\Windows\System32\WindowsPowerShell\v1.0\;C:\Windows\System32\OpenSSH\;C:\Program Files\dotnet\;C:\Program Files\Git\cmd;C:\Program Files\Microsoft SQL Server\Client SDK\ODBC\170\Tools\Binn\;C:\Program Files\Microsoft SQL Server\120\Tools\Binn\;C:\Program Files\Common Files\Autodesk Shared\;C:\Program Files (x86)\NVIDIA Corporation\PhysX\Common;C:\Program Files\NVIDIA Corporation\NVIDIA NvDLISR;C:\Program Files\nodejs\;C:\ffmpeg\bin;C:\Program Files\Java\jdk-11\bin;C:\Program Files\dev\apache-maven-3.9.6\bin;C:\Users\rafal\AppData\Local\Microsoft\WindowsApps;;C:\Users\rafal\AppData\Local\Programs\Microsoft VS Code\bin;C:\Users\rafal\.dotnet\tools;C:\Users\rafal\AppData\Roaming\npm
USERNAME=rafal
OS=Windows_NT
PROCESSOR_IDENTIFIER=Intel64 Family 6 Model 142 Stepping 10, GenuineIntel



---------------  S Y S T E M  ---------------

OS:
 Windows 11 , 64 bit Build 22000 (10.0.22000.2538)
OS uptime: 13 days 7:17 hours

CPU: total 8 (initial active 8) (4 cores per cpu, 2 threads per core) family 6 model 142 stepping 10 microcode 0xea, cx8, cmov, fxsr, ht, mmx, 3dnowpref, sse, sse2, sse3, ssse3, sse4.1, sse4.2, popcnt, lzcnt, tsc, tscinvbit, avx, avx2, aes, erms, clmul, bmi1, bmi2, adx, fma, vzeroupper, clflush, clflushopt

Memory: 4k page, system-wide physical 12197M (1592M free)
TotalPageFile size 16293M (AvailPageFile size 183M)
current process WorkingSet (physical memory assigned to process): 411M, peak: 411M
current process commit charge ("private bytes"): 512M, peak: 960M

vm_info: OpenJDK 64-Bit Server VM (18.0.2+9-61) for windows-amd64 JRE (18.0.2+9-61), built on Jun  7 2022 13:05:59 by "mach5one" with MS VC++ 16.8 / 16.9 (VS2019)

END.
