#
# There is insufficient memory for the Java Runtime Environment to continue.
# Native memory allocation (mmap) failed to map 356515840 bytes for G1 virtual space
# Possible reasons:
#   The system is out of physical RAM or swap space
#   The process is running with CompressedOops enabled, and the Java Heap may be blocking the growth of the native heap
# Possible solutions:
#   Reduce memory load on the system
#   Increase physical memory or swap space
#   Check if swap backing store is full
#   Decrease Java heap size (-Xmx/-Xms)
#   Decrease number of Java threads
#   Decrease Java thread stack sizes (-Xss)
#   Set larger code cache with -XX:ReservedCodeCacheSize=
#   JVM is running with Zero Based Compressed Oops mode in which the Java heap is
#     placed in the first 32GB address space. The Java Heap base address is the
#     maximum limit for the native heap growth. Please use -XX:HeapBaseMinAddress
#     to set the Java Heap base and to place the Java Heap above 32GB virtual address.
# This output file may be truncated or incomplete.
#
#  Out of Memory Error (os_windows.cpp:3530), pid=19912, tid=2292
#
# JRE version: OpenJDK Runtime Environment (18.0.2+9) (build 18.0.2+9-61)
# Java VM: OpenJDK 64-Bit Server VM (18.0.2+9-61, mixed mode, emulated-client, sharing, tiered, compressed oops, compressed class ptrs, g1 gc, windows-amd64)
# No core dump will be written. Minidumps are not enabled by default on client versions of Windows
#

---------------  S U M M A R Y ------------

Command Line: -Dquarkus-internal.serialized-app-model.path=D:\Dev\Portfolio\nestbuzz\nestbuzz\target\quarkus\bootstrap\dev-app-model.dat -javaagent:C:\Users\rafal\.m2\repository\io\quarkus\quarkus-class-change-agent\3.6.7\quarkus-class-change-agent-3.6.7.jar -XX:TieredStopAtLevel=1 -agentlib:jdwp=transport=dt_socket,address=localhost:5005,server=y,suspend=n -Djava.util.logging.manager=org.jboss.logmanager.LogManager D:\Dev\Portfolio\nestbuzz\nestbuzz\target\nestbuzz-dev.jar

Host: Intel(R) Core(TM) i7-8550U CPU @ 1.80GHz, 8 cores, 11G,  Windows 11 , 64 bit Build 22000 (10.0.22000.2538)
Time: Fri Feb 16 21:54:31 2024 Hora oficial do Brasil elapsed time: 7.124742 seconds (0d 0h 0m 7s)

---------------  T H R E A D  ---------------

Current thread (0x000001a690d78cd0):  VMThread "VM Thread" [stack: 0x00000062a6e00000,0x00000062a6f00000] [id=2292]

Stack: [0x00000062a6e00000,0x00000062a6f00000]
Native frames: (J=compiled Java code, j=interpreted, Vv=VM code, C=native code)
V  [jvm.dll+0x6993ca]
V  [jvm.dll+0x7f481d]
V  [jvm.dll+0x7f612e]
V  [jvm.dll+0x7f67e3]
V  [jvm.dll+0x25cdaf]
V  [jvm.dll+0x696319]
V  [jvm.dll+0x68ae4a]
V  [jvm.dll+0x3223eb]
V  [jvm.dll+0x329dc6]
V  [jvm.dll+0x37eade]
V  [jvm.dll+0x37ed0f]
V  [jvm.dll+0x2fa16a]
V  [jvm.dll+0x2fa217]
V  [jvm.dll+0x33e752]
V  [jvm.dll+0x33ccf4]
V  [jvm.dll+0x2fd6d7]
V  [jvm.dll+0x34e686]
V  [jvm.dll+0x7fb5cb]
V  [jvm.dll+0x7fc364]
V  [jvm.dll+0x7fc89c]
V  [jvm.dll+0x7fccf4]
V  [jvm.dll+0x7fcdb7]
V  [jvm.dll+0x7a125a]
V  [jvm.dll+0x698275]
C  [ucrtbase.dll+0x26c0c]
C  [KERNEL32.DLL+0x153e0]
C  [ntdll.dll+0x485b]

VM_Operation (0x00000062a99fa070): CollectForMetadataAllocation, mode: safepoint, requested by thread 0x000001a69760dfa0


---------------  P R O C E S S  ---------------

Threads class SMR info:
_java_thread_list=0x000001a698b64eb0, length=36, elements={
0x000001a6fc7f49b0, 0x000001a690d816c0, 0x000001a690d82320, 0x000001a690d9ea90,
0x000001a690da1360, 0x000001a690da1c10, 0x000001a690da2cd0, 0x000001a690da6a80,
0x000001a690daf380, 0x000001a690d6c5e0, 0x000001a695047ff0, 0x000001a6950484f0,
0x000001a6950489f0, 0x000001a6955d6150, 0x000001a6955fb790, 0x000001a6955fdf80,
0x000001a6956a31d0, 0x000001a6956a3690, 0x000001a6956a3b50, 0x000001a696776710,
0x000001a6968235b0, 0x000001a69760af80, 0x000001a697609770, 0x000001a6976070f0,
0x000001a69760b450, 0x000001a697609c40, 0x000001a69760c790, 0x000001a697607a90,
0x000001a697608430, 0x000001a69760cc60, 0x000001a6976092a0, 0x000001a69760b920,
0x000001a69760a110, 0x000001a69760dfa0, 0x000001a69760e470, 0x000001a69760a5e0
}

Java Threads: ( => current thread )
  0x000001a6fc7f49b0 JavaThread "main" [_thread_blocked, id=5304, stack(0x00000062a6800000,0x00000062a6900000)]
  0x000001a690d816c0 JavaThread "Reference Handler" daemon [_thread_blocked, id=8932, stack(0x00000062a6f00000,0x00000062a7000000)]
  0x000001a690d82320 JavaThread "Finalizer" daemon [_thread_blocked, id=2604, stack(0x00000062a7000000,0x00000062a7100000)]
  0x000001a690d9ea90 JavaThread "Signal Dispatcher" daemon [_thread_blocked, id=6784, stack(0x00000062a7100000,0x00000062a7200000)]
  0x000001a690da1360 JavaThread "Attach Listener" daemon [_thread_blocked, id=9188, stack(0x00000062a7200000,0x00000062a7300000)]
  0x000001a690da1c10 JavaThread "Service Thread" daemon [_thread_blocked, id=13488, stack(0x00000062a7300000,0x00000062a7400000)]
  0x000001a690da2cd0 JavaThread "Monitor Deflation Thread" daemon [_thread_blocked, id=19688, stack(0x00000062a7400000,0x00000062a7500000)]
  0x000001a690da6a80 JavaThread "C1 CompilerThread0" daemon [_thread_blocked, id=8708, stack(0x00000062a7500000,0x00000062a7600000)]
  0x000001a690daf380 JavaThread "Sweeper thread" daemon [_thread_blocked, id=17352, stack(0x00000062a7600000,0x00000062a7700000)]
  0x000001a690d6c5e0 JavaThread "Common-Cleaner" daemon [_thread_blocked, id=9768, stack(0x00000062a7700000,0x00000062a7800000)]
  0x000001a695047ff0 JavaThread "C1 CompilerThread1" daemon [_thread_blocked, id=16996, stack(0x00000062a7800000,0x00000062a7900000)]
  0x000001a6950484f0 JavaThread "C1 CompilerThread2" daemon [_thread_blocked, id=15884, stack(0x00000062a7900000,0x00000062a7a00000)]
  0x000001a6950489f0 JavaThread "C1 CompilerThread3" daemon [_thread_blocked, id=18656, stack(0x00000062a7a00000,0x00000062a7b00000)]
  0x000001a6955d6150 JavaThread "JDWP Transport Listener: dt_socket" daemon [_thread_in_native, id=18424, stack(0x00000062a7b00000,0x00000062a7c00000)]
  0x000001a6955fb790 JavaThread "JDWP Event Helper Thread" daemon [_thread_blocked, id=18348, stack(0x00000062a7c00000,0x00000062a7d00000)]
  0x000001a6955fdf80 JavaThread "Notification Thread" daemon [_thread_blocked, id=9528, stack(0x00000062a7d00000,0x00000062a7e00000)]
  0x000001a6956a31d0 JavaThread "Reference Reaper #1" daemon [_thread_blocked, id=15000, stack(0x00000062a7f00000,0x00000062a8000000)]
  0x000001a6956a3690 JavaThread "Reference Reaper #2" daemon [_thread_blocked, id=9056, stack(0x00000062a8000000,0x00000062a8100000)]
  0x000001a6956a3b50 JavaThread "Reference Reaper #3" daemon [_thread_blocked, id=13932, stack(0x00000062a8100000,0x00000062a8200000)]
  0x000001a696776710 JavaThread "Quarkus Devmode keep alive thread" [_thread_blocked, id=11628, stack(0x00000062a8900000,0x00000062a8a00000)]
  0x000001a6968235b0 JavaThread "ForkJoinPool.commonPool-worker-1" daemon [_thread_blocked, id=19000, stack(0x00000062a8f00000,0x00000062a9000000)]
  0x000001a69760af80 JavaThread "org.aesh.readline.terminal.impl.WinExternalTerminal@176be01f input pump thread" daemon [_thread_in_native, id=18216, stack(0x00000062adb00000,0x00000062adc00000)]
  0x000001a697609770 JavaThread "Aesh InputStream Reader" daemon [_thread_blocked, id=12604, stack(0x00000062adc00000,0x00000062add00000)]
  0x000001a6976070f0 JavaThread "Quarkus Terminal Reader" daemon [_thread_blocked, id=17840, stack(0x00000062add00000,0x00000062ade00000)]
  0x000001a69760b450 JavaThread "ForkJoinPool.commonPool-worker-2" daemon [_thread_blocked, id=12880, stack(0x00000062a9000000,0x00000062a9100000)]
  0x000001a697609c40 JavaThread "ForkJoinPool.commonPool-worker-3" daemon [_thread_blocked, id=12196, stack(0x00000062a9100000,0x00000062a9200000)]
  0x000001a69760c790 JavaThread "ForkJoinPool.commonPool-worker-4" daemon [_thread_blocked, id=13848, stack(0x00000062a9200000,0x00000062a9300000)]
  0x000001a697607a90 JavaThread "ForkJoinPool.commonPool-worker-5" daemon [_thread_blocked, id=20256, stack(0x00000062a9300000,0x00000062a9400000)]
  0x000001a697608430 JavaThread "ForkJoinPool.commonPool-worker-6" daemon [_thread_blocked, id=11188, stack(0x00000062a9400000,0x00000062a9500000)]
  0x000001a69760cc60 JavaThread "ForkJoinPool.commonPool-worker-7" daemon [_thread_blocked, id=6232, stack(0x00000062a9500000,0x00000062a9600000)]
  0x000001a6976092a0 JavaThread "Quarkus Main Thread" [_thread_blocked, id=18484, stack(0x00000062a9600000,0x00000062a9700000)]
  0x000001a69760b920 JavaThread "executor-thread-1" daemon [_thread_blocked, id=20296, stack(0x00000062a9700000,0x00000062a9800000)]
  0x000001a69760a110 JavaThread "vertx-blocked-thread-checker" daemon [_thread_blocked, id=18992, stack(0x00000062a9800000,0x00000062a9900000)]
  0x000001a69760dfa0 JavaThread "JPA Startup Thread" [_thread_blocked, id=7836, stack(0x00000062a9900000,0x00000062a9a00000)]
  0x000001a69760e470 JavaThread "agroal-11" daemon [_thread_blocked, id=8228, stack(0x00000062a9a00000,0x00000062a9b00000)]
  0x000001a69760a5e0 JavaThread "PostgreSQL-JDBC-Cleaner" daemon [_thread_blocked, id=8868, stack(0x00000062a9c00000,0x00000062a9d00000)]

Other Threads:
=>0x000001a690d78cd0 VMThread "VM Thread" [stack: 0x00000062a6e00000,0x00000062a6f00000] [id=2292]
  0x000001a6fc7f5810 WatcherThread "VM Periodic Task Thread" [stack: 0x00000062a7e00000,0x00000062a7f00000] [id=18844]
  0x000001a6fa6be240 WorkerThread "GC Thread#0" [stack: 0x00000062a6900000,0x00000062a6a00000] [id=7508]
  0x000001a690d86c60 WorkerThread "GC Thread#1" [stack: 0x00000062a8200000,0x00000062a8300000] [id=10276]
  0x000001a690d87c20 WorkerThread "GC Thread#2" [stack: 0x00000062a8300000,0x00000062a8400000] [id=12664]
  0x000001a690d86480 WorkerThread "GC Thread#3" [stack: 0x00000062a8400000,0x00000062a8500000] [id=16408]
  0x000001a690d85f40 WorkerThread "GC Thread#4" [stack: 0x00000062a8500000,0x00000062a8600000] [id=1244]
  0x000001a690d861e0 WorkerThread "GC Thread#5" [stack: 0x00000062a8600000,0x00000062a8700000] [id=12528]
  0x000001a690d86720 WorkerThread "GC Thread#6" [stack: 0x00000062a8700000,0x00000062a8800000] [id=12144]
  0x000001a690d87440 WorkerThread "GC Thread#7" [stack: 0x00000062a8a00000,0x00000062a8b00000] [id=17400]
  0x000001a6fc85b4a0 ConcurrentGCThread "G1 Main Marker" [stack: 0x00000062a6a00000,0x00000062a6b00000] [id=19676]
  0x000001a6fc85c630 WorkerThread "G1 Conc#0" [stack: 0x00000062a6b00000,0x00000062a6c00000] [id=19124]
  0x000001a696cee660 WorkerThread "G1 Conc#1" [stack: 0x00000062ade00000,0x00000062adf00000] [id=20320]
  0x000001a6fc8a2850 ConcurrentGCThread "G1 Refine#0" [stack: 0x00000062a6c00000,0x00000062a6d00000] [id=19164]
  0x000001a6957f1290 ConcurrentGCThread "G1 Refine#1" [stack: 0x00000062a8800000,0x00000062a8900000] [id=2436]
  0x000001a6967adb30 ConcurrentGCThread "G1 Refine#2" [stack: 0x00000062a8b00000,0x00000062a8c00000] [id=3260]
  0x000001a6957b9090 ConcurrentGCThread "G1 Refine#3" [stack: 0x00000062a8c00000,0x00000062a8d00000] [id=10200]
  0x000001a69672b010 ConcurrentGCThread "G1 Refine#4" [stack: 0x00000062a8d00000,0x00000062a8e00000] [id=18636]
  0x000001a69672b2e0 ConcurrentGCThread "G1 Refine#5" [stack: 0x00000062a8e00000,0x00000062a8f00000] [id=10840]
  0x000001a6fc8a3160 ConcurrentGCThread "G1 Service" [stack: 0x00000062a6d00000,0x00000062a6e00000] [id=19800]

Threads with active compile tasks:

VM state: at safepoint (normal execution)

VM Mutex/Monitor currently owned by a thread:  ([mutex/lock_event])
[0x000001a6fc7f0ad0] Threads_lock - owner thread: 0x000001a690d78cd0
[0x000001a6fc7f1a00] Heap_lock - owner thread: 0x000001a69760dfa0

Heap address: 0x0000000741600000, size: 3050 MB, Compressed Oops mode: Zero based, Oop shift amount: 3

CDS archive(s) mapped at: [0x0000000800000000-0x0000000800ba0000-0x0000000800ba0000), size 12189696, SharedBaseAddress: 0x0000000800000000, ArchiveRelocationMode: 0.
Compressed class space mapped at: 0x0000000800c00000-0x0000000840c00000, reserved size: 1073741824
Narrow klass base: 0x0000000800000000, Narrow klass shift: 0, Narrow klass range: 0x100000000

GC Precious Log:
 CardTable entry size: 512
 Card Set container configuration: InlinePtr #cards 4 size 8 Array Of Cards #cards 16 size 48 Howl #buckets 8 coarsen threshold 3686 Howl Bitmap #cards 512 size 80 coarsen threshold 460 Card regions per heap region 1 cards per card region 4096
 CPUs: 8 total, 8 available
 Memory: 12197M
 Large Page Support: Disabled
 NUMA Support: Disabled
 Compressed Oops: Enabled (Zero based)
 Heap Region Size: 2M
 Heap Min Capacity: 8M
 Heap Initial Capacity: 192M
 Heap Max Capacity: 3050M
 Pre-touch: Disabled
 Parallel Workers: 8
 Concurrent Workers: 2
 Concurrent Refinement Workers: 8
 Periodic GC: Disabled

Heap:
 garbage-first heap   total 296960K, used 83415K [0x0000000741600000, 0x0000000800000000)
  region size 2048K, 3 young (6144K), 3 survivors (6144K)
 Metaspace       used 64223K, committed 65728K, reserved 1114112K
  class space    used 8981K, committed 9792K, reserved 1048576K

Heap Regions: E=young(eden), S=young(survivor), O=old, HS=humongous(starts), HC=humongous(continues), CS=collection set, F=free, OA=open archive, CA=closed archive, TAMS=top-at-mark-start (previous, next)
|   0|0x0000000741600000, 0x0000000741800000, 0x0000000741800000|100%| O|  |TAMS 0x0000000741800000, 0x0000000741800000| Untracked 
|   1|0x0000000741800000, 0x0000000741a00000, 0x0000000741a00000|100%| O|  |TAMS 0x0000000741a00000, 0x0000000741a00000| Untracked 
|   2|0x0000000741a00000, 0x0000000741c00000, 0x0000000741c00000|100%| O|  |TAMS 0x0000000741c00000, 0x0000000741c00000| Untracked 
|   3|0x0000000741c00000, 0x0000000741e00000, 0x0000000741e00000|100%| O|  |TAMS 0x0000000741e00000, 0x0000000741e00000| Untracked 
|   4|0x0000000741e00000, 0x0000000742000000, 0x0000000742000000|100%|HS|  |TAMS 0x0000000742000000, 0x0000000742000000| Complete 
|   5|0x0000000742000000, 0x0000000742200000, 0x0000000742200000|100%| O|  |TAMS 0x0000000742200000, 0x0000000742200000| Untracked 
|   6|0x0000000742200000, 0x0000000742400000, 0x0000000742400000|100%| O|  |TAMS 0x0000000742400000, 0x0000000742400000| Untracked 
|   7|0x0000000742400000, 0x0000000742600000, 0x0000000742600000|100%| O|  |TAMS 0x0000000742600000, 0x0000000742600000| Untracked 
|   8|0x0000000742600000, 0x0000000742800000, 0x0000000742800000|100%| O|  |TAMS 0x0000000742800000, 0x0000000742800000| Untracked 
|   9|0x0000000742800000, 0x0000000742a00000, 0x0000000742a00000|100%| O|  |TAMS 0x0000000742a00000, 0x0000000742a00000| Untracked 
|  10|0x0000000742a00000, 0x0000000742c00000, 0x0000000742c00000|100%| O|  |TAMS 0x0000000742c00000, 0x0000000742c00000| Untracked 
|  11|0x0000000742c00000, 0x0000000742e00000, 0x0000000742e00000|100%| O|  |TAMS 0x0000000742e00000, 0x0000000742e00000| Untracked 
|  12|0x0000000742e00000, 0x0000000743000000, 0x0000000743000000|100%| O|  |TAMS 0x0000000743000000, 0x0000000743000000| Untracked 
|  13|0x0000000743000000, 0x0000000743200000, 0x0000000743200000|100%| O|  |TAMS 0x0000000743200000, 0x0000000743200000| Untracked 
|  14|0x0000000743200000, 0x0000000743400000, 0x0000000743400000|100%| O|  |TAMS 0x0000000743400000, 0x0000000743400000| Untracked 
|  15|0x0000000743400000, 0x0000000743600000, 0x0000000743600000|100%| O|  |TAMS 0x0000000743600000, 0x0000000743600000| Untracked 
|  16|0x0000000743600000, 0x0000000743800000, 0x0000000743800000|100%| O|  |TAMS 0x0000000743800000, 0x0000000743800000| Untracked 
|  17|0x0000000743800000, 0x0000000743a00000, 0x0000000743a00000|100%| O|  |TAMS 0x0000000743a00000, 0x0000000743a00000| Untracked 
|  18|0x0000000743a00000, 0x0000000743c00000, 0x0000000743c00000|100%| O|  |TAMS 0x0000000743c00000, 0x0000000743c00000| Untracked 
|  19|0x0000000743c00000, 0x0000000743e00000, 0x0000000743e00000|100%| O|  |TAMS 0x0000000743e00000, 0x0000000743e00000| Untracked 
|  20|0x0000000743e00000, 0x0000000744000000, 0x0000000744000000|100%| O|  |TAMS 0x0000000744000000, 0x0000000744000000| Untracked 
|  21|0x0000000744000000, 0x0000000744200000, 0x0000000744200000|100%| O|  |TAMS 0x0000000744200000, 0x0000000744200000| Untracked 
|  22|0x0000000744200000, 0x0000000744400000, 0x0000000744400000|100%| O|  |TAMS 0x0000000744200000, 0x0000000744200000| Untracked 
|  23|0x0000000744400000, 0x0000000744600000, 0x0000000744600000|100%| O|  |TAMS 0x0000000744600000, 0x0000000744600000| Untracked 
|  24|0x0000000744600000, 0x0000000744800000, 0x0000000744800000|100%| O|  |TAMS 0x0000000744800000, 0x0000000744800000| Untracked 
|  25|0x0000000744800000, 0x0000000744a00000, 0x0000000744a00000|100%| O|  |TAMS 0x0000000744a00000, 0x0000000744a00000| Untracked 
|  26|0x0000000744a00000, 0x0000000744c00000, 0x0000000744c00000|100%| O|  |TAMS 0x0000000744c00000, 0x0000000744c00000| Untracked 
|  27|0x0000000744c00000, 0x0000000744e00000, 0x0000000744e00000|100%| O|  |TAMS 0x0000000744e00000, 0x0000000744e00000| Untracked 
|  28|0x0000000744e00000, 0x0000000745000000, 0x0000000745000000|100%| O|  |TAMS 0x0000000745000000, 0x0000000745000000| Untracked 
|  29|0x0000000745000000, 0x0000000745200000, 0x0000000745200000|100%| O|  |TAMS 0x0000000745200000, 0x0000000745200000| Untracked 
|  30|0x0000000745200000, 0x0000000745400000, 0x0000000745400000|100%| O|  |TAMS 0x0000000745400000, 0x0000000745400000| Untracked 
|  31|0x0000000745400000, 0x0000000745600000, 0x0000000745600000|100%| O|  |TAMS 0x0000000745600000, 0x0000000745600000| Untracked 
|  32|0x0000000745600000, 0x0000000745800000, 0x0000000745800000|100%| O|  |TAMS 0x0000000745637a00, 0x0000000745637a00| Untracked 
|  33|0x0000000745800000, 0x0000000745a00000, 0x0000000745a00000|100%| O|  |TAMS 0x0000000745800000, 0x0000000745800000| Untracked 
|  34|0x0000000745a00000, 0x0000000745c00000, 0x0000000745c00000|100%| O|  |TAMS 0x0000000745a00000, 0x0000000745a00000| Untracked 
|  35|0x0000000745c00000, 0x0000000745e00000, 0x0000000745e00000|100%| O|  |TAMS 0x0000000745c00000, 0x0000000745c00000| Untracked 
|  36|0x0000000745e00000, 0x0000000746000000, 0x0000000746000000|100%| O|  |TAMS 0x0000000745e00000, 0x0000000745e00000| Untracked 
|  37|0x0000000746000000, 0x0000000746200000, 0x0000000746200000|100%| O|  |TAMS 0x0000000746000000, 0x0000000746000000| Untracked 
|  38|0x0000000746200000, 0x0000000746239a00, 0x0000000746400000| 11%| O|  |TAMS 0x0000000746200000, 0x0000000746200000| Untracked 
|  39|0x0000000746400000, 0x0000000746400000, 0x0000000746600000|  0%| F|  |TAMS 0x0000000746400000, 0x0000000746400000| Untracked 
|  40|0x0000000746600000, 0x0000000746600000, 0x0000000746800000|  0%| F|  |TAMS 0x0000000746600000, 0x0000000746600000| Untracked 
|  41|0x0000000746800000, 0x0000000746800000, 0x0000000746a00000|  0%| F|  |TAMS 0x0000000746800000, 0x0000000746800000| Untracked 
|  42|0x0000000746a00000, 0x0000000746a00000, 0x0000000746c00000|  0%| F|  |TAMS 0x0000000746a00000, 0x0000000746a00000| Untracked 
|  43|0x0000000746c00000, 0x0000000746c00000, 0x0000000746e00000|  0%| F|  |TAMS 0x0000000746c00000, 0x0000000746c00000| Untracked 
|  44|0x0000000746e00000, 0x0000000746e00000, 0x0000000747000000|  0%| F|  |TAMS 0x0000000746e00000, 0x0000000746e00000| Untracked 
|  45|0x0000000747000000, 0x0000000747000000, 0x0000000747200000|  0%| F|  |TAMS 0x0000000747000000, 0x0000000747000000| Untracked 
|  46|0x0000000747200000, 0x0000000747200000, 0x0000000747400000|  0%| F|  |TAMS 0x0000000747200000, 0x0000000747200000| Untracked 
|  47|0x0000000747400000, 0x0000000747400000, 0x0000000747600000|  0%| F|  |TAMS 0x0000000747400000, 0x0000000747400000| Untracked 
|  48|0x0000000747600000, 0x0000000747600000, 0x0000000747800000|  0%| F|  |TAMS 0x0000000747600000, 0x0000000747600000| Untracked 
|  49|0x0000000747800000, 0x0000000747800000, 0x0000000747a00000|  0%| F|  |TAMS 0x0000000747800000, 0x0000000747800000| Untracked 
|  50|0x0000000747a00000, 0x0000000747a00000, 0x0000000747c00000|  0%| F|  |TAMS 0x0000000747a00000, 0x0000000747a00000| Untracked 
|  51|0x0000000747c00000, 0x0000000747c00000, 0x0000000747e00000|  0%| F|  |TAMS 0x0000000747c00000, 0x0000000747c00000| Untracked 
|  52|0x0000000747e00000, 0x0000000747e00000, 0x0000000748000000|  0%| F|  |TAMS 0x0000000747e00000, 0x0000000747e00000| Untracked 
|  53|0x0000000748000000, 0x0000000748000000, 0x0000000748200000|  0%| F|  |TAMS 0x0000000748000000, 0x0000000748000000| Untracked 
|  54|0x0000000748200000, 0x0000000748200000, 0x0000000748400000|  0%| F|  |TAMS 0x0000000748200000, 0x0000000748200000| Untracked 
|  55|0x0000000748400000, 0x0000000748400000, 0x0000000748600000|  0%| F|  |TAMS 0x0000000748400000, 0x0000000748400000| Untracked 
|  56|0x0000000748600000, 0x0000000748600000, 0x0000000748800000|  0%| F|  |TAMS 0x0000000748600000, 0x0000000748600000| Untracked 
|  57|0x0000000748800000, 0x0000000748800000, 0x0000000748a00000|  0%| F|  |TAMS 0x0000000748800000, 0x0000000748800000| Untracked 
|  58|0x0000000748a00000, 0x0000000748a00000, 0x0000000748c00000|  0%| F|  |TAMS 0x0000000748a00000, 0x0000000748a00000| Untracked 
|  59|0x0000000748c00000, 0x0000000748c00000, 0x0000000748e00000|  0%| F|  |TAMS 0x0000000748c00000, 0x0000000748c00000| Untracked 
|  60|0x0000000748e00000, 0x0000000748e00000, 0x0000000749000000|  0%| F|  |TAMS 0x0000000748e00000, 0x0000000748e00000| Untracked 
|  61|0x0000000749000000, 0x0000000749000000, 0x0000000749200000|  0%| F|  |TAMS 0x0000000749000000, 0x0000000749000000| Untracked 
|  62|0x0000000749200000, 0x0000000749200000, 0x0000000749400000|  0%| F|  |TAMS 0x0000000749200000, 0x0000000749200000| Untracked 
|  63|0x0000000749400000, 0x0000000749400000, 0x0000000749600000|  0%| F|  |TAMS 0x0000000749400000, 0x0000000749400000| Untracked 
|  64|0x0000000749600000, 0x0000000749600000, 0x0000000749800000|  0%| F|  |TAMS 0x0000000749600000, 0x0000000749600000| Untracked 
|  65|0x0000000749800000, 0x0000000749800000, 0x0000000749a00000|  0%| F|  |TAMS 0x0000000749800000, 0x0000000749800000| Untracked 
|  66|0x0000000749a00000, 0x0000000749a00000, 0x0000000749c00000|  0%| F|  |TAMS 0x0000000749a00000, 0x0000000749a00000| Untracked 
|  67|0x0000000749c00000, 0x0000000749c00000, 0x0000000749e00000|  0%| F|  |TAMS 0x0000000749c00000, 0x0000000749c00000| Untracked 
|  68|0x0000000749e00000, 0x0000000749e00000, 0x000000074a000000|  0%| F|  |TAMS 0x0000000749e00000, 0x0000000749e00000| Untracked 
|  69|0x000000074a000000, 0x000000074a000000, 0x000000074a200000|  0%| F|  |TAMS 0x000000074a000000, 0x000000074a000000| Untracked 
|  70|0x000000074a200000, 0x000000074a200000, 0x000000074a400000|  0%| F|  |TAMS 0x000000074a200000, 0x000000074a200000| Untracked 
|  71|0x000000074a400000, 0x000000074a400000, 0x000000074a600000|  0%| F|  |TAMS 0x000000074a400000, 0x000000074a400000| Untracked 
|  72|0x000000074a600000, 0x000000074a600000, 0x000000074a800000|  0%| F|  |TAMS 0x000000074a600000, 0x000000074a600000| Untracked 
|  73|0x000000074a800000, 0x000000074a800000, 0x000000074aa00000|  0%| F|  |TAMS 0x000000074a800000, 0x000000074a800000| Untracked 
|  74|0x000000074aa00000, 0x000000074aa00000, 0x000000074ac00000|  0%| F|  |TAMS 0x000000074aa00000, 0x000000074aa00000| Untracked 
|  75|0x000000074ac00000, 0x000000074ac00000, 0x000000074ae00000|  0%| F|  |TAMS 0x000000074ac00000, 0x000000074ac00000| Untracked 
|  76|0x000000074ae00000, 0x000000074ae00000, 0x000000074b000000|  0%| F|  |TAMS 0x000000074ae00000, 0x000000074ae00000| Untracked 
|  77|0x000000074b000000, 0x000000074b000000, 0x000000074b200000|  0%| F|  |TAMS 0x000000074b000000, 0x000000074b000000| Untracked 
|  78|0x000000074b200000, 0x000000074b200000, 0x000000074b400000|  0%| F|  |TAMS 0x000000074b200000, 0x000000074b200000| Untracked 
|  79|0x000000074b400000, 0x000000074b400000, 0x000000074b600000|  0%| F|  |TAMS 0x000000074b400000, 0x000000074b400000| Untracked 
|  80|0x000000074b600000, 0x000000074b600000, 0x000000074b800000|  0%| F|  |TAMS 0x000000074b600000, 0x000000074b600000| Untracked 
|  81|0x000000074b800000, 0x000000074b800000, 0x000000074ba00000|  0%| F|  |TAMS 0x000000074b800000, 0x000000074b800000| Untracked 
|  82|0x000000074ba00000, 0x000000074ba00000, 0x000000074bc00000|  0%| F|  |TAMS 0x000000074ba00000, 0x000000074ba00000| Untracked 
|  83|0x000000074bc00000, 0x000000074bd3c3d8, 0x000000074be00000| 61%| S|CS|TAMS 0x000000074bc00000, 0x000000074bc00000| Complete 
|  84|0x000000074be00000, 0x000000074c000000, 0x000000074c000000|100%| S|CS|TAMS 0x000000074be00000, 0x000000074be00000| Complete 
|  85|0x000000074c000000, 0x000000074c200000, 0x000000074c200000|100%| S|CS|TAMS 0x000000074c000000, 0x000000074c000000| Complete 
|  86|0x000000074c200000, 0x000000074c200000, 0x000000074c400000|  0%| F|  |TAMS 0x000000074c200000, 0x000000074c200000| Untracked 
|  87|0x000000074c400000, 0x000000074c400000, 0x000000074c600000|  0%| F|  |TAMS 0x000000074c400000, 0x000000074c400000| Untracked 
|  88|0x000000074c600000, 0x000000074c600000, 0x000000074c800000|  0%| F|  |TAMS 0x000000074c600000, 0x000000074c600000| Untracked 
|  89|0x000000074c800000, 0x000000074c800000, 0x000000074ca00000|  0%| F|  |TAMS 0x000000074c800000, 0x000000074c800000| Untracked 
|  90|0x000000074ca00000, 0x000000074ca00000, 0x000000074cc00000|  0%| F|  |TAMS 0x000000074ca00000, 0x000000074ca00000| Untracked 
|  91|0x000000074cc00000, 0x000000074cc00000, 0x000000074ce00000|  0%| F|  |TAMS 0x000000074cc00000, 0x000000074cc00000| Untracked 
|  92|0x000000074ce00000, 0x000000074ce00000, 0x000000074d000000|  0%| F|  |TAMS 0x000000074ce00000, 0x000000074ce00000| Untracked 
|  93|0x000000074d000000, 0x000000074d000000, 0x000000074d200000|  0%| F|  |TAMS 0x000000074d000000, 0x000000074d000000| Untracked 
|  94|0x000000074d200000, 0x000000074d200000, 0x000000074d400000|  0%| F|  |TAMS 0x000000074d200000, 0x000000074d200000| Untracked 
|  95|0x000000074d400000, 0x000000074d400000, 0x000000074d600000|  0%| F|  |TAMS 0x000000074d400000, 0x000000074d400000| Untracked 
|  96|0x000000074d600000, 0x000000074d600000, 0x000000074d800000|  0%| F|  |TAMS 0x000000074d600000, 0x000000074d600000| Untracked 
|  97|0x000000074d800000, 0x000000074d800000, 0x000000074da00000|  0%| F|  |TAMS 0x000000074d800000, 0x000000074d800000| Untracked 
|  98|0x000000074da00000, 0x000000074da00000, 0x000000074dc00000|  0%| F|  |TAMS 0x000000074da00000, 0x000000074da00000| Untracked 
|  99|0x000000074dc00000, 0x000000074dc00000, 0x000000074de00000|  0%| F|  |TAMS 0x000000074dc00000, 0x000000074dc00000| Untracked 
| 100|0x000000074de00000, 0x000000074de00000, 0x000000074e000000|  0%| F|  |TAMS 0x000000074de00000, 0x000000074de00000| Untracked 
| 101|0x000000074e000000, 0x000000074e000000, 0x000000074e200000|  0%| F|  |TAMS 0x000000074e000000, 0x000000074e000000| Untracked 
| 102|0x000000074e200000, 0x000000074e200000, 0x000000074e400000|  0%| F|  |TAMS 0x000000074e200000, 0x000000074e200000| Untracked 
| 103|0x000000074e400000, 0x000000074e400000, 0x000000074e600000|  0%| F|  |TAMS 0x000000074e400000, 0x000000074e400000| Untracked 
| 104|0x000000074e600000, 0x000000074e600000, 0x000000074e800000|  0%| F|  |TAMS 0x000000074e600000, 0x000000074e600000| Untracked 
| 105|0x000000074e800000, 0x000000074e800000, 0x000000074ea00000|  0%| F|  |TAMS 0x000000074e800000, 0x000000074e800000| Untracked 
| 106|0x000000074ea00000, 0x000000074ea00000, 0x000000074ec00000|  0%| F|  |TAMS 0x000000074ea00000, 0x000000074ea00000| Untracked 
| 107|0x000000074ec00000, 0x000000074ec00000, 0x000000074ee00000|  0%| F|  |TAMS 0x000000074ec00000, 0x000000074ec00000| Untracked 
| 108|0x000000074ee00000, 0x000000074ee00000, 0x000000074f000000|  0%| F|  |TAMS 0x000000074ee00000, 0x000000074ee00000| Untracked 
| 109|0x000000074f000000, 0x000000074f000000, 0x000000074f200000|  0%| F|  |TAMS 0x000000074f000000, 0x000000074f000000| Untracked 
| 110|0x000000074f200000, 0x000000074f200000, 0x000000074f400000|  0%| F|  |TAMS 0x000000074f200000, 0x000000074f200000| Untracked 
| 111|0x000000074f400000, 0x000000074f400000, 0x000000074f600000|  0%| F|  |TAMS 0x000000074f400000, 0x000000074f400000| Untracked 
| 112|0x000000074f600000, 0x000000074f600000, 0x000000074f800000|  0%| F|  |TAMS 0x000000074f600000, 0x000000074f600000| Untracked 
| 113|0x000000074f800000, 0x000000074f800000, 0x000000074fa00000|  0%| F|  |TAMS 0x000000074f800000, 0x000000074f800000| Untracked 
| 114|0x000000074fa00000, 0x000000074fa00000, 0x000000074fc00000|  0%| F|  |TAMS 0x000000074fa00000, 0x000000074fa00000| Untracked 
| 115|0x000000074fc00000, 0x000000074fc00000, 0x000000074fe00000|  0%| F|  |TAMS 0x000000074fc00000, 0x000000074fc00000| Untracked 
| 116|0x000000074fe00000, 0x000000074fe00000, 0x0000000750000000|  0%| F|  |TAMS 0x000000074fe00000, 0x000000074fe00000| Untracked 
| 117|0x0000000750000000, 0x0000000750000000, 0x0000000750200000|  0%| F|  |TAMS 0x0000000750000000, 0x0000000750000000| Untracked 
| 118|0x0000000750200000, 0x0000000750200000, 0x0000000750400000|  0%| F|  |TAMS 0x0000000750200000, 0x0000000750200000| Untracked 
| 119|0x0000000750400000, 0x0000000750400000, 0x0000000750600000|  0%| F|  |TAMS 0x0000000750400000, 0x0000000750400000| Untracked 
| 120|0x0000000750600000, 0x0000000750600000, 0x0000000750800000|  0%| F|  |TAMS 0x0000000750600000, 0x0000000750600000| Untracked 
| 121|0x0000000750800000, 0x0000000750800000, 0x0000000750a00000|  0%| F|  |TAMS 0x0000000750800000, 0x0000000750800000| Untracked 
| 122|0x0000000750a00000, 0x0000000750a00000, 0x0000000750c00000|  0%| F|  |TAMS 0x0000000750a00000, 0x0000000750a00000| Untracked 
| 123|0x0000000750c00000, 0x0000000750c00000, 0x0000000750e00000|  0%| F|  |TAMS 0x0000000750c00000, 0x0000000750c00000| Untracked 
| 124|0x0000000750e00000, 0x0000000750e00000, 0x0000000751000000|  0%| F|  |TAMS 0x0000000750e00000, 0x0000000750e00000| Untracked 
| 125|0x0000000751000000, 0x0000000751000000, 0x0000000751200000|  0%| F|  |TAMS 0x0000000751000000, 0x0000000751000000| Untracked 
| 126|0x0000000751200000, 0x0000000751200000, 0x0000000751400000|  0%| F|  |TAMS 0x0000000751200000, 0x0000000751200000| Untracked 
| 127|0x0000000751400000, 0x0000000751400000, 0x0000000751600000|  0%| F|  |TAMS 0x0000000751400000, 0x0000000751400000| Untracked 
| 128|0x0000000751600000, 0x0000000751600000, 0x0000000751800000|  0%| F|  |TAMS 0x0000000751600000, 0x0000000751600000| Untracked 
| 129|0x0000000751800000, 0x0000000751800000, 0x0000000751a00000|  0%| F|  |TAMS 0x0000000751800000, 0x0000000751800000| Untracked 
| 130|0x0000000751a00000, 0x0000000751a00000, 0x0000000751c00000|  0%| F|  |TAMS 0x0000000751a00000, 0x0000000751a00000| Untracked 
| 131|0x0000000751c00000, 0x0000000751c00000, 0x0000000751e00000|  0%| F|  |TAMS 0x0000000751c00000, 0x0000000751c00000| Untracked 
| 132|0x0000000751e00000, 0x0000000751e00000, 0x0000000752000000|  0%| F|  |TAMS 0x0000000751e00000, 0x0000000751e00000| Untracked 
| 133|0x0000000752000000, 0x0000000752000000, 0x0000000752200000|  0%| F|  |TAMS 0x0000000752000000, 0x0000000752000000| Untracked 
| 134|0x0000000752200000, 0x0000000752200000, 0x0000000752400000|  0%| F|  |TAMS 0x0000000752200000, 0x0000000752200000| Untracked 
| 135|0x0000000752400000, 0x0000000752400000, 0x0000000752600000|  0%| F|  |TAMS 0x0000000752400000, 0x0000000752400000| Untracked 
| 136|0x0000000752600000, 0x0000000752600000, 0x0000000752800000|  0%| F|  |TAMS 0x0000000752600000, 0x0000000752600000| Untracked 
| 137|0x0000000752800000, 0x0000000752800000, 0x0000000752a00000|  0%| F|  |TAMS 0x0000000752800000, 0x0000000752800000| Untracked 
| 138|0x0000000752a00000, 0x0000000752a00000, 0x0000000752c00000|  0%| F|  |TAMS 0x0000000752a00000, 0x0000000752a00000| Untracked 
| 139|0x0000000752c00000, 0x0000000752c00000, 0x0000000752e00000|  0%| F|  |TAMS 0x0000000752c00000, 0x0000000752c00000| Untracked 
| 140|0x0000000752e00000, 0x0000000752e00000, 0x0000000753000000|  0%| F|  |TAMS 0x0000000752e00000, 0x0000000752e00000| Untracked 
| 141|0x0000000753000000, 0x0000000753000000, 0x0000000753200000|  0%| F|  |TAMS 0x0000000753000000, 0x0000000753000000| Untracked 
| 142|0x0000000753200000, 0x0000000753200000, 0x0000000753400000|  0%| F|  |TAMS 0x0000000753200000, 0x0000000753200000| Untracked 
| 143|0x0000000753400000, 0x0000000753400000, 0x0000000753600000|  0%| F|  |TAMS 0x0000000753400000, 0x0000000753400000| Untracked 
| 144|0x0000000753600000, 0x0000000753600000, 0x0000000753800000|  0%| F|  |TAMS 0x0000000753600000, 0x0000000753600000| Untracked 

Card table byte_map: [0x000001a687870000,0x000001a687e70000] _byte_map_base: 0x000001a683e65000

Marking Bits (Prev, Next): (CMBitMap*) 0x000001a6fa6be840, (CMBitMap*) 0x000001a6fa6be880
 Prev Bits: [0x000001a688470000, 0x000001a68b418000)
 Next Bits: [0x000001a68b420000, 0x000001a68e3c8000)

Polling page: 0x000001a6fa720000

Metaspace:

Usage:
  Non-class:     53.95 MB used.
      Class:      8.77 MB used.
       Both:     62.72 MB used.

Virtual space:
  Non-class space:       64.00 MB reserved,      54.62 MB ( 85%) committed,  1 nodes.
      Class space:        1.00 GB reserved,       9.56 MB ( <1%) committed,  1 nodes.
             Both:        1.06 GB reserved,      64.19 MB (  6%) committed. 

Chunk freelists:
   Non-Class:  704.00 KB
       Class:  2.47 MB
        Both:  3.16 MB

MaxMetaspaceSize: unlimited
CompressedClassSpaceSize: 1.00 GB
Initial GC threshold: 21.00 MB
Current GC threshold: 64.19 MB
CDS: on
MetaspaceReclaimPolicy: balanced
 - commit_granule_bytes: 65536.
 - commit_granule_words: 8192.
 - virtual_space_node_default_size: 8388608.
 - enlarge_chunks_in_place: 1.
 - new_chunks_are_fully_committed: 0.
 - uncommit_free_chunks: 1.
 - use_allocation_guard: 0.


Internal statistics:

num_allocs_failed_limit: 44.
num_arena_births: 3262.
num_arena_deaths: 532.
num_vsnodes_births: 2.
num_vsnodes_deaths: 0.
num_space_committed: 1027.
num_space_uncommitted: 0.
num_chunks_returned_to_freelist: 830.
num_chunks_taken_from_freelist: 6653.
num_chunk_merges: 400.
num_chunk_splits: 4097.
num_chunks_enlarged: 2143.
num_inconsistent_stats: 0.

CodeCache: size=49152Kb used=15361Kb max_used=15361Kb free=33790Kb
 bounds [0x000001a6fc8c0000, 0x000001a6fd7d0000, 0x000001a6ff8c0000]
 total_blobs=8017 nmethods=7340 adapters=600
 compilation: enabled
              stopped_count=0, restarted_count=0
 full_count=0

Compilation events (20 events):
Event: 6.967 Thread 0x000001a6950484f0 7493       1       java.util.EnumSet::noneOf (63 bytes)
Event: 6.967 Thread 0x000001a695047ff0 7494       1       java.util.EnumSet::getUniverse (10 bytes)
Event: 6.968 Thread 0x000001a695047ff0 nmethod 7494 0x000001a6fd7b7190 code [0x000001a6fd7b7340, 0x000001a6fd7b74a8]
Event: 6.968 Thread 0x000001a6950489f0 7495       1       java.util.RegularEnumSet::<init> (12 bytes)
Event: 6.968 Thread 0x000001a695047ff0 7496       1       java.util.EnumSet::<init> (15 bytes)
Event: 6.968 Thread 0x000001a6950489f0 nmethod 7495 0x000001a6fd7b7610 code [0x000001a6fd7b77a0, 0x000001a6fd7b7918]
Event: 6.968 Thread 0x000001a695047ff0 nmethod 7496 0x000001a6fd7b7990 code [0x000001a6fd7b7b20, 0x000001a6fd7b7c98]
Event: 6.969 Thread 0x000001a6950484f0 nmethod 7493 0x000001a6fd7b7d10 code [0x000001a6fd7b7f40, 0x000001a6fd7b8608]
Event: 6.970 Thread 0x000001a695047ff0 7497   !   1       java.lang.Class::getEnumConstantsShared (71 bytes)
Event: 6.970 Thread 0x000001a6950484f0 7498       1       org.hibernate.service.spi.ServiceBinding::getLifecycleOwner (5 bytes)
Event: 6.970 Thread 0x000001a6950484f0 nmethod 7498 0x000001a6fd7b8a10 code [0x000001a6fd7b8ba0, 0x000001a6fd7b8c78]
Event: 6.976 Thread 0x000001a695047ff0 nmethod 7497 0x000001a6fd7b8d10 code [0x000001a6fd7b9320, 0x000001a6fd7bb8e8]
Event: 6.987 Thread 0x000001a695047ff0 7499       1       org.hibernate.boot.model.naming.Identifier::getText (5 bytes)
Event: 6.987 Thread 0x000001a695047ff0 nmethod 7499 0x000001a6fd7bea10 code [0x000001a6fd7beba0, 0x000001a6fd7bec78]
Event: 7.000 Thread 0x000001a695047ff0 7501       1       java.util.Formatter$FixedString::index (3 bytes)
Event: 7.000 Thread 0x000001a695047ff0 nmethod 7501 0x000001a6fd7bf310 code [0x000001a6fd7bf4a0, 0x000001a6fd7bf578]
Event: 7.002 Thread 0x000001a695047ff0 7502       1       java.util.Formatter$FormatSpecifier::index (5 bytes)
Event: 7.002 Thread 0x000001a695047ff0 nmethod 7502 0x000001a6fd7bf610 code [0x000001a6fd7bf7a0, 0x000001a6fd7bf878]
Event: 7.044 Thread 0x000001a6950484f0 7504       1       org.hibernate.internal.util.collections.CaseInsensitiveDictionary::trueKey (8 bytes)
Event: 7.044 Thread 0x000001a6950484f0 nmethod 7504 0x000001a6fd7bfc10 code [0x000001a6fd7bfdc0, 0x000001a6fd7bff18]

GC Heap History (20 events):
Event: 0.447 GC heap after
{Heap after GC invocations=1 (full 0):
 garbage-first heap   total 196608K, used 11471K [0x0000000741600000, 0x0000000800000000)
  region size 2048K, 2 young (4096K), 2 survivors (4096K)
 Metaspace       used 3248K, committed 3520K, reserved 1114112K
  class space    used 376K, committed 512K, reserved 1048576K
}
Event: 0.667 GC heap before
{Heap before GC invocations=1 (full 0):
 garbage-first heap   total 196608K, used 29903K [0x0000000741600000, 0x0000000800000000)
  region size 2048K, 11 young (22528K), 2 survivors (4096K)
 Metaspace       used 3468K, committed 3712K, reserved 1114112K
  class space    used 418K, committed 512K, reserved 1048576K
}
Event: 0.679 GC heap after
{Heap after GC invocations=2 (full 0):
 garbage-first heap   total 196608K, used 24488K [0x0000000741600000, 0x0000000800000000)
  region size 2048K, 2 young (4096K), 2 survivors (4096K)
 Metaspace       used 3468K, committed 3712K, reserved 1114112K
  class space    used 418K, committed 512K, reserved 1048576K
}
Event: 0.839 GC heap before
{Heap before GC invocations=2 (full 0):
 garbage-first heap   total 196608K, used 49064K [0x0000000741600000, 0x0000000800000000)
  region size 2048K, 14 young (28672K), 2 survivors (4096K)
 Metaspace       used 3468K, committed 3712K, reserved 1114112K
  class space    used 418K, committed 512K, reserved 1048576K
}
Event: 0.851 GC heap after
{Heap after GC invocations=3 (full 0):
 garbage-first heap   total 196608K, used 31542K [0x0000000741600000, 0x0000000800000000)
  region size 2048K, 2 young (4096K), 2 survivors (4096K)
 Metaspace       used 3468K, committed 3712K, reserved 1114112K
  class space    used 418K, committed 512K, reserved 1048576K
}
Event: 1.191 GC heap before
{Heap before GC invocations=3 (full 0):
 garbage-first heap   total 196608K, used 70454K [0x0000000741600000, 0x0000000800000000)
  region size 2048K, 22 young (45056K), 2 survivors (4096K)
 Metaspace       used 4258K, committed 4544K, reserved 1114112K
  class space    used 512K, committed 640K, reserved 1048576K
}
Event: 1.215 GC heap after
{Heap after GC invocations=4 (full 0):
 garbage-first heap   total 196608K, used 45391K [0x0000000741600000, 0x0000000800000000)
  region size 2048K, 3 young (6144K), 3 survivors (6144K)
 Metaspace       used 4258K, committed 4544K, reserved 1114112K
  class space    used 512K, committed 640K, reserved 1048576K
}
Event: 2.361 GC heap before
{Heap before GC invocations=4 (full 0):
 garbage-first heap   total 196608K, used 96591K [0x0000000741600000, 0x0000000800000000)
  region size 2048K, 28 young (57344K), 3 survivors (6144K)
 Metaspace       used 11552K, committed 11968K, reserved 1114112K
  class space    used 1479K, committed 1664K, reserved 1048576K
}
Event: 2.383 GC heap after
{Heap after GC invocations=5 (full 0):
 garbage-first heap   total 296960K, used 50170K [0x0000000741600000, 0x0000000800000000)
  region size 2048K, 2 young (4096K), 2 survivors (4096K)
 Metaspace       used 11552K, committed 11968K, reserved 1114112K
  class space    used 1479K, committed 1664K, reserved 1048576K
}
Event: 3.258 GC heap before
{Heap before GC invocations=5 (full 0):
 garbage-first heap   total 296960K, used 175098K [0x0000000741600000, 0x0000000800000000)
  region size 2048K, 64 young (131072K), 2 survivors (4096K)
 Metaspace       used 20476K, committed 21504K, reserved 1114112K
  class space    used 2893K, committed 3392K, reserved 1048576K
}
Event: 3.274 GC heap after
{Heap after GC invocations=6 (full 0):
 garbage-first heap   total 296960K, used 59625K [0x0000000741600000, 0x0000000800000000)
  region size 2048K, 7 young (14336K), 7 survivors (14336K)
 Metaspace       used 20476K, committed 21504K, reserved 1114112K
  class space    used 2893K, committed 3392K, reserved 1048576K
}
Event: 4.070 GC heap before
{Heap before GC invocations=7 (full 0):
 garbage-first heap   total 260096K, used 200937K [0x0000000741600000, 0x0000000800000000)
  region size 2048K, 77 young (157696K), 7 survivors (14336K)
 Metaspace       used 29538K, committed 31040K, reserved 1114112K
  class space    used 4326K, committed 5120K, reserved 1048576K
}
Event: 4.081 GC heap after
{Heap after GC invocations=8 (full 0):
 garbage-first heap   total 260096K, used 65077K [0x0000000741600000, 0x0000000800000000)
  region size 2048K, 8 young (16384K), 8 survivors (16384K)
 Metaspace       used 29538K, committed 31040K, reserved 1114112K
  class space    used 4326K, committed 5120K, reserved 1048576K
}
Event: 4.085 GC heap before
{Heap before GC invocations=8 (full 0):
 garbage-first heap   total 260096K, used 67125K [0x0000000741600000, 0x0000000800000000)
  region size 2048K, 9 young (18432K), 8 survivors (16384K)
 Metaspace       used 29558K, committed 31104K, reserved 1114112K
  class space    used 4330K, committed 5120K, reserved 1048576K
}
Event: 4.094 GC heap after
{Heap after GC invocations=9 (full 0):
 garbage-first heap   total 260096K, used 65758K [0x0000000741600000, 0x0000000800000000)
  region size 2048K, 1 young (2048K), 1 survivors (2048K)
 Metaspace       used 29558K, committed 31104K, reserved 1114112K
  class space    used 4330K, committed 5120K, reserved 1048576K
}
Event: 4.336 GC heap before
{Heap before GC invocations=9 (full 0):
 garbage-first heap   total 260096K, used 104670K [0x0000000741600000, 0x0000000800000000)
  region size 2048K, 22 young (45056K), 1 survivors (2048K)
 Metaspace       used 36674K, committed 38208K, reserved 1114112K
  class space    used 5349K, committed 6144K, reserved 1048576K
}
Event: 4.338 GC heap after
{Heap after GC invocations=10 (full 0):
 garbage-first heap   total 260096K, used 66191K [0x0000000741600000, 0x0000000800000000)
  region size 2048K, 2 young (4096K), 2 survivors (4096K)
 Metaspace       used 36674K, committed 38208K, reserved 1114112K
  class space    used 5349K, committed 6144K, reserved 1048576K
}
Event: 5.063 GC heap before
{Heap before GC invocations=11 (full 0):
 garbage-first heap   total 260096K, used 191119K [0x0000000741600000, 0x0000000800000000)
  region size 2048K, 64 young (131072K), 2 survivors (4096K)
 Metaspace       used 47230K, committed 48704K, reserved 1114112K
  class space    used 6783K, committed 7552K, reserved 1048576K
}
Event: 5.077 GC heap after
{Heap after GC invocations=12 (full 0):
 garbage-first heap   total 260096K, used 78417K [0x0000000741600000, 0x0000000800000000)
  region size 2048K, 8 young (16384K), 8 survivors (16384K)
 Metaspace       used 47230K, committed 48704K, reserved 1114112K
  class space    used 6783K, committed 7552K, reserved 1048576K
}
Event: 7.071 GC heap before
{Heap before GC invocations=12 (full 0):
 garbage-first heap   total 260096K, used 158289K [0x0000000741600000, 0x0000000800000000)
  region size 2048K, 49 young (100352K), 8 survivors (16384K)
 Metaspace       used 64223K, committed 65728K, reserved 1114112K
  class space    used 8981K, committed 9792K, reserved 1048576K
}

Deoptimization events (20 events):
Event: 7.053 Thread 0x000001a69760dfa0 DEOPT PACKING pc=0x000001a6fd10ea9c sp=0x00000062a99fd0d0
Event: 7.053 Thread 0x000001a69760dfa0 DEOPT UNPACKING pc=0x000001a6fc912b43 sp=0x00000062a99fc6e0 mode 1
Event: 7.053 Thread 0x000001a69760dfa0 DEOPT PACKING pc=0x000001a6fce46bf4 sp=0x00000062a99fd310
Event: 7.053 Thread 0x000001a69760dfa0 DEOPT UNPACKING pc=0x000001a6fc912b43 sp=0x00000062a99fc7c8 mode 1
Event: 7.053 Thread 0x000001a69760dfa0 DEOPT PACKING pc=0x000001a6fce88864 sp=0x00000062a99fdce0
Event: 7.053 Thread 0x000001a69760dfa0 DEOPT UNPACKING pc=0x000001a6fc912b43 sp=0x00000062a99fd1a8 mode 1
Event: 7.053 Thread 0x000001a69760dfa0 DEOPT PACKING pc=0x000001a6fce8855c sp=0x00000062a99fdd70
Event: 7.053 Thread 0x000001a69760dfa0 DEOPT UNPACKING pc=0x000001a6fc912b43 sp=0x00000062a99fd248 mode 1
Event: 7.053 Thread 0x000001a69760dfa0 DEOPT PACKING pc=0x000001a6fcca3049 sp=0x00000062a99fcff0
Event: 7.053 Thread 0x000001a69760dfa0 DEOPT UNPACKING pc=0x000001a6fc912b43 sp=0x00000062a99fc448 mode 1
Event: 7.053 Thread 0x000001a69760dfa0 DEOPT PACKING pc=0x000001a6fcca23fc sp=0x00000062a99fd080
Event: 7.053 Thread 0x000001a69760dfa0 DEOPT UNPACKING pc=0x000001a6fc912b43 sp=0x00000062a99fc528 mode 1
Event: 7.053 Thread 0x000001a69760dfa0 DEOPT PACKING pc=0x000001a6fd10ea9c sp=0x00000062a99fd0d0
Event: 7.053 Thread 0x000001a69760dfa0 DEOPT UNPACKING pc=0x000001a6fc912b43 sp=0x00000062a99fc6e0 mode 1
Event: 7.053 Thread 0x000001a69760dfa0 DEOPT PACKING pc=0x000001a6fce46bf4 sp=0x00000062a99fd310
Event: 7.053 Thread 0x000001a69760dfa0 DEOPT UNPACKING pc=0x000001a6fc912b43 sp=0x00000062a99fc7c8 mode 1
Event: 7.053 Thread 0x000001a69760dfa0 DEOPT PACKING pc=0x000001a6fce88864 sp=0x00000062a99fdce0
Event: 7.053 Thread 0x000001a69760dfa0 DEOPT UNPACKING pc=0x000001a6fc912b43 sp=0x00000062a99fd1a8 mode 1
Event: 7.053 Thread 0x000001a69760dfa0 DEOPT PACKING pc=0x000001a6fce8855c sp=0x00000062a99fdd70
Event: 7.053 Thread 0x000001a69760dfa0 DEOPT UNPACKING pc=0x000001a6fc912b43 sp=0x00000062a99fd248 mode 1

Classes loaded (20 events):
Event: 6.688 Loading class jdk/internal/access/JavaxCryptoSpecAccess done
Event: 6.688 Loading class javax/crypto/spec/SecretKeySpec$1 done
Event: 6.729 Loading class java/util/SimpleTimeZone
Event: 6.729 Loading class java/util/SimpleTimeZone done
Event: 6.730 Loading class java/time/LocalDateTime$1
Event: 6.730 Loading class java/time/LocalDateTime$1 done
Event: 6.731 Loading class java/time/chrono/IsoEra
Event: 6.731 Loading class java/time/chrono/Era
Event: 6.731 Loading class java/time/chrono/Era done
Event: 6.731 Loading class java/time/chrono/IsoEra done
Event: 6.795 Loading class java/lang/AbstractMethodError
Event: 6.795 Loading class java/lang/AbstractMethodError done
Event: 6.830 Loading class javax/naming/RefAddr
Event: 6.830 Loading class javax/naming/RefAddr done
Event: 6.830 Loading class javax/naming/StringRefAddr
Event: 6.830 Loading class javax/naming/StringRefAddr done
Event: 6.980 Loading class java/util/stream/ReduceOps$5
Event: 6.980 Loading class java/util/stream/ReduceOps$5 done
Event: 6.980 Loading class java/util/stream/ReduceOps$CountingSink$OfRef
Event: 6.980 Loading class java/util/stream/ReduceOps$CountingSink$OfRef done

Classes unloaded (20 events):
Event: 4.407 Thread 0x000001a690d78cd0 Unloading class 0x0000000800e69000 'java/lang/invoke/LambdaForm$DMH+0x0000000800e69000'
Event: 4.407 Thread 0x000001a690d78cd0 Unloading class 0x0000000800e68c00 'java/lang/invoke/LambdaForm$DMH+0x0000000800e68c00'
Event: 4.407 Thread 0x000001a690d78cd0 Unloading class 0x0000000800e18400 'java/lang/invoke/LambdaForm$MH+0x0000000800e18400'
Event: 4.407 Thread 0x000001a690d78cd0 Unloading class 0x0000000800e10400 'java/lang/invoke/LambdaForm$MH+0x0000000800e10400'
Event: 4.407 Thread 0x000001a690d78cd0 Unloading class 0x0000000800e0a000 'java/lang/invoke/LambdaForm$MH+0x0000000800e0a000'
Event: 4.407 Thread 0x000001a690d78cd0 Unloading class 0x0000000800e08000 'java/lang/invoke/LambdaForm$MH+0x0000000800e08000'
Event: 4.407 Thread 0x000001a690d78cd0 Unloading class 0x0000000800e02400 'java/lang/invoke/LambdaForm$MH+0x0000000800e02400'
Event: 4.407 Thread 0x000001a690d78cd0 Unloading class 0x0000000800e02000 'java/lang/invoke/LambdaForm$MH+0x0000000800e02000'
Event: 4.407 Thread 0x000001a690d78cd0 Unloading class 0x0000000800e01400 'java/lang/invoke/LambdaForm$MH+0x0000000800e01400'
Event: 4.407 Thread 0x000001a690d78cd0 Unloading class 0x0000000800e00400 'java/lang/invoke/LambdaForm$MH+0x0000000800e00400'
Event: 4.407 Thread 0x000001a690d78cd0 Unloading class 0x0000000800dfe000 'java/lang/invoke/LambdaForm$MH+0x0000000800dfe000'
Event: 4.407 Thread 0x000001a690d78cd0 Unloading class 0x0000000800dfd800 'java/lang/invoke/LambdaForm$MH+0x0000000800dfd800'
Event: 4.407 Thread 0x000001a690d78cd0 Unloading class 0x0000000800dfd400 'java/lang/invoke/LambdaForm$MH+0x0000000800dfd400'
Event: 4.407 Thread 0x000001a690d78cd0 Unloading class 0x0000000800dfcc00 'java/lang/invoke/LambdaForm$MH+0x0000000800dfcc00'
Event: 4.407 Thread 0x000001a690d78cd0 Unloading class 0x0000000800dfb800 'java/lang/invoke/LambdaForm$MH+0x0000000800dfb800'
Event: 4.407 Thread 0x000001a690d78cd0 Unloading class 0x0000000800dfac00 'java/lang/invoke/LambdaForm$MH+0x0000000800dfac00'
Event: 4.407 Thread 0x000001a690d78cd0 Unloading class 0x0000000800df9000 'java/lang/invoke/LambdaForm$DMH+0x0000000800df9000'
Event: 4.407 Thread 0x000001a690d78cd0 Unloading class 0x0000000800df8400 'java/lang/invoke/LambdaForm$MH+0x0000000800df8400'
Event: 4.407 Thread 0x000001a690d78cd0 Unloading class 0x0000000800df6400 'java/lang/invoke/LambdaForm$MH+0x0000000800df6400'
Event: 4.407 Thread 0x000001a690d78cd0 Unloading class 0x0000000800df6000 'java/lang/invoke/LambdaForm$MH+0x0000000800df6000'

Classes redefined (0 events):
No events

Internal exceptions (20 events):
Event: 5.862 Thread 0x000001a6976092a0 Exception <a 'sun/nio/fs/WindowsException'{0x000000074ed65de0}> (0x000000074ed65de0) 
thrown [s\open\src\hotspot\share\prims\jni.cpp, line 516]
Event: 5.863 Thread 0x000001a6976092a0 Exception <a 'sun/nio/fs/WindowsException'{0x000000074ed66098}> (0x000000074ed66098) 
thrown [s\open\src\hotspot\share\prims\jni.cpp, line 516]
Event: 5.864 Thread 0x000001a6976092a0 Exception <a 'sun/nio/fs/WindowsException'{0x000000074ed74a10}> (0x000000074ed74a10) 
thrown [s\open\src\hotspot\share\prims\jni.cpp, line 516]
Event: 5.864 Thread 0x000001a6976092a0 Exception <a 'sun/nio/fs/WindowsException'{0x000000074ed74db0}> (0x000000074ed74db0) 
thrown [s\open\src\hotspot\share\prims\jni.cpp, line 516]
Event: 5.864 Thread 0x000001a6976092a0 Exception <a 'sun/nio/fs/WindowsException'{0x000000074ed750f8}> (0x000000074ed750f8) 
thrown [s\open\src\hotspot\share\prims\jni.cpp, line 516]
Event: 5.864 Thread 0x000001a6976092a0 Exception <a 'sun/nio/fs/WindowsException'{0x000000074ed75318}> (0x000000074ed75318) 
thrown [s\open\src\hotspot\share\prims\jni.cpp, line 516]
Event: 5.868 Thread 0x000001a6976092a0 Exception <a 'sun/nio/fs/WindowsException'{0x000000074eda3c38}> (0x000000074eda3c38) 
thrown [s\open\src\hotspot\share\prims\jni.cpp, line 516]
Event: 5.960 Thread 0x000001a697608900 Exception <a 'java/lang/NoSuchMethodError'{0x000000074e811258}: 'long java.lang.invoke.DirectMethodHandle$Holder.invokeInterface(java.lang.Object, java.lang.Object)'> (0x000000074e811258) 
thrown [s\open\src\hotspot\share\interpreter\linkResolver.cpp, line 759]
Event: 6.036 Thread 0x000001a6976092a0 Exception <a 'java/lang/NoSuchMethodError'{0x000000074e62f978}: 'java.lang.Object java.lang.invoke.DirectMethodHandle$Holder.invokeStaticInit(java.lang.Object, java.lang.Object, java.lang.Object, java.lang.Object)'> (0x000000074e62f978) 
thrown [s\open\src\hotspot\share\interpreter\linkResolver.cpp, line 759]
Event: 6.236 Thread 0x000001a6976092a0 Exception <a 'java/lang/NoSuchMethodError'{0x000000074e147230}: 'java.lang.Object java.lang.invoke.DirectMethodHandle$Holder.invokeVirtual(java.lang.Object, java.lang.Object, long)'> (0x000000074e147230) 
thrown [s\open\src\hotspot\share\interpreter\linkResolver.cpp, line 759]
Event: 6.246 Thread 0x000001a6976092a0 Exception <a 'java/lang/NoSuchMethodError'{0x000000074e19ff70}: 'void java.lang.invoke.Invokers$Holder.invokeExact_MT(java.lang.Object, java.lang.Object, java.lang.Object)'> (0x000000074e19ff70) 
thrown [s\open\src\hotspot\share\interpreter\linkResolver.cpp, line 759]
Event: 6.397 Thread 0x000001a69760dfa0 Exception <a 'java/lang/NoSuchMethodError'{0x000000074d878610}: 'java.lang.Object java.lang.invoke.DirectMethodHandle$Holder.newInvokeSpecial(java.lang.Object, java.lang.Object, int, java.lang.Object)'> (0x000000074d878610) 
thrown [s\open\src\hotspot\share\interpreter\linkResolver.cpp, line 759]
Event: 6.426 Thread 0x000001a69760e470 Exception <a 'java/lang/NoSuchMethodError'{0x000000074dab9070}: method resolution failed> (0x000000074dab9070) 
thrown [s\open\src\hotspot\share\prims\methodHandles.cpp, line 1264]
Event: 6.443 Thread 0x000001a69760e470 Exception <a 'java/lang/NoSuchMethodError'{0x000000074d615e38}: 'int java.lang.invoke.DirectMethodHandle$Holder.invokeStaticInit(java.lang.Object, java.lang.Object, java.lang.Object, java.lang.Object)'> (0x000000074d615e38) 
thrown [s\open\src\hotspot\share\interpreter\linkResolver.cpp, line 759]
Event: 6.647 Thread 0x000001a69760e470 Exception <a 'sun/nio/fs/WindowsException'{0x000000074d50c3d8}> (0x000000074d50c3d8) 
thrown [s\open\src\hotspot\share\prims\jni.cpp, line 516]
Event: 6.921 Thread 0x000001a69760dfa0 Exception <a 'java/lang/NoSuchMethodError'{0x000000074cb89370}: 'java.lang.Object java.lang.invoke.Invokers$Holder.invoke_MT(java.lang.Object, java.lang.Object, java.lang.Object, int, java.lang.Object)'> (0x000000074cb89370) 
thrown [s\open\src\hotspot\share\interpreter\linkResolver.cpp, line 759]
Event: 6.999 Thread 0x000001a69760dfa0 Exception <a 'java/lang/IncompatibleClassChangeError'{0x000000074c75fdf0}: Found class java.lang.Object, but interface was expected> (0x000000074c75fdf0) 
thrown [s\open\src\hotspot\share\interpreter\linkResolver.cpp, line 826]
Event: 7.000 Thread 0x000001a69760dfa0 Exception <a 'java/lang/NoSuchMethodError'{0x000000074c765ad8}: 'int java.lang.invoke.DirectMethodHandle$Holder.invokeSpecialIFC(java.lang.Object, java.lang.Object, java.lang.Object, java.lang.Object, java.lang.Object)'> (0x000000074c765ad8) 
thrown [s\open\src\hotspot\share\interpreter\linkResolver.cpp, line 759]
Event: 7.016 Thread 0x000001a69760dfa0 Exception <a 'java/lang/NoSuchMethodError'{0x000000074c46fae8}: 'java.lang.Object java.lang.invoke.DirectMethodHandle$Holder.invokeStatic(java.lang.Object, java.lang.Object, int, java.lang.Object)'> (0x000000074c46fae8) 
thrown [s\open\src\hotspot\share\interpreter\linkResolver.cpp, line 759]
Event: 7.016 Thread 0x000001a69760dfa0 Exception <a 'java/lang/NoSuchMethodError'{0x000000074c4732d0}: 'java.lang.Object java.lang.invoke.DirectMethodHandle$Holder.invokeStaticInit(java.lang.Object, java.lang.Object, int, java.lang.Object)'> (0x000000074c4732d0) 
thrown [s\open\src\hotspot\share\interpreter\linkResolver.cpp, line 759]

VM Operations (20 events):
Event: 5.843 Executing VM operation: HandshakeAllThreads done
Event: 6.082 Executing VM operation: HandshakeAllThreads
Event: 6.082 Executing VM operation: HandshakeAllThreads done
Event: 6.082 Executing VM operation: Cleanup
Event: 6.082 Executing VM operation: Cleanup done
Event: 6.152 Executing VM operation: HandshakeAllThreads
Event: 6.152 Executing VM operation: HandshakeAllThreads done
Event: 6.155 Executing VM operation: HandshakeAllThreads
Event: 6.155 Executing VM operation: HandshakeAllThreads done
Event: 6.209 Executing VM operation: HandshakeAllThreads
Event: 6.209 Executing VM operation: HandshakeAllThreads done
Event: 6.222 Executing VM operation: HandshakeAllThreads
Event: 6.222 Executing VM operation: HandshakeAllThreads done
Event: 6.235 Executing VM operation: HandshakeAllThreads
Event: 6.235 Executing VM operation: HandshakeAllThreads done
Event: 6.236 Executing VM operation: HandshakeAllThreads
Event: 6.236 Executing VM operation: HandshakeAllThreads done
Event: 6.624 Executing VM operation: HandshakeAllThreads
Event: 6.624 Executing VM operation: HandshakeAllThreads done
Event: 7.071 Executing VM operation: CollectForMetadataAllocation

Events (20 events):
Event: 4.668 Thread 0x000001a690daf380 flushing nmethod 0x000001a6fd403110
Event: 4.669 Thread 0x000001a690daf380 flushing nmethod 0x000001a6fd41fa10
Event: 4.669 Thread 0x000001a690daf380 flushing nmethod 0x000001a6fd497c90
Event: 4.669 Thread 0x000001a6976092a0 Thread added: 0x000001a6976092a0
Event: 4.669 Thread 0x000001a690daf380 flushing nmethod 0x000001a6fd49e990
Event: 4.669 Thread 0x000001a690daf380 flushing nmethod 0x000001a6fd523390
Event: 4.669 Thread 0x000001a690daf380 flushing nmethod 0x000001a6fd533f10
Event: 4.669 Thread 0x000001a690daf380 flushing nmethod 0x000001a6fd53fa10
Event: 4.670 Thread 0x000001a690daf380 flushing nmethod 0x000001a6fd541a10
Event: 4.670 Thread 0x000001a690daf380 flushing nmethod 0x000001a6fd54a390
Event: 4.670 Thread 0x000001a690daf380 flushing nmethod 0x000001a6fd54ad90
Event: 4.670 Thread 0x000001a690daf380 flushing nmethod 0x000001a6fd564f90
Event: 5.958 Thread 0x000001a697608900 Thread added: 0x000001a697608900
Event: 5.965 Thread 0x000001a697608900 Thread exited: 0x000001a697608900
Event: 6.000 Thread 0x000001a69760b920 Thread added: 0x000001a69760b920
Event: 6.095 Thread 0x000001a69760a110 Thread added: 0x000001a69760a110
Event: 6.296 Thread 0x000001a69760dfa0 Thread added: 0x000001a69760dfa0
Event: 6.358 Thread 0x000001a69760e470 Thread added: 0x000001a69760e470
Event: 6.606 Loaded shared library C:\Users\rafal\.jdks\openjdk-18.0.2\bin\sunmscapi.dll
Event: 6.747 Thread 0x000001a69760a5e0 Thread added: 0x000001a69760a5e0


Dynamic libraries:
0x00007ff607b20000 - 0x00007ff607b2e000 	C:\Users\rafal\.jdks\openjdk-18.0.2\bin\java.EXE
0x00007ff911220000 - 0x00007ff911429000 	C:\Windows\SYSTEM32\ntdll.dll
0x00007ff90fb80000 - 0x00007ff90fc3d000 	C:\Windows\System32\KERNEL32.DLL
0x00007ff90eb40000 - 0x00007ff90eec4000 	C:\Windows\System32\KERNELBASE.dll
0x00007ff90e6b0000 - 0x00007ff90e7c1000 	C:\Windows\System32\ucrtbase.dll
0x00007ff8e90d0000 - 0x00007ff8e90e7000 	C:\Users\rafal\.jdks\openjdk-18.0.2\bin\jli.dll
0x00007ff8e90f0000 - 0x00007ff8e910a000 	C:\Users\rafal\.jdks\openjdk-18.0.2\bin\VCRUNTIME140.dll
0x00007ff910c40000 - 0x00007ff910ded000 	C:\Windows\System32\USER32.dll
0x00007ff90e8e0000 - 0x00007ff90e906000 	C:\Windows\System32\win32u.dll
0x00007ff8f4240000 - 0x00007ff8f44e5000 	C:\Windows\WinSxS\amd64_microsoft.windows.common-controls_6595b64144ccf1df_6.0.22000.120_none_9d947278b86cc467\COMCTL32.dll
0x00007ff90fcb0000 - 0x00007ff90fcda000 	C:\Windows\System32\GDI32.dll
0x00007ff910b90000 - 0x00007ff910c33000 	C:\Windows\System32\msvcrt.dll
0x00007ff90eed0000 - 0x00007ff90efee000 	C:\Windows\System32\gdi32full.dll
0x00007ff90e840000 - 0x00007ff90e8dd000 	C:\Windows\System32\msvcp_win.dll
0x00007ff90fa50000 - 0x00007ff90fa81000 	C:\Windows\System32\IMM32.DLL
0x00007ff8fdc10000 - 0x00007ff8fdc1c000 	C:\Users\rafal\.jdks\openjdk-18.0.2\bin\vcruntime140_1.dll
0x00007ff8dc000000 - 0x00007ff8dc08d000 	C:\Users\rafal\.jdks\openjdk-18.0.2\bin\msvcp140.dll
0x00007ff859620000 - 0x00007ff85a231000 	C:\Users\rafal\.jdks\openjdk-18.0.2\bin\server\jvm.dll
0x00007ff910070000 - 0x00007ff91011e000 	C:\Windows\System32\ADVAPI32.dll
0x00007ff90f9b0000 - 0x00007ff90fa4e000 	C:\Windows\System32\sechost.dll
0x00007ff910560000 - 0x00007ff910681000 	C:\Windows\System32\RPCRT4.dll
0x00007ff90fce0000 - 0x00007ff90fce8000 	C:\Windows\System32\PSAPI.DLL
0x00007ff8f4170000 - 0x00007ff8f4179000 	C:\Windows\SYSTEM32\WSOCK32.dll
0x00007ff908d80000 - 0x00007ff908db3000 	C:\Windows\SYSTEM32\WINMM.dll
0x00007ff9080e0000 - 0x00007ff9080ea000 	C:\Windows\SYSTEM32\VERSION.dll
0x00007ff90fc40000 - 0x00007ff90fcaf000 	C:\Windows\System32\WS2_32.dll
0x00007ff90d810000 - 0x00007ff90d828000 	C:\Windows\SYSTEM32\kernel.appcore.dll
0x00007ff8fd8b0000 - 0x00007ff8fd8ba000 	C:\Users\rafal\.jdks\openjdk-18.0.2\bin\jimage.dll
0x00007ff8fe0a0000 - 0x00007ff8fe2c1000 	C:\Windows\SYSTEM32\DBGHELP.DLL
0x00007ff8f3dc0000 - 0x00007ff8f3df1000 	C:\Windows\SYSTEM32\dbgcore.DLL
0x00007ff90eff0000 - 0x00007ff90f06f000 	C:\Windows\System32\bcryptPrimitives.dll
0x00007ff90ad20000 - 0x00007ff90ad2e000 	C:\Users\rafal\.jdks\openjdk-18.0.2\bin\instrument.dll
0x00007ff8e9020000 - 0x00007ff8e9045000 	C:\Users\rafal\.jdks\openjdk-18.0.2\bin\java.dll
0x00007ff909a90000 - 0x00007ff909acb000 	C:\Users\rafal\.jdks\openjdk-18.0.2\bin\jdwp.dll
0x00007ff8d9530000 - 0x00007ff8d9606000 	C:\Users\rafal\.jdks\openjdk-18.0.2\bin\jsvml.dll
0x00007ff90f0a0000 - 0x00007ff90f865000 	C:\Windows\System32\SHELL32.dll
0x00007ff90c780000 - 0x00007ff90cfe2000 	C:\Windows\SYSTEM32\windows.storage.dll
0x00007ff910df0000 - 0x00007ff911166000 	C:\Windows\System32\combase.dll
0x00007ff90c610000 - 0x00007ff90c777000 	C:\Windows\SYSTEM32\wintypes.dll
0x00007ff90fa90000 - 0x00007ff90fb7a000 	C:\Windows\System32\SHCORE.dll
0x00007ff910010000 - 0x00007ff91006d000 	C:\Windows\System32\shlwapi.dll
0x00007ff90e5e0000 - 0x00007ff90e605000 	C:\Windows\SYSTEM32\profapi.dll
0x00007ff8e8ed0000 - 0x00007ff8e8ee8000 	C:\Users\rafal\.jdks\openjdk-18.0.2\bin\zip.dll
0x00007ff8e90b0000 - 0x00007ff8e90c3000 	C:\Users\rafal\.jdks\openjdk-18.0.2\bin\net.dll
0x00007ff907db0000 - 0x00007ff907ec4000 	C:\Windows\SYSTEM32\WINHTTP.dll
0x00007ff90dcc0000 - 0x00007ff90dd27000 	C:\Windows\system32\mswsock.dll
0x00007ff8e8ef0000 - 0x00007ff8e8f06000 	C:\Users\rafal\.jdks\openjdk-18.0.2\bin\nio.dll
0x00007ff9099e0000 - 0x00007ff9099ec000 	C:\Users\rafal\.jdks\openjdk-18.0.2\bin\dt_socket.dll
0x00007ff90d240000 - 0x00007ff90d26d000 	C:\Windows\SYSTEM32\IPHLPAPI.DLL
0x00007ff90d2b0000 - 0x00007ff90d397000 	C:\Windows\SYSTEM32\DNSAPI.dll
0x00007ff90ff10000 - 0x00007ff90ff19000 	C:\Windows\System32\NSI.dll
0x00007ff905ee0000 - 0x00007ff905eea000 	C:\Windows\System32\rasadhlp.dll
0x00007ff906660000 - 0x00007ff9066e1000 	C:\Windows\System32\fwpuclnt.dll
0x00007ff8e9620000 - 0x00007ff8e9630000 	C:\Users\rafal\.jdks\openjdk-18.0.2\bin\verify.dll
0x00007ff9099d0000 - 0x00007ff9099d9000 	C:\Users\rafal\.jdks\openjdk-18.0.2\bin\management.dll
0x00007ff904d40000 - 0x00007ff904d4b000 	C:\Users\rafal\.jdks\openjdk-18.0.2\bin\management_ext.dll
0x00007ff90df00000 - 0x00007ff90df18000 	C:\Windows\SYSTEM32\CRYPTSP.dll
0x00007ff90d770000 - 0x00007ff90d7a5000 	C:\Windows\system32\rsaenh.dll
0x00007ff90ddb0000 - 0x00007ff90dddc000 	C:\Windows\SYSTEM32\USERENV.dll
0x00007ff90e080000 - 0x00007ff90e0a7000 	C:\Windows\SYSTEM32\bcrypt.dll
0x00007ff90df20000 - 0x00007ff90df2c000 	C:\Windows\SYSTEM32\CRYPTBASE.dll
0x00007ff907980000 - 0x00007ff907999000 	C:\Windows\SYSTEM32\dhcpcsvc6.DLL
0x00007ff908460000 - 0x00007ff90847e000 	C:\Windows\SYSTEM32\dhcpcsvc.DLL
0x00007ff90ad10000 - 0x00007ff90ad1e000 	C:\Users\rafal\.jdks\openjdk-18.0.2\bin\sunmscapi.dll
0x00007ff90e910000 - 0x00007ff90ea72000 	C:\Windows\System32\CRYPT32.dll
0x00007ff90e050000 - 0x00007ff90e078000 	C:\Windows\SYSTEM32\ncrypt.dll
0x00007ff90e010000 - 0x00007ff90e047000 	C:\Windows\SYSTEM32\NTASN1.dll

dbghelp: loaded successfully - version: 4.0.5 - missing functions: none
symbol engine: initialized successfully - sym options: 0x614 - pdb path: .;C:\Users\rafal\.jdks\openjdk-18.0.2\bin;C:\Windows\SYSTEM32;C:\Windows\WinSxS\amd64_microsoft.windows.common-controls_6595b64144ccf1df_6.0.22000.120_none_9d947278b86cc467;C:\Users\rafal\.jdks\openjdk-18.0.2\bin\server

VM Arguments:
jvm_args: -Dquarkus-internal.serialized-app-model.path=D:\Dev\Portfolio\nestbuzz\nestbuzz\target\quarkus\bootstrap\dev-app-model.dat -javaagent:C:\Users\rafal\.m2\repository\io\quarkus\quarkus-class-change-agent\3.6.7\quarkus-class-change-agent-3.6.7.jar -XX:TieredStopAtLevel=1 -agentlib:jdwp=transport=dt_socket,address=localhost:5005,server=y,suspend=n -Djava.util.logging.manager=org.jboss.logmanager.LogManager 
java_command: D:\Dev\Portfolio\nestbuzz\nestbuzz\target\nestbuzz-dev.jar
java_class_path (initial): D:\Dev\Portfolio\nestbuzz\nestbuzz\target\nestbuzz-dev.jar
Launcher Type: SUN_STANDARD

[Global flags]
     intx CICompilerCount                          = 4                                         {product} {ergonomic}
     uint ConcGCThreads                            = 2                                         {product} {ergonomic}
     uint G1ConcRefinementThreads                  = 8                                         {product} {ergonomic}
   size_t G1HeapRegionSize                         = 2097152                                   {product} {ergonomic}
    uintx GCDrainStackTargetSize                   = 64                                        {product} {ergonomic}
   size_t InitialHeapSize                          = 201326592                                 {product} {ergonomic}
   size_t MarkStackSize                            = 4194304                                   {product} {ergonomic}
   size_t MaxHeapSize                              = 3198156800                                {product} {ergonomic}
   size_t MaxNewSize                               = 1918894080                                {product} {ergonomic}
   size_t MinHeapDeltaBytes                        = 2097152                                   {product} {ergonomic}
   size_t MinHeapSize                              = 8388608                                   {product} {ergonomic}
    uintx NonProfiledCodeHeapSize                  = 0                                      {pd product} {ergonomic}
     bool ProfileInterpreter                       = false                                  {pd product} {command line}
    uintx ProfiledCodeHeapSize                     = 0                                      {pd product} {ergonomic}
   size_t SoftMaxHeapSize                          = 3198156800                             {manageable} {ergonomic}
     intx TieredStopAtLevel                        = 1                                         {product} {command line}
     bool UseCompressedClassPointers               = true                           {product lp64_product} {ergonomic}
     bool UseCompressedOops                        = true                           {product lp64_product} {ergonomic}
     bool UseG1GC                                  = true                                      {product} {ergonomic}
     bool UseLargePagesIndividualAllocation        = false                                  {pd product} {ergonomic}

Logging:
Log output configuration:
 #0: stdout all=warning uptime,level,tags foldmultilines=false
 #1: stderr all=off uptime,level,tags foldmultilines=false

Environment Variables:
JAVA_HOME=C:\Program Files\Java\jdk-11
PATH=C:\Program Files\Common Files\Oracle\Java\javapath;C:\ProgramData\Oracle\Java\javapath;C:\Program Files (x86)\Common Files\Oracle\Java\javapath;C:\Windows\system32;C:\Windows;C:\Windows\System32\Wbem;C:\Windows\System32\WindowsPowerShell\v1.0\;C:\Windows\System32\OpenSSH\;C:\Program Files\dotnet\;C:\Program Files\Git\cmd;C:\Program Files\Microsoft SQL Server\Client SDK\ODBC\170\Tools\Binn\;C:\Program Files\Microsoft SQL Server\120\Tools\Binn\;C:\Program Files\Common Files\Autodesk Shared\;C:\Program Files (x86)\NVIDIA Corporation\PhysX\Common;C:\Program Files\NVIDIA Corporation\NVIDIA NvDLISR;C:\Program Files\nodejs\;C:\ffmpeg\bin;C:\Program Files\Java\jdk-11\bin;C:\Program Files\dev\apache-maven-3.9.6\bin;C:\Users\rafal\AppData\Local\Microsoft\WindowsApps;;C:\Users\rafal\AppData\Local\Programs\Microsoft VS Code\bin;C:\Users\rafal\.dotnet\tools;C:\Users\rafal\AppData\Roaming\npm
USERNAME=rafal
OS=Windows_NT
PROCESSOR_IDENTIFIER=Intel64 Family 6 Model 142 Stepping 10, GenuineIntel



---------------  S Y S T E M  ---------------

OS:
 Windows 11 , 64 bit Build 22000 (10.0.22000.2538)
OS uptime: 0 days 9:32 hours

CPU: total 8 (initial active 8) (4 cores per cpu, 2 threads per core) family 6 model 142 stepping 10 microcode 0xea, cx8, cmov, fxsr, ht, mmx, 3dnowpref, sse, sse2, sse3, ssse3, sse4.1, sse4.2, popcnt, lzcnt, tsc, tscinvbit, avx, avx2, aes, erms, clmul, bmi1, bmi2, adx, fma, vzeroupper, clflush, clflushopt

Memory: 4k page, system-wide physical 12197M (1279M free)
TotalPageFile size 16293M (AvailPageFile size 298M)
current process WorkingSet (physical memory assigned to process): 411M, peak: 411M
current process commit charge ("private bytes"): 508M, peak: 848M

vm_info: OpenJDK 64-Bit Server VM (18.0.2+9-61) for windows-amd64 JRE (18.0.2+9-61), built on Jun  7 2022 13:05:59 by "mach5one" with MS VC++ 16.8 / 16.9 (VS2019)

END.
