#
# There is insufficient memory for the Java Runtime Environment to continue.
# Native memory allocation (malloc) failed to allocate 32744 bytes for Chunk::new
# Possible reasons:
#   The system is out of physical RAM or swap space
#   The process is running with CompressedOops enabled, and the Java Heap may be blocking the growth of the native heap
# Possible solutions:
#   Reduce memory load on the system
#   Increase physical memory or swap space
#   Check if swap backing store is full
#   Decrease Java heap size (-Xmx/-Xms)
#   Decrease number of Java threads
#   Decrease Java thread stack sizes (-Xss)
#   Set larger code cache with -XX:ReservedCodeCacheSize=
#   JVM is running with Zero Based Compressed Oops mode in which the Java heap is
#     placed in the first 32GB address space. The Java Heap base address is the
#     maximum limit for the native heap growth. Please use -XX:HeapBaseMinAddress
#     to set the Java Heap base and to place the Java Heap above 32GB virtual address.
# This output file may be truncated or incomplete.
#
#  Out of Memory Error (arena.cpp:184), pid=22492, tid=16036
#
# JRE version: OpenJDK Runtime Environment (18.0.2+9) (build 18.0.2+9-61)
# Java VM: OpenJDK 64-Bit Server VM (18.0.2+9-61, mixed mode, emulated-client, sharing, tiered, compressed oops, compressed class ptrs, g1 gc, windows-amd64)
# No core dump will be written. Minidumps are not enabled by default on client versions of Windows
#

---------------  S U M M A R Y ------------

Command Line: -Dquarkus-internal.serialized-app-model.path=D:\Dev\Portfolio\quarkus_social\quarkus_social\target\quarkus\bootstrap\dev-app-model.dat -javaagent:C:\Users\rafal\.m2\repository\io\quarkus\quarkus-class-change-agent\3.6.7\quarkus-class-change-agent-3.6.7.jar -XX:TieredStopAtLevel=1 -agentlib:jdwp=transport=dt_socket,address=localhost:5005,server=y,suspend=n -Djava.util.logging.manager=org.jboss.logmanager.LogManager D:\Dev\Portfolio\quarkus_social\quarkus_social\target\quarkus_social-dev.jar

Host: Intel(R) Core(TM) i7-8550U CPU @ 1.80GHz, 8 cores, 11G,  Windows 11 , 64 bit Build 22000 (10.0.22000.2538)
Time: Thu Feb 15 00:11:57 2024 Hora oficial do Brasil elapsed time: 2.651981 seconds (0d 0h 0m 2s)

---------------  T H R E A D  ---------------

Current thread (0x0000027c9fd9bac0):  JavaThread "C1 CompilerThread1" daemon [_thread_in_vm, id=16036, stack(0x0000007f71a00000,0x0000007f71b00000)]


Current CompileTask:
C1:   2652 3047       1       java.lang.ClassValue$Entry::assertNotPromise (22 bytes)

Stack: [0x0000007f71a00000,0x0000007f71b00000]
Native frames: (J=compiled Java code, j=interpreted, Vv=VM code, C=native code)
V  [jvm.dll+0x6993ca]
V  [jvm.dll+0x7f481d]
V  [jvm.dll+0x7f612e]
V  [jvm.dll+0x7f67e3]
V  [jvm.dll+0x25cdaf]
V  [jvm.dll+0xb8c2f]
V  [jvm.dll+0xb8fa5]
V  [jvm.dll+0x1ecb5b]
V  [jvm.dll+0x1d8bcb]
V  [jvm.dll+0x23eb3d]
V  [jvm.dll+0x23cf85]
V  [jvm.dll+0x7a6e21]
V  [jvm.dll+0x7a125a]
V  [jvm.dll+0x698275]
C  [ucrtbase.dll+0x26c0c]
C  [KERNEL32.DLL+0x153e0]
C  [ntdll.dll+0x485b]


---------------  P R O C E S S  ---------------

Threads class SMR info:
_java_thread_list=0x0000027ca15925d0, length=21, elements={
0x0000027c875312e0, 0x0000027c9bb44c70, 0x0000027c9bb498e0, 0x0000027c9bb5f830,
0x0000027c9bb611e0, 0x0000027c9bb61b80, 0x0000027c9bb62520, 0x0000027c9bb62ec0,
0x0000027c9bb638a0, 0x0000027c9fd99500, 0x0000027c9fd9bac0, 0x0000027c9fd9d6a0,
0x0000027ca0376040, 0x0000027ca03a0100, 0x0000027ca03a2750, 0x0000027ca03f7810,
0x0000027ca03ca0e0, 0x0000027ca03ca5a0, 0x0000027ca0453ed0, 0x0000027ca14a0f70,
0x0000027ca1574c40
}

Java Threads: ( => current thread )
  0x0000027c875312e0 JavaThread "main" [_thread_in_vm, id=25612, stack(0x0000007f70a00000,0x0000007f70b00000)]
  0x0000027c9bb44c70 JavaThread "Reference Handler" daemon [_thread_blocked, id=24832, stack(0x0000007f71100000,0x0000007f71200000)]
  0x0000027c9bb498e0 JavaThread "Finalizer" daemon [_thread_blocked, id=24748, stack(0x0000007f71200000,0x0000007f71300000)]
  0x0000027c9bb5f830 JavaThread "Signal Dispatcher" daemon [_thread_blocked, id=15892, stack(0x0000007f71300000,0x0000007f71400000)]
  0x0000027c9bb611e0 JavaThread "Attach Listener" daemon [_thread_blocked, id=2744, stack(0x0000007f71400000,0x0000007f71500000)]
  0x0000027c9bb61b80 JavaThread "Service Thread" daemon [_thread_blocked, id=22248, stack(0x0000007f71500000,0x0000007f71600000)]
  0x0000027c9bb62520 JavaThread "Monitor Deflation Thread" daemon [_thread_blocked, id=15928, stack(0x0000007f71600000,0x0000007f71700000)]
  0x0000027c9bb62ec0 JavaThread "C1 CompilerThread0" daemon [_thread_in_native, id=24448, stack(0x0000007f71700000,0x0000007f71800000)]
  0x0000027c9bb638a0 JavaThread "Sweeper thread" daemon [_thread_blocked, id=24852, stack(0x0000007f71800000,0x0000007f71900000)]
  0x0000027c9fd99500 JavaThread "Common-Cleaner" daemon [_thread_blocked, id=26204, stack(0x0000007f71900000,0x0000007f71a00000)]
=>0x0000027c9fd9bac0 JavaThread "C1 CompilerThread1" daemon [_thread_in_vm, id=16036, stack(0x0000007f71a00000,0x0000007f71b00000)]
  0x0000027c9fd9d6a0 JavaThread "C1 CompilerThread2" daemon [_thread_in_native, id=20612, stack(0x0000007f71b00000,0x0000007f71c00000)]
  0x0000027ca0376040 JavaThread "JDWP Transport Listener: dt_socket" daemon [_thread_in_native, id=18952, stack(0x0000007f71c00000,0x0000007f71d00000)]
  0x0000027ca03a0100 JavaThread "JDWP Event Helper Thread" daemon [_thread_blocked, id=17524, stack(0x0000007f71d00000,0x0000007f71e00000)]
  0x0000027ca03a2750 JavaThread "Notification Thread" daemon [_thread_blocked, id=16636, stack(0x0000007f71e00000,0x0000007f71f00000)]
  0x0000027ca03f7810 JavaThread "Reference Reaper #1" daemon [_thread_blocked, id=13376, stack(0x0000007f72000000,0x0000007f72100000)]
  0x0000027ca03ca0e0 JavaThread "Reference Reaper #2" daemon [_thread_blocked, id=21508, stack(0x0000007f72100000,0x0000007f72200000)]
  0x0000027ca03ca5a0 JavaThread "Reference Reaper #3" daemon [_thread_blocked, id=22816, stack(0x0000007f72200000,0x0000007f72300000)]
  0x0000027ca0453ed0 JavaThread "C1 CompilerThread3" daemon [_thread_in_native, id=11240, stack(0x0000007f72300000,0x0000007f72400000)]
  0x0000027ca14a0f70 JavaThread "Quarkus Devmode keep alive thread" [_thread_blocked, id=19356, stack(0x0000007f72c00000,0x0000007f72d00000)]
  0x0000027ca1574c40 JavaThread "ForkJoinPool.commonPool-worker-1" daemon [_thread_blocked, id=15720, stack(0x0000007f73300000,0x0000007f73400000)]

Other Threads:
  0x0000027c875a2a90 VMThread "VM Thread" [stack: 0x0000007f71000000,0x0000007f71100000] [id=11344]
  0x0000027c87532140 WatcherThread "VM Periodic Task Thread" [stack: 0x0000007f71f00000,0x0000007f72000000] [id=6448]
  0x0000027c8758e000 WorkerThread "GC Thread#0" [stack: 0x0000007f70b00000,0x0000007f70c00000] [id=11052]
  0x0000027ca0611ba0 WorkerThread "GC Thread#1" [stack: 0x0000007f72400000,0x0000007f72500000] [id=7364]
  0x0000027ca0611e40 WorkerThread "GC Thread#2" [stack: 0x0000007f72500000,0x0000007f72600000] [id=16516]
  0x0000027ca06120e0 WorkerThread "GC Thread#3" [stack: 0x0000007f72600000,0x0000007f72700000] [id=13016]
  0x0000027ca053c490 WorkerThread "GC Thread#4" [stack: 0x0000007f72700000,0x0000007f72800000] [id=23252]
  0x0000027ca0520810 WorkerThread "GC Thread#5" [stack: 0x0000007f72800000,0x0000007f72900000] [id=7112]
  0x0000027ca0612cb0 WorkerThread "GC Thread#6" [stack: 0x0000007f72900000,0x0000007f72a00000] [id=4548]
  0x0000027ca14d81f0 WorkerThread "GC Thread#7" [stack: 0x0000007f72d00000,0x0000007f72e00000] [id=7560]
  0x0000027c8759adc0 ConcurrentGCThread "G1 Main Marker" [stack: 0x0000007f70c00000,0x0000007f70d00000] [id=14148]
  0x0000027c8759b7b0 WorkerThread "G1 Conc#0" [stack: 0x0000007f70d00000,0x0000007f70e00000] [id=19940]
  0x0000027c875febf0 ConcurrentGCThread "G1 Refine#0" [stack: 0x0000007f70e00000,0x0000007f70f00000] [id=25572]
  0x0000027ca0612780 ConcurrentGCThread "G1 Refine#1" [stack: 0x0000007f72a00000,0x0000007f72b00000] [id=6652]
  0x0000027ca0777990 ConcurrentGCThread "G1 Refine#2" [stack: 0x0000007f72b00000,0x0000007f72c00000] [id=19664]
  0x0000027ca14998f0 ConcurrentGCThread "G1 Refine#3" [stack: 0x0000007f72e00000,0x0000007f72f00000] [id=18516]
  0x0000027ca07747d0 ConcurrentGCThread "G1 Refine#4" [stack: 0x0000007f72f00000,0x0000007f73000000] [id=13772]
  0x0000027c9fe124f0 ConcurrentGCThread "G1 Refine#5" [stack: 0x0000007f73000000,0x0000007f73100000] [id=16820]
  0x0000027ca14fc8b0 ConcurrentGCThread "G1 Refine#6" [stack: 0x0000007f73100000,0x0000007f73200000] [id=20384]
  0x0000027ca153bd70 ConcurrentGCThread "G1 Refine#7" [stack: 0x0000007f73200000,0x0000007f73300000] [id=12952]
  0x0000027c9b9faaa0 ConcurrentGCThread "G1 Service" [stack: 0x0000007f70f00000,0x0000007f71000000] [id=23632]

Threads with active compile tasks:
C1 CompilerThread0     2683 3048   !   1       jdk.proxy2.$Proxy2::phase (29 bytes)
C1 CompilerThread1     2683 3047       1       java.lang.ClassValue$Entry::assertNotPromise (22 bytes)
C1 CompilerThread2     2683 3029       1       io.quarkus.deployment.ExtensionLoader::loadStepsFromClass (3872 bytes)
C1 CompilerThread3     2683 3046       1       java.lang.ClassValue$Entry::value (9 bytes)

VM state: not at safepoint (normal execution)

VM Mutex/Monitor currently owned by a thread: None

Heap address: 0x0000000741600000, size: 3050 MB, Compressed Oops mode: Zero based, Oop shift amount: 3

CDS archive(s) mapped at: [0x0000000800000000-0x0000000800ba0000-0x0000000800ba0000), size 12189696, SharedBaseAddress: 0x0000000800000000, ArchiveRelocationMode: 0.
Compressed class space mapped at: 0x0000000800c00000-0x0000000840c00000, reserved size: 1073741824
Narrow klass base: 0x0000000800000000, Narrow klass shift: 0, Narrow klass range: 0x100000000

GC Precious Log:
 CardTable entry size: 512
 Card Set container configuration: InlinePtr #cards 4 size 8 Array Of Cards #cards 16 size 48 Howl #buckets 8 coarsen threshold 3686 Howl Bitmap #cards 512 size 80 coarsen threshold 460 Card regions per heap region 1 cards per card region 4096
 CPUs: 8 total, 8 available
 Memory: 12197M
 Large Page Support: Disabled
 NUMA Support: Disabled
 Compressed Oops: Enabled (Zero based)
 Heap Region Size: 2M
 Heap Min Capacity: 8M
 Heap Initial Capacity: 192M
 Heap Max Capacity: 3050M
 Pre-touch: Disabled
 Parallel Workers: 8
 Concurrent Workers: 2
 Concurrent Refinement Workers: 8
 Periodic GC: Disabled

Heap:
 garbage-first heap   total 315392K, used 74353K [0x0000000741600000, 0x0000000800000000)
  region size 2048K, 15 young (30720K), 2 survivors (4096K)
 Metaspace       used 12346K, committed 12736K, reserved 1114112K
  class space    used 1619K, committed 1792K, reserved 1048576K

Heap Regions: E=young(eden), S=young(survivor), O=old, HS=humongous(starts), HC=humongous(continues), CS=collection set, F=free, OA=open archive, CA=closed archive, TAMS=top-at-mark-start (previous, next)
|   0|0x0000000741600000, 0x0000000741800000, 0x0000000741800000|100%| O|  |TAMS 0x0000000741600000, 0x0000000741600000| Untracked 
|   1|0x0000000741800000, 0x0000000741a00000, 0x0000000741a00000|100%| O|  |TAMS 0x0000000741800000, 0x0000000741800000| Untracked 
|   2|0x0000000741a00000, 0x0000000741c00000, 0x0000000741c00000|100%| O|  |TAMS 0x0000000741a00000, 0x0000000741a00000| Untracked 
|   3|0x0000000741c00000, 0x0000000741e00000, 0x0000000741e00000|100%| O|  |TAMS 0x0000000741c00000, 0x0000000741c00000| Untracked 
|   4|0x0000000741e00000, 0x0000000742000000, 0x0000000742000000|100%|HS|  |TAMS 0x0000000741e00000, 0x0000000741e00000| Complete 
|   5|0x0000000742000000, 0x0000000742200000, 0x0000000742200000|100%| O|  |TAMS 0x0000000742000000, 0x0000000742000000| Untracked 
|   6|0x0000000742200000, 0x0000000742400000, 0x0000000742400000|100%| O|  |TAMS 0x0000000742200000, 0x0000000742200000| Untracked 
|   7|0x0000000742400000, 0x0000000742600000, 0x0000000742600000|100%| O|  |TAMS 0x0000000742400000, 0x0000000742400000| Untracked 
|   8|0x0000000742600000, 0x0000000742800000, 0x0000000742800000|100%| O|  |TAMS 0x0000000742600000, 0x0000000742600000| Untracked 
|   9|0x0000000742800000, 0x0000000742a00000, 0x0000000742a00000|100%| O|  |TAMS 0x0000000742800000, 0x0000000742800000| Untracked 
|  10|0x0000000742a00000, 0x0000000742c00000, 0x0000000742c00000|100%| O|  |TAMS 0x0000000742a00000, 0x0000000742a00000| Untracked 
|  11|0x0000000742c00000, 0x0000000742e00000, 0x0000000742e00000|100%| O|  |TAMS 0x0000000742c00000, 0x0000000742c00000| Untracked 
|  12|0x0000000742e00000, 0x0000000743000000, 0x0000000743000000|100%| O|  |TAMS 0x0000000742e00000, 0x0000000742e00000| Untracked 
|  13|0x0000000743000000, 0x0000000743200000, 0x0000000743200000|100%| O|  |TAMS 0x0000000743000000, 0x0000000743000000| Untracked 
|  14|0x0000000743200000, 0x0000000743400000, 0x0000000743400000|100%| O|  |TAMS 0x0000000743200000, 0x0000000743200000| Untracked 
|  15|0x0000000743400000, 0x0000000743600000, 0x0000000743600000|100%| O|  |TAMS 0x0000000743400000, 0x0000000743400000| Untracked 
|  16|0x0000000743600000, 0x0000000743800000, 0x0000000743800000|100%| O|  |TAMS 0x0000000743600000, 0x0000000743600000| Untracked 
|  17|0x0000000743800000, 0x0000000743a00000, 0x0000000743a00000|100%| O|  |TAMS 0x0000000743800000, 0x0000000743800000| Untracked 
|  18|0x0000000743a00000, 0x0000000743c00000, 0x0000000743c00000|100%| O|  |TAMS 0x0000000743a00000, 0x0000000743a00000| Untracked 
|  19|0x0000000743c00000, 0x0000000743e00000, 0x0000000743e00000|100%| O|  |TAMS 0x0000000743c00000, 0x0000000743c00000| Untracked 
|  20|0x0000000743e00000, 0x0000000744000000, 0x0000000744000000|100%| O|  |TAMS 0x0000000743e00000, 0x0000000743e00000| Untracked 
|  21|0x0000000744000000, 0x0000000744200000, 0x0000000744200000|100%| O|  |TAMS 0x0000000744000000, 0x0000000744000000| Untracked 
|  22|0x0000000744200000, 0x000000074436d200, 0x0000000744400000| 71%| O|  |TAMS 0x0000000744200000, 0x0000000744200000| Untracked 
|  23|0x0000000744400000, 0x0000000744400000, 0x0000000744600000|  0%| F|  |TAMS 0x0000000744400000, 0x0000000744400000| Untracked 
|  24|0x0000000744600000, 0x0000000744600000, 0x0000000744800000|  0%| F|  |TAMS 0x0000000744600000, 0x0000000744600000| Untracked 
|  25|0x0000000744800000, 0x0000000744800000, 0x0000000744a00000|  0%| F|  |TAMS 0x0000000744800000, 0x0000000744800000| Untracked 
|  26|0x0000000744a00000, 0x0000000744a00000, 0x0000000744c00000|  0%| F|  |TAMS 0x0000000744a00000, 0x0000000744a00000| Untracked 
|  27|0x0000000744c00000, 0x0000000744c00000, 0x0000000744e00000|  0%| F|  |TAMS 0x0000000744c00000, 0x0000000744c00000| Untracked 
|  28|0x0000000744e00000, 0x0000000744e00000, 0x0000000745000000|  0%| F|  |TAMS 0x0000000744e00000, 0x0000000744e00000| Untracked 
|  29|0x0000000745000000, 0x0000000745000000, 0x0000000745200000|  0%| F|  |TAMS 0x0000000745000000, 0x0000000745000000| Untracked 
|  30|0x0000000745200000, 0x0000000745200000, 0x0000000745400000|  0%| F|  |TAMS 0x0000000745200000, 0x0000000745200000| Untracked 
|  31|0x0000000745400000, 0x0000000745400000, 0x0000000745600000|  0%| F|  |TAMS 0x0000000745400000, 0x0000000745400000| Untracked 
|  32|0x0000000745600000, 0x0000000745600000, 0x0000000745800000|  0%| F|  |TAMS 0x0000000745600000, 0x0000000745600000| Untracked 
|  33|0x0000000745800000, 0x0000000745800000, 0x0000000745a00000|  0%| F|  |TAMS 0x0000000745800000, 0x0000000745800000| Untracked 
|  34|0x0000000745a00000, 0x0000000745a00000, 0x0000000745c00000|  0%| F|  |TAMS 0x0000000745a00000, 0x0000000745a00000| Untracked 
|  35|0x0000000745c00000, 0x0000000745c00000, 0x0000000745e00000|  0%| F|  |TAMS 0x0000000745c00000, 0x0000000745c00000| Untracked 
|  36|0x0000000745e00000, 0x0000000745e00000, 0x0000000746000000|  0%| F|  |TAMS 0x0000000745e00000, 0x0000000745e00000| Untracked 
|  37|0x0000000746000000, 0x0000000746000000, 0x0000000746200000|  0%| F|  |TAMS 0x0000000746000000, 0x0000000746000000| Untracked 
|  38|0x0000000746200000, 0x0000000746200000, 0x0000000746400000|  0%| F|  |TAMS 0x0000000746200000, 0x0000000746200000| Untracked 
|  39|0x0000000746400000, 0x0000000746400000, 0x0000000746600000|  0%| F|  |TAMS 0x0000000746400000, 0x0000000746400000| Untracked 
|  40|0x0000000746600000, 0x0000000746600000, 0x0000000746800000|  0%| F|  |TAMS 0x0000000746600000, 0x0000000746600000| Untracked 
|  41|0x0000000746800000, 0x0000000746800000, 0x0000000746a00000|  0%| F|  |TAMS 0x0000000746800000, 0x0000000746800000| Untracked 
|  42|0x0000000746a00000, 0x0000000746a00000, 0x0000000746c00000|  0%| F|  |TAMS 0x0000000746a00000, 0x0000000746a00000| Untracked 
|  43|0x0000000746c00000, 0x0000000746c00000, 0x0000000746e00000|  0%| F|  |TAMS 0x0000000746c00000, 0x0000000746c00000| Untracked 
|  44|0x0000000746e00000, 0x0000000746e00000, 0x0000000747000000|  0%| F|  |TAMS 0x0000000746e00000, 0x0000000746e00000| Untracked 
|  45|0x0000000747000000, 0x0000000747000000, 0x0000000747200000|  0%| F|  |TAMS 0x0000000747000000, 0x0000000747000000| Untracked 
|  46|0x0000000747200000, 0x0000000747200000, 0x0000000747400000|  0%| F|  |TAMS 0x0000000747200000, 0x0000000747200000| Untracked 
|  47|0x0000000747400000, 0x0000000747400000, 0x0000000747600000|  0%| F|  |TAMS 0x0000000747400000, 0x0000000747400000| Untracked 
|  48|0x0000000747600000, 0x0000000747600000, 0x0000000747800000|  0%| F|  |TAMS 0x0000000747600000, 0x0000000747600000| Untracked 
|  49|0x0000000747800000, 0x0000000747800000, 0x0000000747a00000|  0%| F|  |TAMS 0x0000000747800000, 0x0000000747800000| Untracked 
|  50|0x0000000747a00000, 0x0000000747a00000, 0x0000000747c00000|  0%| F|  |TAMS 0x0000000747a00000, 0x0000000747a00000| Untracked 
|  51|0x0000000747c00000, 0x0000000747c00000, 0x0000000747e00000|  0%| F|  |TAMS 0x0000000747c00000, 0x0000000747c00000| Untracked 
|  52|0x0000000747e00000, 0x0000000747e00000, 0x0000000748000000|  0%| F|  |TAMS 0x0000000747e00000, 0x0000000747e00000| Untracked 
|  53|0x0000000748000000, 0x0000000748000000, 0x0000000748200000|  0%| F|  |TAMS 0x0000000748000000, 0x0000000748000000| Untracked 
|  54|0x0000000748200000, 0x0000000748200000, 0x0000000748400000|  0%| F|  |TAMS 0x0000000748200000, 0x0000000748200000| Untracked 
|  55|0x0000000748400000, 0x0000000748400000, 0x0000000748600000|  0%| F|  |TAMS 0x0000000748400000, 0x0000000748400000| Untracked 
|  56|0x0000000748600000, 0x0000000748600000, 0x0000000748800000|  0%| F|  |TAMS 0x0000000748600000, 0x0000000748600000| Untracked 
|  57|0x0000000748800000, 0x0000000748800000, 0x0000000748a00000|  0%| F|  |TAMS 0x0000000748800000, 0x0000000748800000| Untracked 
|  58|0x0000000748a00000, 0x0000000748a00000, 0x0000000748c00000|  0%| F|  |TAMS 0x0000000748a00000, 0x0000000748a00000| Untracked 
|  59|0x0000000748c00000, 0x0000000748c00000, 0x0000000748e00000|  0%| F|  |TAMS 0x0000000748c00000, 0x0000000748c00000| Untracked 
|  60|0x0000000748e00000, 0x0000000748e00000, 0x0000000749000000|  0%| F|  |TAMS 0x0000000748e00000, 0x0000000748e00000| Untracked 
|  61|0x0000000749000000, 0x0000000749000000, 0x0000000749200000|  0%| F|  |TAMS 0x0000000749000000, 0x0000000749000000| Untracked 
|  62|0x0000000749200000, 0x0000000749200000, 0x0000000749400000|  0%| F|  |TAMS 0x0000000749200000, 0x0000000749200000| Untracked 
|  63|0x0000000749400000, 0x0000000749400000, 0x0000000749600000|  0%| F|  |TAMS 0x0000000749400000, 0x0000000749400000| Untracked 
|  64|0x0000000749600000, 0x0000000749600000, 0x0000000749800000|  0%| F|  |TAMS 0x0000000749600000, 0x0000000749600000| Untracked 
|  65|0x0000000749800000, 0x0000000749800000, 0x0000000749a00000|  0%| F|  |TAMS 0x0000000749800000, 0x0000000749800000| Untracked 
|  66|0x0000000749a00000, 0x0000000749a00000, 0x0000000749c00000|  0%| F|  |TAMS 0x0000000749a00000, 0x0000000749a00000| Untracked 
|  67|0x0000000749c00000, 0x0000000749c00000, 0x0000000749e00000|  0%| F|  |TAMS 0x0000000749c00000, 0x0000000749c00000| Untracked 
|  68|0x0000000749e00000, 0x0000000749e00000, 0x000000074a000000|  0%| F|  |TAMS 0x0000000749e00000, 0x0000000749e00000| Untracked 
|  69|0x000000074a000000, 0x000000074a000000, 0x000000074a200000|  0%| F|  |TAMS 0x000000074a000000, 0x000000074a000000| Untracked 
|  70|0x000000074a200000, 0x000000074a200000, 0x000000074a400000|  0%| F|  |TAMS 0x000000074a200000, 0x000000074a200000| Untracked 
|  71|0x000000074a400000, 0x000000074a400000, 0x000000074a600000|  0%| F|  |TAMS 0x000000074a400000, 0x000000074a400000| Untracked 
|  72|0x000000074a600000, 0x000000074a600000, 0x000000074a800000|  0%| F|  |TAMS 0x000000074a600000, 0x000000074a600000| Untracked 
|  73|0x000000074a800000, 0x000000074a800000, 0x000000074aa00000|  0%| F|  |TAMS 0x000000074a800000, 0x000000074a800000| Untracked 
|  74|0x000000074aa00000, 0x000000074aa00000, 0x000000074ac00000|  0%| F|  |TAMS 0x000000074aa00000, 0x000000074aa00000| Untracked 
|  75|0x000000074ac00000, 0x000000074ac00000, 0x000000074ae00000|  0%| F|  |TAMS 0x000000074ac00000, 0x000000074ac00000| Untracked 
|  76|0x000000074ae00000, 0x000000074ae00000, 0x000000074b000000|  0%| F|  |TAMS 0x000000074ae00000, 0x000000074ae00000| Untracked 
|  77|0x000000074b000000, 0x000000074b000000, 0x000000074b200000|  0%| F|  |TAMS 0x000000074b000000, 0x000000074b000000| Untracked 
|  78|0x000000074b200000, 0x000000074b32f5c0, 0x000000074b400000| 59%| S|CS|TAMS 0x000000074b200000, 0x000000074b200000| Complete 
|  79|0x000000074b400000, 0x000000074b600000, 0x000000074b600000|100%| S|CS|TAMS 0x000000074b400000, 0x000000074b400000| Complete 
|  80|0x000000074b600000, 0x000000074b600000, 0x000000074b800000|  0%| F|  |TAMS 0x000000074b600000, 0x000000074b600000| Untracked 
|  81|0x000000074b800000, 0x000000074b800000, 0x000000074ba00000|  0%| F|  |TAMS 0x000000074b800000, 0x000000074b800000| Untracked 
|  82|0x000000074ba00000, 0x000000074ba00000, 0x000000074bc00000|  0%| F|  |TAMS 0x000000074ba00000, 0x000000074ba00000| Untracked 
|  83|0x000000074bc00000, 0x000000074bc00000, 0x000000074be00000|  0%| F|  |TAMS 0x000000074bc00000, 0x000000074bc00000| Untracked 
|  84|0x000000074be00000, 0x000000074be00000, 0x000000074c000000|  0%| F|  |TAMS 0x000000074be00000, 0x000000074be00000| Untracked 
|  85|0x000000074c000000, 0x000000074c000000, 0x000000074c200000|  0%| F|  |TAMS 0x000000074c000000, 0x000000074c000000| Untracked 
|  86|0x000000074c200000, 0x000000074c200000, 0x000000074c400000|  0%| F|  |TAMS 0x000000074c200000, 0x000000074c200000| Untracked 
|  87|0x000000074c400000, 0x000000074c400000, 0x000000074c600000|  0%| F|  |TAMS 0x000000074c400000, 0x000000074c400000| Untracked 
|  88|0x000000074c600000, 0x000000074c600000, 0x000000074c800000|  0%| F|  |TAMS 0x000000074c600000, 0x000000074c600000| Untracked 
|  89|0x000000074c800000, 0x000000074c800000, 0x000000074ca00000|  0%| F|  |TAMS 0x000000074c800000, 0x000000074c800000| Untracked 
|  90|0x000000074ca00000, 0x000000074ca00000, 0x000000074cc00000|  0%| F|  |TAMS 0x000000074ca00000, 0x000000074ca00000| Untracked 
|  91|0x000000074cc00000, 0x000000074cc00000, 0x000000074ce00000|  0%| F|  |TAMS 0x000000074cc00000, 0x000000074cc00000| Untracked 
|  92|0x000000074ce00000, 0x000000074ce00000, 0x000000074d000000|  0%| F|  |TAMS 0x000000074ce00000, 0x000000074ce00000| Untracked 
|  93|0x000000074d000000, 0x000000074d000000, 0x000000074d200000|  0%| F|  |TAMS 0x000000074d000000, 0x000000074d000000| Untracked 
|  94|0x000000074d200000, 0x000000074d200000, 0x000000074d400000|  0%| F|  |TAMS 0x000000074d200000, 0x000000074d200000| Untracked 
|  95|0x000000074d400000, 0x000000074d400000, 0x000000074d600000|  0%| F|  |TAMS 0x000000074d400000, 0x000000074d400000| Untracked 
|  96|0x000000074d600000, 0x000000074d600000, 0x000000074d800000|  0%| F|  |TAMS 0x000000074d600000, 0x000000074d600000| Untracked 
|  97|0x000000074d800000, 0x000000074d800000, 0x000000074da00000|  0%| F|  |TAMS 0x000000074d800000, 0x000000074d800000| Untracked 
|  98|0x000000074da00000, 0x000000074da00000, 0x000000074dc00000|  0%| F|  |TAMS 0x000000074da00000, 0x000000074da00000| Untracked 
|  99|0x000000074dc00000, 0x000000074dc00000, 0x000000074de00000|  0%| F|  |TAMS 0x000000074dc00000, 0x000000074dc00000| Untracked 
| 100|0x000000074de00000, 0x000000074de00000, 0x000000074e000000|  0%| F|  |TAMS 0x000000074de00000, 0x000000074de00000| Untracked 
| 101|0x000000074e000000, 0x000000074e000000, 0x000000074e200000|  0%| F|  |TAMS 0x000000074e000000, 0x000000074e000000| Untracked 
| 102|0x000000074e200000, 0x000000074e200000, 0x000000074e400000|  0%| F|  |TAMS 0x000000074e200000, 0x000000074e200000| Untracked 
| 103|0x000000074e400000, 0x000000074e400000, 0x000000074e600000|  0%| F|  |TAMS 0x000000074e400000, 0x000000074e400000| Untracked 
| 104|0x000000074e600000, 0x000000074e600000, 0x000000074e800000|  0%| F|  |TAMS 0x000000074e600000, 0x000000074e600000| Untracked 
| 105|0x000000074e800000, 0x000000074e800000, 0x000000074ea00000|  0%| F|  |TAMS 0x000000074e800000, 0x000000074e800000| Untracked 
| 106|0x000000074ea00000, 0x000000074ea00000, 0x000000074ec00000|  0%| F|  |TAMS 0x000000074ea00000, 0x000000074ea00000| Untracked 
| 107|0x000000074ec00000, 0x000000074ec00000, 0x000000074ee00000|  0%| F|  |TAMS 0x000000074ec00000, 0x000000074ec00000| Untracked 
| 108|0x000000074ee00000, 0x000000074ee00000, 0x000000074f000000|  0%| F|  |TAMS 0x000000074ee00000, 0x000000074ee00000| Untracked 
| 109|0x000000074f000000, 0x000000074f000000, 0x000000074f200000|  0%| F|  |TAMS 0x000000074f000000, 0x000000074f000000| Untracked 
| 110|0x000000074f200000, 0x000000074f200000, 0x000000074f400000|  0%| F|  |TAMS 0x000000074f200000, 0x000000074f200000| Untracked 
| 111|0x000000074f400000, 0x000000074f400000, 0x000000074f600000|  0%| F|  |TAMS 0x000000074f400000, 0x000000074f400000| Untracked 
| 112|0x000000074f600000, 0x000000074f600000, 0x000000074f800000|  0%| F|  |TAMS 0x000000074f600000, 0x000000074f600000| Untracked 
| 113|0x000000074f800000, 0x000000074f800000, 0x000000074fa00000|  0%| F|  |TAMS 0x000000074f800000, 0x000000074f800000| Untracked 
| 114|0x000000074fa00000, 0x000000074fa00000, 0x000000074fc00000|  0%| F|  |TAMS 0x000000074fa00000, 0x000000074fa00000| Untracked 
| 115|0x000000074fc00000, 0x000000074fc00000, 0x000000074fe00000|  0%| F|  |TAMS 0x000000074fc00000, 0x000000074fc00000| Untracked 
| 116|0x000000074fe00000, 0x000000074fe00000, 0x0000000750000000|  0%| F|  |TAMS 0x000000074fe00000, 0x000000074fe00000| Untracked 
| 117|0x0000000750000000, 0x0000000750000000, 0x0000000750200000|  0%| F|  |TAMS 0x0000000750000000, 0x0000000750000000| Untracked 
| 118|0x0000000750200000, 0x0000000750200000, 0x0000000750400000|  0%| F|  |TAMS 0x0000000750200000, 0x0000000750200000| Untracked 
| 119|0x0000000750400000, 0x0000000750400000, 0x0000000750600000|  0%| F|  |TAMS 0x0000000750400000, 0x0000000750400000| Untracked 
| 120|0x0000000750600000, 0x0000000750600000, 0x0000000750800000|  0%| F|  |TAMS 0x0000000750600000, 0x0000000750600000| Untracked 
| 121|0x0000000750800000, 0x0000000750800000, 0x0000000750a00000|  0%| F|  |TAMS 0x0000000750800000, 0x0000000750800000| Untracked 
| 122|0x0000000750a00000, 0x0000000750a00000, 0x0000000750c00000|  0%| F|  |TAMS 0x0000000750a00000, 0x0000000750a00000| Untracked 
| 123|0x0000000750c00000, 0x0000000750c00000, 0x0000000750e00000|  0%| F|  |TAMS 0x0000000750c00000, 0x0000000750c00000| Untracked 
| 124|0x0000000750e00000, 0x0000000750e00000, 0x0000000751000000|  0%| F|  |TAMS 0x0000000750e00000, 0x0000000750e00000| Untracked 
| 125|0x0000000751000000, 0x0000000751000000, 0x0000000751200000|  0%| F|  |TAMS 0x0000000751000000, 0x0000000751000000| Untracked 
| 126|0x0000000751200000, 0x0000000751200000, 0x0000000751400000|  0%| F|  |TAMS 0x0000000751200000, 0x0000000751200000| Untracked 
| 127|0x0000000751400000, 0x0000000751400000, 0x0000000751600000|  0%| F|  |TAMS 0x0000000751400000, 0x0000000751400000| Untracked 
| 128|0x0000000751600000, 0x0000000751600000, 0x0000000751800000|  0%| F|  |TAMS 0x0000000751600000, 0x0000000751600000| Untracked 
| 129|0x0000000751800000, 0x0000000751800000, 0x0000000751a00000|  0%| F|  |TAMS 0x0000000751800000, 0x0000000751800000| Untracked 
| 130|0x0000000751a00000, 0x0000000751a00000, 0x0000000751c00000|  0%| F|  |TAMS 0x0000000751a00000, 0x0000000751a00000| Untracked 
| 131|0x0000000751c00000, 0x0000000751c00000, 0x0000000751e00000|  0%| F|  |TAMS 0x0000000751c00000, 0x0000000751c00000| Untracked 
| 132|0x0000000751e00000, 0x0000000751e00000, 0x0000000752000000|  0%| F|  |TAMS 0x0000000751e00000, 0x0000000751e00000| Untracked 
| 133|0x0000000752000000, 0x0000000752000000, 0x0000000752200000|  0%| F|  |TAMS 0x0000000752000000, 0x0000000752000000| Untracked 
| 134|0x0000000752200000, 0x0000000752200000, 0x0000000752400000|  0%| F|  |TAMS 0x0000000752200000, 0x0000000752200000| Untracked 
| 135|0x0000000752400000, 0x0000000752400000, 0x0000000752600000|  0%| F|  |TAMS 0x0000000752400000, 0x0000000752400000| Untracked 
| 136|0x0000000752600000, 0x0000000752600000, 0x0000000752800000|  0%| F|  |TAMS 0x0000000752600000, 0x0000000752600000| Untracked 
| 137|0x0000000752800000, 0x0000000752800000, 0x0000000752a00000|  0%| F|  |TAMS 0x0000000752800000, 0x0000000752800000| Untracked 
| 138|0x0000000752a00000, 0x0000000752a00000, 0x0000000752c00000|  0%| F|  |TAMS 0x0000000752a00000, 0x0000000752a00000| Untracked 
| 139|0x0000000752c00000, 0x0000000752c00000, 0x0000000752e00000|  0%| F|  |TAMS 0x0000000752c00000, 0x0000000752c00000| Untracked 
| 140|0x0000000752e00000, 0x0000000752e00000, 0x0000000753000000|  0%| F|  |TAMS 0x0000000752e00000, 0x0000000752e00000| Untracked 
| 141|0x0000000753000000, 0x00000007530aaf28, 0x0000000753200000| 33%| E|  |TAMS 0x0000000753000000, 0x0000000753000000| Complete 
| 142|0x0000000753200000, 0x0000000753400000, 0x0000000753400000|100%| E|CS|TAMS 0x0000000753200000, 0x0000000753200000| Complete 
| 143|0x0000000753400000, 0x0000000753600000, 0x0000000753600000|100%| E|CS|TAMS 0x0000000753400000, 0x0000000753400000| Complete 
| 144|0x0000000753600000, 0x0000000753800000, 0x0000000753800000|100%| E|CS|TAMS 0x0000000753600000, 0x0000000753600000| Complete 
| 145|0x0000000753800000, 0x0000000753a00000, 0x0000000753a00000|100%| E|CS|TAMS 0x0000000753800000, 0x0000000753800000| Complete 
| 146|0x0000000753a00000, 0x0000000753c00000, 0x0000000753c00000|100%| E|CS|TAMS 0x0000000753a00000, 0x0000000753a00000| Complete 
| 147|0x0000000753c00000, 0x0000000753e00000, 0x0000000753e00000|100%| E|CS|TAMS 0x0000000753c00000, 0x0000000753c00000| Complete 
| 148|0x0000000753e00000, 0x0000000754000000, 0x0000000754000000|100%| E|CS|TAMS 0x0000000753e00000, 0x0000000753e00000| Complete 
| 149|0x0000000754000000, 0x0000000754200000, 0x0000000754200000|100%| E|CS|TAMS 0x0000000754000000, 0x0000000754000000| Complete 
| 150|0x0000000754200000, 0x0000000754400000, 0x0000000754400000|100%| E|CS|TAMS 0x0000000754200000, 0x0000000754200000| Complete 
| 151|0x0000000754400000, 0x0000000754600000, 0x0000000754600000|100%| E|CS|TAMS 0x0000000754400000, 0x0000000754400000| Complete 
| 152|0x0000000754600000, 0x0000000754800000, 0x0000000754800000|100%| E|CS|TAMS 0x0000000754600000, 0x0000000754600000| Complete 
| 153|0x0000000754800000, 0x0000000754a00000, 0x0000000754a00000|100%| E|CS|TAMS 0x0000000754800000, 0x0000000754800000| Complete 

Card table byte_map: [0x0000027c92580000,0x0000027c92b80000] _byte_map_base: 0x0000027c8eb75000

Marking Bits (Prev, Next): (CMBitMap*) 0x0000027c8758e600, (CMBitMap*) 0x0000027c8758e640
 Prev Bits: [0x0000027c93180000, 0x0000027c96128000)
 Next Bits: [0x0000027c96130000, 0x0000027c990d8000)

Polling page: 0x0000027c85540000

Metaspace:

Usage:
  Non-class:     10.48 MB used.
      Class:      1.58 MB used.
       Both:     12.06 MB used.

Virtual space:
  Non-class space:       64.00 MB reserved,      10.69 MB ( 17%) committed,  1 nodes.
      Class space:        1.00 GB reserved,       1.75 MB ( <1%) committed,  1 nodes.
             Both:        1.06 GB reserved,      12.44 MB (  1%) committed. 

Chunk freelists:
   Non-Class:  96.00 KB
       Class:  2.19 MB
        Both:  2.28 MB

MaxMetaspaceSize: unlimited
CompressedClassSpaceSize: 1.00 GB
Initial GC threshold: 21.00 MB
Current GC threshold: 21.00 MB
CDS: on
MetaspaceReclaimPolicy: balanced
 - commit_granule_bytes: 65536.
 - commit_granule_words: 8192.
 - virtual_space_node_default_size: 8388608.
 - enlarge_chunks_in_place: 1.
 - new_chunks_are_fully_committed: 0.
 - uncommit_free_chunks: 1.
 - use_allocation_guard: 0.


Internal statistics:

num_allocs_failed_limit: 0.
num_arena_births: 396.
num_arena_deaths: 0.
num_vsnodes_births: 2.
num_vsnodes_deaths: 0.
num_space_committed: 199.
num_space_uncommitted: 0.
num_chunks_returned_to_freelist: 0.
num_chunks_taken_from_freelist: 886.
num_chunk_merges: 0.
num_chunk_splits: 562.
num_chunks_enlarged: 368.
num_inconsistent_stats: 0.

CodeCache: size=49152Kb used=7796Kb max_used=7796Kb free=41355Kb
 bounds [0x0000027c8ee70000, 0x0000027c8f610000, 0x0000027c91e70000]
 total_blobs=3520 nmethods=3044 adapters=400
 compilation: enabled
              stopped_count=0, restarted_count=0
 full_count=0

Compilation events (20 events):
Event: 2.633 Thread 0x0000027ca0453ed0 3037       1       java.lang.Class::getDeclaredConstructors (27 bytes)
Event: 2.633 Thread 0x0000027c9bb62ec0 3038       1       java.lang.Class::copyConstructors (38 bytes)
Event: 2.633 Thread 0x0000027ca0453ed0 nmethod 3037 0x0000027c8f60a010 code [0x0000027c8f60a1c0, 0x0000027c8f60a2b8]
Event: 2.633 Thread 0x0000027c9bb62ec0 nmethod 3038 0x0000027c8f60a390 code [0x0000027c8f60a580, 0x0000027c8f60a998]
Event: 2.634 Thread 0x0000027ca0453ed0 3039       1       sun.reflect.generics.repository.ConstructorRepository::computeParameterTypes (62 bytes)
Event: 2.635 Thread 0x0000027ca0453ed0 nmethod 3039 0x0000027c8f60ac90 code [0x0000027c8f60ae40, 0x0000027c8f60b288]
Event: 2.636 Thread 0x0000027c9fd9bac0 3040       1       jdk.internal.misc.Unsafe::convEndian (16 bytes)
Event: 2.636 Thread 0x0000027ca0453ed0 3041       1       java.lang.Integer::reverseBytes (28 bytes)
Event: 2.636 Thread 0x0000027c9bb62ec0 3042       1       jdk.internal.misc.Unsafe::getIntUnaligned (12 bytes)
Event: 2.636 Thread 0x0000027ca0453ed0 nmethod 3041 0x0000027c8f60b510 code [0x0000027c8f60b6a0, 0x0000027c8f60b778]
Event: 2.637 Thread 0x0000027c9fd9bac0 nmethod 3040 0x0000027c8f60b810 code [0x0000027c8f60b9a0, 0x0000027c8f60ba78]
Event: 2.637 Thread 0x0000027c9bb62ec0 nmethod 3042 0x0000027c8f60bb10 code [0x0000027c8f60bca0, 0x0000027c8f60bd98]
Event: 2.639 Thread 0x0000027ca0453ed0 3043       1       java.lang.Class::copyMethods (36 bytes)
Event: 2.640 Thread 0x0000027ca0453ed0 nmethod 3043 0x0000027c8f60be10 code [0x0000027c8f60bfe0, 0x0000027c8f60c488]
Event: 2.640 Thread 0x0000027c9fd9bac0 3044       1       java.lang.invoke.LambdaForm$MH/0x0000000800dac800::invoke (42 bytes)
Event: 2.640 Thread 0x0000027c9bb62ec0 3045       1       java.lang.reflect.Constructor::getSignature (5 bytes)
Event: 2.640 Thread 0x0000027c9bb62ec0 nmethod 3045 0x0000027c8f60c790 code [0x0000027c8f60c920, 0x0000027c8f60c9f8]
Event: 2.641 Thread 0x0000027c9fd9bac0 nmethod 3044 0x0000027c8f60ca90 code [0x0000027c8f60cc80, 0x0000027c8f60cfd8]
Event: 2.648 Thread 0x0000027ca0453ed0 3046       1       java.lang.ClassValue$Entry::value (9 bytes)
Event: 2.648 Thread 0x0000027c9fd9bac0 3047       1       java.lang.ClassValue$Entry::assertNotPromise (22 bytes)

GC Heap History (10 events):
Event: 0.739 GC heap before
{Heap before GC invocations=0 (full 0):
 garbage-first heap   total 196608K, used 22528K [0x0000000741600000, 0x0000000800000000)
  region size 2048K, 11 young (22528K), 0 survivors (0K)
 Metaspace       used 3248K, committed 3520K, reserved 1114112K
  class space    used 376K, committed 512K, reserved 1048576K
}
Event: 0.749 GC heap after
{Heap after GC invocations=1 (full 0):
 garbage-first heap   total 196608K, used 11019K [0x0000000741600000, 0x0000000800000000)
  region size 2048K, 2 young (4096K), 2 survivors (4096K)
 Metaspace       used 3248K, committed 3520K, reserved 1114112K
  class space    used 376K, committed 512K, reserved 1048576K
}
Event: 0.987 GC heap before
{Heap before GC invocations=1 (full 0):
 garbage-first heap   total 196608K, used 31499K [0x0000000741600000, 0x0000000800000000)
  region size 2048K, 11 young (22528K), 2 survivors (4096K)
 Metaspace       used 3468K, committed 3712K, reserved 1114112K
  class space    used 418K, committed 512K, reserved 1048576K
}
Event: 0.999 GC heap after
{Heap after GC invocations=2 (full 0):
 garbage-first heap   total 196608K, used 24144K [0x0000000741600000, 0x0000000800000000)
  region size 2048K, 2 young (4096K), 2 survivors (4096K)
 Metaspace       used 3468K, committed 3712K, reserved 1114112K
  class space    used 418K, committed 512K, reserved 1048576K
}
Event: 1.145 GC heap before
{Heap before GC invocations=2 (full 0):
 garbage-first heap   total 196608K, used 46672K [0x0000000741600000, 0x0000000800000000)
  region size 2048K, 14 young (28672K), 2 survivors (4096K)
 Metaspace       used 3468K, committed 3712K, reserved 1114112K
  class space    used 418K, committed 512K, reserved 1048576K
}
Event: 1.159 GC heap after
{Heap after GC invocations=3 (full 0):
 garbage-first heap   total 196608K, used 30720K [0x0000000741600000, 0x0000000800000000)
  region size 2048K, 2 young (4096K), 2 survivors (4096K)
 Metaspace       used 3468K, committed 3712K, reserved 1114112K
  class space    used 418K, committed 512K, reserved 1048576K
}
Event: 1.510 GC heap before
{Heap before GC invocations=3 (full 0):
 garbage-first heap   total 196608K, used 71680K [0x0000000741600000, 0x0000000800000000)
  region size 2048K, 23 young (47104K), 2 survivors (4096K)
 Metaspace       used 4579K, committed 4864K, reserved 1114112K
  class space    used 547K, committed 640K, reserved 1048576K
}
Event: 1.539 GC heap after
{Heap after GC invocations=4 (full 0):
 garbage-first heap   total 196608K, used 45701K [0x0000000741600000, 0x0000000800000000)
  region size 2048K, 3 young (6144K), 3 survivors (6144K)
 Metaspace       used 4579K, committed 4864K, reserved 1114112K
  class space    used 547K, committed 640K, reserved 1048576K
}
Event: 2.276 GC heap before
{Heap before GC invocations=4 (full 0):
 garbage-first heap   total 196608K, used 78469K [0x0000000741600000, 0x0000000800000000)
  region size 2048K, 19 young (38912K), 3 survivors (6144K)
 Metaspace       used 9056K, committed 9408K, reserved 1114112K
  class space    used 1174K, committed 1344K, reserved 1048576K
}
Event: 2.290 GC heap after
{Heap after GC invocations=5 (full 0):
 garbage-first heap   total 315392K, used 49777K [0x0000000741600000, 0x0000000800000000)
  region size 2048K, 2 young (4096K), 2 survivors (4096K)
 Metaspace       used 9056K, committed 9408K, reserved 1114112K
  class space    used 1174K, committed 1344K, reserved 1048576K
}

Deoptimization events (20 events):
Event: 2.186 Thread 0x0000027c875312e0 DEOPT PACKING pc=0x0000027c8f39eea4 sp=0x0000007f70afe380
Event: 2.186 Thread 0x0000027c875312e0 DEOPT UNPACKING pc=0x0000027c8eec2b43 sp=0x0000007f70afd848 mode 1
Event: 2.441 Thread 0x0000027c875312e0 DEOPT PACKING pc=0x0000027c8f5b5d41 sp=0x0000007f70afda00
Event: 2.441 Thread 0x0000027c875312e0 DEOPT UNPACKING pc=0x0000027c8eec2b43 sp=0x0000007f70afcef0 mode 3
Event: 2.487 Thread 0x0000027c875312e0 DEOPT PACKING pc=0x0000027c8f251ec9 sp=0x0000007f70afe530
Event: 2.487 Thread 0x0000027c875312e0 DEOPT UNPACKING pc=0x0000027c8eec2b43 sp=0x0000007f70afd988 mode 1
Event: 2.487 Thread 0x0000027c875312e0 DEOPT PACKING pc=0x0000027c8f25167c sp=0x0000007f70afe5c0
Event: 2.487 Thread 0x0000027c875312e0 DEOPT UNPACKING pc=0x0000027c8eec2b43 sp=0x0000007f70afda68 mode 1
Event: 2.487 Thread 0x0000027c875312e0 DEOPT PACKING pc=0x0000027c8f3f9f1c sp=0x0000007f70afe610
Event: 2.487 Thread 0x0000027c875312e0 DEOPT UNPACKING pc=0x0000027c8eec2b43 sp=0x0000007f70afdc20 mode 1
Event: 2.487 Thread 0x0000027c875312e0 DEOPT PACKING pc=0x0000027c8f3f8e74 sp=0x0000007f70afe850
Event: 2.487 Thread 0x0000027c875312e0 DEOPT UNPACKING pc=0x0000027c8eec2b43 sp=0x0000007f70afdd08 mode 1
Event: 2.628 Thread 0x0000027c875312e0 DEOPT PACKING pc=0x0000027c8f251ec9 sp=0x0000007f70afe530
Event: 2.628 Thread 0x0000027c875312e0 DEOPT UNPACKING pc=0x0000027c8eec2b43 sp=0x0000007f70afd988 mode 1
Event: 2.628 Thread 0x0000027c875312e0 DEOPT PACKING pc=0x0000027c8f25167c sp=0x0000007f70afe5c0
Event: 2.628 Thread 0x0000027c875312e0 DEOPT UNPACKING pc=0x0000027c8eec2b43 sp=0x0000007f70afda68 mode 1
Event: 2.628 Thread 0x0000027c875312e0 DEOPT PACKING pc=0x0000027c8f3f9f1c sp=0x0000007f70afe610
Event: 2.628 Thread 0x0000027c875312e0 DEOPT UNPACKING pc=0x0000027c8eec2b43 sp=0x0000007f70afdc20 mode 1
Event: 2.628 Thread 0x0000027c875312e0 DEOPT PACKING pc=0x0000027c8f3f8e74 sp=0x0000007f70afe850
Event: 2.628 Thread 0x0000027c875312e0 DEOPT UNPACKING pc=0x0000027c8eec2b43 sp=0x0000007f70afdd08 mode 1

Classes loaded (20 events):
Event: 2.398 Loading class java/util/regex/Pattern$BnM
Event: 2.398 Loading class java/util/regex/Pattern$BnM done
Event: 2.398 Loading class java/util/regex/Pattern$SliceS
Event: 2.398 Loading class java/util/regex/Pattern$SliceS done
Event: 2.440 Loading class sun/reflect/annotation/AnnotationSupport
Event: 2.440 Loading class sun/reflect/annotation/AnnotationSupport done
Event: 2.440 Loading class java/lang/annotation/ElementType
Event: 2.440 Loading class java/lang/annotation/ElementType done
Event: 2.459 Loading class sun/reflect/generics/tree/VoidDescriptor
Event: 2.459 Loading class sun/reflect/generics/tree/VoidDescriptor done
Event: 2.492 Loading class java/security/NoSuchAlgorithmException
Event: 2.492 Loading class java/security/GeneralSecurityException
Event: 2.492 Loading class java/security/GeneralSecurityException done
Event: 2.492 Loading class java/security/NoSuchAlgorithmException done
Event: 2.530 Loading class sun/reflect/generics/scope/ConstructorScope
Event: 2.530 Loading class sun/reflect/generics/scope/ConstructorScope done
Event: 2.607 Loading class java/util/concurrent/ScheduledExecutorService
Event: 2.607 Loading class java/util/concurrent/ScheduledExecutorService done
Event: 2.607 Loading class java/util/function/IntSupplier
Event: 2.607 Loading class java/util/function/IntSupplier done

Classes unloaded (0 events):
No events

Classes redefined (0 events):
No events

Internal exceptions (20 events):
Event: 2.127 Thread 0x0000027c875312e0 Exception <a 'java/lang/NoSuchMethodError'{0x000000074bf72e50}: 'void java.lang.invoke.DelegatingMethodHandle$Holder.reinvoke_L(java.lang.Object, java.lang.Object, int)'> (0x000000074bf72e50) 
thrown [s\open\src\hotspot\share\interpreter\linkResolver.cpp, line 759]
Event: 2.127 Thread 0x0000027c875312e0 Exception <a 'java/lang/NoSuchMethodError'{0x000000074bf79bb0}: 'void java.lang.invoke.Invokers$Holder.invokeExact_MT(java.lang.Object, java.lang.Object, int, java.lang.Object)'> (0x000000074bf79bb0) 
thrown [s\open\src\hotspot\share\interpreter\linkResolver.cpp, line 759]
Event: 2.128 Thread 0x0000027c875312e0 Exception <a 'java/lang/NoSuchMethodError'{0x000000074bf855e0}: 'void java.lang.invoke.Invokers$Holder.invokeExact_MT(java.lang.Object, java.lang.Object, java.lang.Object, java.lang.Object)'> (0x000000074bf855e0) 
thrown [s\open\src\hotspot\share\interpreter\linkResolver.cpp, line 759]
Event: 2.181 Thread 0x0000027c875312e0 Exception <a 'sun/nio/fs/WindowsException'{0x000000074bd87678}> (0x000000074bd87678) 
thrown [s\open\src\hotspot\share\prims\jni.cpp, line 516]
Event: 2.181 Thread 0x0000027c875312e0 Exception <a 'sun/nio/fs/WindowsException'{0x000000074bd879f8}> (0x000000074bd879f8) 
thrown [s\open\src\hotspot\share\prims\jni.cpp, line 516]
Event: 2.182 Thread 0x0000027c875312e0 Exception <a 'sun/nio/fs/WindowsException'{0x000000074bd889b0}> (0x000000074bd889b0) 
thrown [s\open\src\hotspot\share\prims\jni.cpp, line 516]
Event: 2.182 Thread 0x0000027c875312e0 Exception <a 'sun/nio/fs/WindowsException'{0x000000074bd89220}> (0x000000074bd89220) 
thrown [s\open\src\hotspot\share\prims\jni.cpp, line 516]
Event: 2.182 Thread 0x0000027c875312e0 Exception <a 'sun/nio/fs/WindowsException'{0x000000074bd898b0}> (0x000000074bd898b0) 
thrown [s\open\src\hotspot\share\prims\jni.cpp, line 516]
Event: 2.182 Thread 0x0000027c875312e0 Exception <a 'sun/nio/fs/WindowsException'{0x000000074bd89ea0}> (0x000000074bd89ea0) 
thrown [s\open\src\hotspot\share\prims\jni.cpp, line 516]
Event: 2.182 Thread 0x0000027c875312e0 Exception <a 'sun/nio/fs/WindowsException'{0x000000074bd8a1a0}> (0x000000074bd8a1a0) 
thrown [s\open\src\hotspot\share\prims\jni.cpp, line 516]
Event: 2.183 Thread 0x0000027c875312e0 Exception <a 'sun/nio/fs/WindowsException'{0x000000074bd9a9b0}> (0x000000074bd9a9b0) 
thrown [s\open\src\hotspot\share\prims\jni.cpp, line 516]
Event: 2.183 Thread 0x0000027c875312e0 Exception <a 'sun/nio/fs/WindowsException'{0x000000074bd9b010}> (0x000000074bd9b010) 
thrown [s\open\src\hotspot\share\prims\jni.cpp, line 516]
Event: 2.184 Thread 0x0000027c875312e0 Exception <a 'sun/nio/fs/WindowsException'{0x000000074bd9b600}> (0x000000074bd9b600) 
thrown [s\open\src\hotspot\share\prims\jni.cpp, line 516]
Event: 2.184 Thread 0x0000027c875312e0 Exception <a 'sun/nio/fs/WindowsException'{0x000000074bd9b868}> (0x000000074bd9b868) 
thrown [s\open\src\hotspot\share\prims\jni.cpp, line 516]
Event: 2.186 Thread 0x0000027c875312e0 Exception <a 'sun/nio/fs/WindowsException'{0x000000074bdb1d90}> (0x000000074bdb1d90) 
thrown [s\open\src\hotspot\share\prims\jni.cpp, line 516]
Event: 2.223 Thread 0x0000027c875312e0 Exception <a 'java/lang/NoSuchMethodError'{0x000000074b824c20}: 'void java.lang.invoke.DirectMethodHandle$Holder.invokeSpecialIFC(java.lang.Object, java.lang.Object, java.lang.Object, java.lang.Object)'> (0x000000074b824c20) 
thrown [s\open\src\hotspot\share\interpreter\linkResolver.cpp, line 759]
Event: 2.317 Thread 0x0000027c875312e0 Exception <a 'java/lang/NoSuchMethodError'{0x000000075461b988}: 'int java.lang.invoke.DirectMethodHandle$Holder.invokeStaticInit(java.lang.Object, java.lang.Object)'> (0x000000075461b988) 
thrown [s\open\src\hotspot\share\interpreter\linkResolver.cpp, line 759]
Event: 2.437 Thread 0x0000027c875312e0 Exception <a 'java/lang/NoSuchMethodError'{0x0000000753f472a0}: 'int java.lang.invoke.DirectMethodHandle$Holder.invokeStatic(java.lang.Object)'> (0x0000000753f472a0) 
thrown [s\open\src\hotspot\share\interpreter\linkResolver.cpp, line 759]
Event: 2.448 Thread 0x0000027c875312e0 Exception <a 'java/lang/NoSuchMethodError'{0x0000000753fb7880}: 'void java.lang.invoke.DirectMethodHandle$Holder.invokeSpecialIFC(java.lang.Object, java.lang.Object, java.lang.Object, java.lang.Object, java.lang.Object)'> (0x0000000753fb7880) 
thrown [s\open\src\hotspot\share\interpreter\linkResolver.cpp, line 759]
Event: 2.464 Thread 0x0000027c875312e0 Exception <a 'java/lang/NoSuchMethodError'{0x0000000753cded90}: 'java.lang.Object java.lang.invoke.DirectMethodHandle$Holder.newInvokeSpecial(java.lang.Object, java.lang.Object, int)'> (0x0000000753cded90) 
thrown [s\open\src\hotspot\share\interpreter\linkResolver.cpp, line 759]

VM Operations (20 events):
Event: 0.987 Executing VM operation: G1CollectForAllocation
Event: 0.999 Executing VM operation: G1CollectForAllocation done
Event: 1.145 Executing VM operation: G1CollectForAllocation
Event: 1.159 Executing VM operation: G1CollectForAllocation done
Event: 1.366 Executing VM operation: HandshakeAllThreads
Event: 1.366 Executing VM operation: HandshakeAllThreads done
Event: 1.404 Executing VM operation: HandshakeAllThreads
Event: 1.404 Executing VM operation: HandshakeAllThreads done
Event: 1.510 Executing VM operation: G1CollectForAllocation
Event: 1.539 Executing VM operation: G1CollectForAllocation done
Event: 1.895 Executing VM operation: HandshakeAllThreads
Event: 1.895 Executing VM operation: HandshakeAllThreads done
Event: 2.134 Executing VM operation: HandshakeAllThreads
Event: 2.134 Executing VM operation: HandshakeAllThreads done
Event: 2.215 Executing VM operation: ICBufferFull
Event: 2.215 Executing VM operation: ICBufferFull done
Event: 2.276 Executing VM operation: G1CollectForAllocation
Event: 2.290 Executing VM operation: G1CollectForAllocation done
Event: 2.438 Executing VM operation: HandshakeAllThreads
Event: 2.438 Executing VM operation: HandshakeAllThreads done

Events (20 events):
Event: 0.039 Thread 0x0000027c9bb638a0 Thread added: 0x0000027c9bb638a0
Event: 0.064 Thread 0x0000027c9fd99500 Thread added: 0x0000027c9fd99500
Event: 0.074 Thread 0x0000027c9fd9bac0 Thread added: 0x0000027c9fd9bac0
Event: 0.074 Thread 0x0000027c9fd9d6a0 Thread added: 0x0000027c9fd9d6a0
Event: 0.087 Loaded shared library C:\Users\rafal\.jdks\openjdk-18.0.2\bin\zip.dll
Event: 0.090 Loaded shared library C:\Users\rafal\.jdks\openjdk-18.0.2\bin\instrument.dll
Event: 0.096 Loaded shared library C:\Users\rafal\.jdks\openjdk-18.0.2\bin\net.dll
Event: 0.098 Loaded shared library C:\Users\rafal\.jdks\openjdk-18.0.2\bin\nio.dll
Event: 0.101 Loaded shared library C:\Users\rafal\.jdks\openjdk-18.0.2\bin\zip.dll
Event: 0.218 Thread 0x0000027ca0376040 Thread added: 0x0000027ca0376040
Event: 0.218 Thread 0x0000027ca03a0100 Thread added: 0x0000027ca03a0100
Event: 0.218 Thread 0x0000027ca03a2750 Thread added: 0x0000027ca03a2750
Event: 0.234 Loaded shared library C:\Users\rafal\.jdks\openjdk-18.0.2\bin\jimage.dll
Event: 0.311 Thread 0x0000027ca03f7810 Thread added: 0x0000027ca03f7810
Event: 0.311 Thread 0x0000027ca03ca0e0 Thread added: 0x0000027ca03ca0e0
Event: 0.311 Thread 0x0000027ca03ca5a0 Thread added: 0x0000027ca03ca5a0
Event: 0.429 Thread 0x0000027ca0453ed0 Thread added: 0x0000027ca0453ed0
Event: 1.418 Thread 0x0000027ca14a0f70 Thread added: 0x0000027ca14a0f70
Event: 1.628 Thread 0x0000027ca1574c40 Thread added: 0x0000027ca1574c40
Event: 1.635 Loaded shared library C:\Users\rafal\.jdks\openjdk-18.0.2\bin\verify.dll


Dynamic libraries:
0x00007ff7d7510000 - 0x00007ff7d751e000 	C:\Users\rafal\.jdks\openjdk-18.0.2\bin\java.EXE
0x00007ffdcea00000 - 0x00007ffdcec09000 	C:\Windows\SYSTEM32\ntdll.dll
0x00007ffdce1a0000 - 0x00007ffdce25d000 	C:\Windows\System32\KERNEL32.DLL
0x00007ffdcc210000 - 0x00007ffdcc594000 	C:\Windows\System32\KERNELBASE.dll
0x00007ffdcbfa0000 - 0x00007ffdcc0b1000 	C:\Windows\System32\ucrtbase.dll
0x00007ffda7b10000 - 0x00007ffda7b27000 	C:\Users\rafal\.jdks\openjdk-18.0.2\bin\jli.dll
0x00007ffd9bdc0000 - 0x00007ffd9bdda000 	C:\Users\rafal\.jdks\openjdk-18.0.2\bin\VCRUNTIME140.dll
0x00007ffdcd920000 - 0x00007ffdcdacd000 	C:\Windows\System32\USER32.dll
0x00007ffdcc0c0000 - 0x00007ffdcc0e6000 	C:\Windows\System32\win32u.dll
0x00007ffdb2300000 - 0x00007ffdb25a5000 	C:\Windows\WinSxS\amd64_microsoft.windows.common-controls_6595b64144ccf1df_6.0.22000.120_none_9d947278b86cc467\COMCTL32.dll
0x00007ffdce260000 - 0x00007ffdce28a000 	C:\Windows\System32\GDI32.dll
0x00007ffdcc0f0000 - 0x00007ffdcc20e000 	C:\Windows\System32\gdi32full.dll
0x00007ffdcc850000 - 0x00007ffdcc8f3000 	C:\Windows\System32\msvcrt.dll
0x00007ffdcbf00000 - 0x00007ffdcbf9d000 	C:\Windows\System32\msvcp_win.dll
0x00007ffdcc9f0000 - 0x00007ffdcca21000 	C:\Windows\System32\IMM32.DLL
0x00007ffda8db0000 - 0x00007ffda8dbc000 	C:\Users\rafal\.jdks\openjdk-18.0.2\bin\vcruntime140_1.dll
0x00007ffd8ec90000 - 0x00007ffd8ed1d000 	C:\Users\rafal\.jdks\openjdk-18.0.2\bin\msvcp140.dll
0x00007ffd48270000 - 0x00007ffd48e81000 	C:\Users\rafal\.jdks\openjdk-18.0.2\bin\server\jvm.dll
0x00007ffdcd030000 - 0x00007ffdcd0de000 	C:\Windows\System32\ADVAPI32.dll
0x00007ffdce100000 - 0x00007ffdce19e000 	C:\Windows\System32\sechost.dll
0x00007ffdcca90000 - 0x00007ffdccbb1000 	C:\Windows\System32\RPCRT4.dll
0x00007ffdccd60000 - 0x00007ffdccd68000 	C:\Windows\System32\PSAPI.DLL
0x00007ffdbb2f0000 - 0x00007ffdbb2f9000 	C:\Windows\SYSTEM32\WSOCK32.dll
0x00007ffdc6790000 - 0x00007ffdc67c3000 	C:\Windows\SYSTEM32\WINMM.dll
0x00007ffdcc900000 - 0x00007ffdcc96f000 	C:\Windows\System32\WS2_32.dll
0x00007ffdc5720000 - 0x00007ffdc572a000 	C:\Windows\SYSTEM32\VERSION.dll
0x00007ffdcaff0000 - 0x00007ffdcb008000 	C:\Windows\SYSTEM32\kernel.appcore.dll
0x00007ffda8d70000 - 0x00007ffda8d7a000 	C:\Users\rafal\.jdks\openjdk-18.0.2\bin\jimage.dll
0x00007ffdbd270000 - 0x00007ffdbd491000 	C:\Windows\SYSTEM32\DBGHELP.DLL
0x00007ffdb1190000 - 0x00007ffdb11c1000 	C:\Windows\SYSTEM32\dbgcore.DLL
0x00007ffdcc5a0000 - 0x00007ffdcc61f000 	C:\Windows\System32\bcryptPrimitives.dll
0x00007ffdc58c0000 - 0x00007ffdc58ce000 	C:\Users\rafal\.jdks\openjdk-18.0.2\bin\instrument.dll
0x00007ffd99050000 - 0x00007ffd99075000 	C:\Users\rafal\.jdks\openjdk-18.0.2\bin\java.dll
0x00007ffd90590000 - 0x00007ffd905cb000 	C:\Users\rafal\.jdks\openjdk-18.0.2\bin\jdwp.dll
0x00007ffd8d2f0000 - 0x00007ffd8d3c6000 	C:\Users\rafal\.jdks\openjdk-18.0.2\bin\jsvml.dll
0x00007ffdcd0e0000 - 0x00007ffdcd8a5000 	C:\Windows\System32\SHELL32.dll
0x00007ffdc9f70000 - 0x00007ffdca7d2000 	C:\Windows\SYSTEM32\windows.storage.dll
0x00007ffdcdd80000 - 0x00007ffdce0f6000 	C:\Windows\System32\combase.dll
0x00007ffdc9e00000 - 0x00007ffdc9f67000 	C:\Windows\SYSTEM32\wintypes.dll
0x00007ffdcdc90000 - 0x00007ffdcdd7a000 	C:\Windows\System32\SHCORE.dll
0x00007ffdcc970000 - 0x00007ffdcc9cd000 	C:\Windows\System32\shlwapi.dll
0x00007ffdcbdc0000 - 0x00007ffdcbde5000 	C:\Windows\SYSTEM32\profapi.dll
0x00007ffd95480000 - 0x00007ffd95498000 	C:\Users\rafal\.jdks\openjdk-18.0.2\bin\zip.dll
0x00007ffd95eb0000 - 0x00007ffd95ec3000 	C:\Users\rafal\.jdks\openjdk-18.0.2\bin\net.dll
0x00007ffdc59a0000 - 0x00007ffdc5ab4000 	C:\Windows\SYSTEM32\WINHTTP.dll
0x00007ffdcb4a0000 - 0x00007ffdcb507000 	C:\Windows\system32\mswsock.dll
0x00007ffd95e90000 - 0x00007ffd95ea6000 	C:\Users\rafal\.jdks\openjdk-18.0.2\bin\nio.dll
0x00007ffdbea80000 - 0x00007ffdbea8c000 	C:\Users\rafal\.jdks\openjdk-18.0.2\bin\dt_socket.dll
0x00007ffdcab10000 - 0x00007ffdcab3d000 	C:\Windows\SYSTEM32\IPHLPAPI.DLL
0x00007ffdcab80000 - 0x00007ffdcac67000 	C:\Windows\SYSTEM32\DNSAPI.dll
0x00007ffdccd50000 - 0x00007ffdccd59000 	C:\Windows\System32\NSI.dll
0x00007ffdc0510000 - 0x00007ffdc051a000 	C:\Windows\System32\rasadhlp.dll
0x00007ffdc4a60000 - 0x00007ffdc4ae1000 	C:\Windows\System32\fwpuclnt.dll
0x00007ffda8180000 - 0x00007ffda8190000 	C:\Users\rafal\.jdks\openjdk-18.0.2\bin\verify.dll

dbghelp: loaded successfully - version: 4.0.5 - missing functions: none
symbol engine: initialized successfully - sym options: 0x614 - pdb path: .;C:\Users\rafal\.jdks\openjdk-18.0.2\bin;C:\Windows\SYSTEM32;C:\Windows\WinSxS\amd64_microsoft.windows.common-controls_6595b64144ccf1df_6.0.22000.120_none_9d947278b86cc467;C:\Users\rafal\.jdks\openjdk-18.0.2\bin\server

VM Arguments:
jvm_args: -Dquarkus-internal.serialized-app-model.path=D:\Dev\Portfolio\quarkus_social\quarkus_social\target\quarkus\bootstrap\dev-app-model.dat -javaagent:C:\Users\rafal\.m2\repository\io\quarkus\quarkus-class-change-agent\3.6.7\quarkus-class-change-agent-3.6.7.jar -XX:TieredStopAtLevel=1 -agentlib:jdwp=transport=dt_socket,address=localhost:5005,server=y,suspend=n -Djava.util.logging.manager=org.jboss.logmanager.LogManager 
java_command: D:\Dev\Portfolio\quarkus_social\quarkus_social\target\quarkus_social-dev.jar
java_class_path (initial): D:\Dev\Portfolio\quarkus_social\quarkus_social\target\quarkus_social-dev.jar
Launcher Type: SUN_STANDARD

[Global flags]
     intx CICompilerCount                          = 4                                         {product} {ergonomic}
     uint ConcGCThreads                            = 2                                         {product} {ergonomic}
     uint G1ConcRefinementThreads                  = 8                                         {product} {ergonomic}
   size_t G1HeapRegionSize                         = 2097152                                   {product} {ergonomic}
    uintx GCDrainStackTargetSize                   = 64                                        {product} {ergonomic}
   size_t InitialHeapSize                          = 201326592                                 {product} {ergonomic}
   size_t MarkStackSize                            = 4194304                                   {product} {ergonomic}
   size_t MaxHeapSize                              = 3198156800                                {product} {ergonomic}
   size_t MaxNewSize                               = 1918894080                                {product} {ergonomic}
   size_t MinHeapDeltaBytes                        = 2097152                                   {product} {ergonomic}
   size_t MinHeapSize                              = 8388608                                   {product} {ergonomic}
    uintx NonProfiledCodeHeapSize                  = 0                                      {pd product} {ergonomic}
     bool ProfileInterpreter                       = false                                  {pd product} {command line}
    uintx ProfiledCodeHeapSize                     = 0                                      {pd product} {ergonomic}
   size_t SoftMaxHeapSize                          = 3198156800                             {manageable} {ergonomic}
     intx TieredStopAtLevel                        = 1                                         {product} {command line}
     bool UseCompressedClassPointers               = true                           {product lp64_product} {ergonomic}
     bool UseCompressedOops                        = true                           {product lp64_product} {ergonomic}
     bool UseG1GC                                  = true                                      {product} {ergonomic}
     bool UseLargePagesIndividualAllocation        = false                                  {pd product} {ergonomic}

Logging:
Log output configuration:
 #0: stdout all=warning uptime,level,tags foldmultilines=false
 #1: stderr all=off uptime,level,tags foldmultilines=false

Environment Variables:
JAVA_HOME=C:\Program Files\Java\jdk-11
PATH=C:\Program Files\Common Files\Oracle\Java\javapath;C:\ProgramData\Oracle\Java\javapath;C:\Program Files (x86)\Common Files\Oracle\Java\javapath;C:\Windows\system32;C:\Windows;C:\Windows\System32\Wbem;C:\Windows\System32\WindowsPowerShell\v1.0\;C:\Windows\System32\OpenSSH\;C:\Program Files\dotnet\;C:\Program Files\Git\cmd;C:\Program Files\Microsoft SQL Server\Client SDK\ODBC\170\Tools\Binn\;C:\Program Files\Microsoft SQL Server\120\Tools\Binn\;C:\Program Files\Common Files\Autodesk Shared\;C:\Program Files (x86)\NVIDIA Corporation\PhysX\Common;C:\Program Files\NVIDIA Corporation\NVIDIA NvDLISR;C:\Program Files\nodejs\;C:\ffmpeg\bin;C:\Program Files\Java\jdk-11\bin;C:\Program Files\dev\apache-maven-3.9.6\bin;C:\Users\rafal\AppData\Local\Microsoft\WindowsApps;;C:\Users\rafal\AppData\Local\Programs\Microsoft VS Code\bin;C:\Users\rafal\.dotnet\tools;C:\Users\rafal\AppData\Roaming\npm
USERNAME=rafal
OS=Windows_NT
PROCESSOR_IDENTIFIER=Intel64 Family 6 Model 142 Stepping 10, GenuineIntel



---------------  S Y S T E M  ---------------

OS:
 Windows 11 , 64 bit Build 22000 (10.0.22000.2538)
OS uptime: 19 days 14:45 hours

CPU: total 8 (initial active 8) (4 cores per cpu, 2 threads per core) family 6 model 142 stepping 10 microcode 0xea, cx8, cmov, fxsr, ht, mmx, 3dnowpref, sse, sse2, sse3, ssse3, sse4.1, sse4.2, popcnt, lzcnt, tsc, tscinvbit, avx, avx2, aes, erms, clmul, bmi1, bmi2, adx, fma, vzeroupper, clflush, clflushopt

Memory: 4k page, system-wide physical 12197M (738M free)
TotalPageFile size 16293M (AvailPageFile size 4M)
current process WorkingSet (physical memory assigned to process): 193M, peak: 193M
current process commit charge ("private bytes"): 442M, peak: 442M

vm_info: OpenJDK 64-Bit Server VM (18.0.2+9-61) for windows-amd64 JRE (18.0.2+9-61), built on Jun  7 2022 13:05:59 by "mach5one" with MS VC++ 16.8 / 16.9 (VS2019)

END.
